#
# There is insufficient memory for the Java Runtime Environment to continue.
# Native memory allocation (malloc) failed to allocate 86416 bytes for Chunk::new
# Possible reasons:
#   The system is out of physical RAM or swap space
#   In 32 bit mode, the process size limit was hit
# Possible solutions:
#   Reduce memory load on the system
#   Increase physical memory or swap space
#   Check if swap backing store is full
#   Use 64 bit Java on a 64 bit OS
#   Decrease Java heap size (-Xmx/-Xms)
#   Decrease number of Java threads
#   Decrease Java thread stack sizes (-Xss)
#   Set larger code cache with -XX:ReservedCodeCacheSize=
# This output file may be truncated or incomplete.
#
#  Out of Memory Error (allocation.cpp:390), pid=14620, tid=0x00000000000022a4
#
# JRE version: Java(TM) SE Runtime Environment (8.0_92-b14) (build 1.8.0_92-b14)
# Java VM: Java HotSpot(TM) 64-Bit Server VM (25.92-b14 mixed mode windows-amd64 compressed oops)
# Failed to write core dump. Minidumps are not enabled by default on client versions of Windows
#

---------------  T H R E A D  ---------------

Current thread (0x0000000015a0e800):  JavaThread "C2 CompilerThread1" daemon [_thread_in_native, id=8868, stack(0x0000000017460000,0x0000000017560000)]

Stack: [0x0000000017460000,0x0000000017560000]
[error occurred during error reporting (printing stack bounds), id 0xc0000005]

Native frames: (J=compiled Java code, j=interpreted, Vv=VM code, C=native code)


Current CompileTask:
C2:6425107 22148       4       org.gradle.internal.concurrent.CompositeStoppable::add (43 bytes)


---------------  P R O C E S S  ---------------

Java Threads: ( => current thread )
  0x000000001cba3800 JavaThread "Forward streams with process: command 'D:\Program Files\Java\jdk1.8.0_92\bin\java.exe' Thread 3" [_thread_new, id=4788, stack(0x0000000000000000,0x0000000000000000)]
  0x000000001cba2000 JavaThread "Forward streams with process: command 'D:\Program Files\Java\jdk1.8.0_92\bin\java.exe' Thread 2" [_thread_new, id=4584, stack(0x0000000000000000,0x0000000000000000)]
  0x000000001cb99000 JavaThread "Forward streams with process: command 'D:\Program Files\Java\jdk1.8.0_92\bin\java.exe'" [_thread_blocked, id=7760, stack(0x0000000055590000,0x0000000055690000)]
  0x0000000018899800 JavaThread "Run command 'D:\Program Files\Java\jdk1.8.0_92\bin\java.exe'" [_thread_in_native, id=5488, stack(0x0000000055390000,0x0000000055490000)]
  0x0000000018898800 JavaThread "Forward streams with process: command 'D:\Program Files\Java\jdk1.8.0_92\bin\java.exe' Thread 3" [_thread_in_native, id=19492, stack(0x0000000055290000,0x0000000055390000)]
  0x000000001cba2800 JavaThread "Forward streams with process: command 'D:\Program Files\Java\jdk1.8.0_92\bin\java.exe' Thread 2" [_thread_in_native, id=6336, stack(0x0000000055190000,0x0000000055290000)]
  0x000000001cba5000 JavaThread "Forward streams with process: command 'D:\Program Files\Java\jdk1.8.0_92\bin\java.exe'" [_thread_blocked, id=18480, stack(0x0000000055090000,0x0000000055190000)]
  0x000000001cba8000 JavaThread "Forward streams with process: command 'D:\Program Files\Java\jdk1.8.0_92\bin\java.exe' Thread 3" [_thread_in_native, id=18780, stack(0x0000000054e90000,0x0000000054f90000)]
  0x000000001cb9b000 JavaThread "Forward streams with process: command 'D:\Program Files\Java\jdk1.8.0_92\bin\java.exe' Thread 2" [_thread_in_native, id=15816, stack(0x0000000054d90000,0x0000000054e90000)]
  0x000000001cba1000 JavaThread "Forward streams with process: command 'D:\Program Files\Java\jdk1.8.0_92\bin\java.exe'" [_thread_blocked, id=17232, stack(0x0000000054c90000,0x0000000054d90000)]
  0x000000001cb99800 JavaThread "Run command 'D:\Program Files\Java\jdk1.8.0_92\bin\java.exe'" [_thread_in_native, id=16940, stack(0x0000000054a90000,0x0000000054b90000)]
  0x000000001cb9c800 JavaThread "Run command 'D:\Program Files\Java\jdk1.8.0_92\bin\java.exe'" [_thread_in_native, id=1900, stack(0x0000000054990000,0x0000000054a90000)]
  0x000000001cba0800 JavaThread "Forward streams with process: command 'D:\Program Files\Java\jdk1.8.0_92\bin\java.exe' Thread 3" [_thread_in_native, id=4912, stack(0x0000000053f90000,0x0000000054090000)]
  0x000000001cba7000 JavaThread "Forward streams with process: command 'D:\Program Files\Java\jdk1.8.0_92\bin\java.exe' Thread 2" [_thread_in_native, id=8484, stack(0x0000000053e90000,0x0000000053f90000)]
  0x000000001cba6800 JavaThread "Forward streams with process: command 'D:\Program Files\Java\jdk1.8.0_92\bin\java.exe'" [_thread_blocked, id=16424, stack(0x0000000053d90000,0x0000000053e90000)]
  0x000000001cb9f000 JavaThread "Run command 'D:\Program Files\Java\jdk1.8.0_92\bin\java.exe'" [_thread_in_native, id=17656, stack(0x0000000053290000,0x0000000053390000)]
  0x0000000018898000 JavaThread "pool-37-thread-4" [_thread_blocked, id=12100, stack(0x000000004ce90000,0x000000004cf90000)]
  0x00000000186cc000 JavaThread "pool-37-thread-3" [_thread_blocked, id=1892, stack(0x000000004cd90000,0x000000004ce90000)]
  0x00000000186cb000 JavaThread "pool-37-thread-2" [_thread_blocked, id=20184, stack(0x000000004cc90000,0x000000004cd90000)]
  0x00000000186d0800 JavaThread "pool-37-thread-1" [_thread_blocked, id=1456, stack(0x000000004cb90000,0x000000004cc90000)]
  0x00000000186c2000 JavaThread "Stdin handler" [_thread_blocked, id=12676, stack(0x000000004ca90000,0x000000004cb90000)]
  0x00000000186c6000 JavaThread "Asynchronous log dispatcher for org.gradle.launcher.daemon.server.DefaultDaemonConnection@2fa3b853" [_thread_blocked, id=5984, stack(0x000000004c990000,0x000000004ca90000)]
  0x00000000186c5000 JavaThread "Cancel handler" [_thread_blocked, id=18544, stack(0x000000004c890000,0x000000004c990000)]
  0x00000000186c9000 JavaThread "Handler for socket connection from /127.0.0.1:20326 to /127.0.0.1:65230" [_thread_in_native, id=13732, stack(0x000000004c790000,0x000000004c890000)]
  0x0000000018896800 JavaThread "Daemon worker Thread 15" [_thread_blocked, id=12112, stack(0x000000004ab90000,0x000000004ac90000)]
  0x0000000018895800 JavaThread "Daemon Thread 15" [_thread_blocked, id=11328, stack(0x000000004a890000,0x000000004a990000)]
  0x00000000186c3800 JavaThread "pool-7-thread-4" [_thread_blocked, id=16388, stack(0x0000000023c90000,0x0000000023d90000)]
  0x0000000018895000 JavaThread "pool-7-thread-3" [_thread_blocked, id=19144, stack(0x0000000022090000,0x0000000022190000)]
  0x0000000018893800 JavaThread "pool-7-thread-2" [_thread_blocked, id=8008, stack(0x0000000021f90000,0x0000000022090000)]
  0x000000001889a000 JavaThread "pool-7-thread-1" [_thread_blocked, id=4656, stack(0x0000000021e90000,0x0000000021f90000)]
  0x0000000018897000 JavaThread "File lock request listener" [_thread_in_native, id=12124, stack(0x000000001eec0000,0x000000001efc0000)]
  0x0000000018515000 JavaThread "Incoming local TCP Connector on port 20326" [_thread_in_native, id=1628, stack(0x0000000019240000,0x0000000019340000)]
  0x000000001895b800 JavaThread "pool-1-thread-1" [_thread_blocked, id=8128, stack(0x0000000019140000,0x0000000019240000)]
  0x00000000170fa000 JavaThread "Service Thread" daemon [_thread_blocked, id=15384, stack(0x0000000017660000,0x0000000017760000)]
  0x0000000017062800 JavaThread "C1 CompilerThread2" daemon [_thread_blocked, id=2480, stack(0x0000000017560000,0x0000000017660000)]
=>0x0000000015a0e800 JavaThread "C2 CompilerThread1" daemon [_thread_in_native, id=8868, stack(0x0000000017460000,0x0000000017560000)]
  0x0000000015a0b800 JavaThread "C2 CompilerThread0" daemon [_thread_blocked, id=5640, stack(0x0000000016f60000,0x0000000017060000)]
  0x0000000015a0a000 JavaThread "Attach Listener" daemon [_thread_blocked, id=10900, stack(0x0000000016e60000,0x0000000016f60000)]
  0x00000000159bd800 JavaThread "Signal Dispatcher" daemon [_thread_blocked, id=14932, stack(0x0000000016d60000,0x0000000016e60000)]
  0x000000001599a800 JavaThread "Finalizer" daemon [_thread_blocked, id=11252, stack(0x0000000016c00000,0x0000000016d00000)]
  0x0000000015979000 JavaThread "Reference Handler" daemon [_thread_blocked, id=18592, stack(0x0000000016b00000,0x0000000016c00000)]
  0x00000000032de000 JavaThread "main" [_thread_blocked, id=10752, stack(0x0000000001620000,0x0000000001720000)]

Other Threads:
  0x0000000015977800 VMThread [stack: 0x0000000016a00000,0x0000000016b00000] [id=8372]
  0x000000001711c000 WatcherThread [stack: 0x0000000017760000,0x0000000017860000] [id=12408]

VM state:not at safepoint (normal execution)

VM Mutex/Monitor currently owned by a thread: None

Heap:
 PSYoungGen      total 329728K, used 157924K [0x00000000eab00000, 0x0000000100000000, 0x0000000100000000)
  eden space 312320K, 44% used [0x00000000eab00000,0x00000000f343fac0,0x00000000fdc00000)
  from space 17408K, 99% used [0x00000000fdc00000,0x00000000fecf97b0,0x00000000fed00000)
  to   space 19456K, 0% used [0x00000000fed00000,0x00000000fed00000,0x0000000100000000)
 ParOldGen       total 99840K, used 42917K [0x00000000c0000000, 0x00000000c6180000, 0x00000000eab00000)
  object space 99840K, 42% used [0x00000000c0000000,0x00000000c29e97b8,0x00000000c6180000)
 Metaspace       used 82524K, capacity 87310K, committed 87680K, reserved 1126400K
  class space    used 10132K, capacity 10748K, committed 10880K, reserved 1048576K

Card table byte_map: [0x00000000126a0000,0x00000000128b0000] byte_map_base: 0x00000000120a0000

Marking Bits: (ParMarkBitMap*) 0x000000006f4b64f0
 Begin Bits: [0x0000000012e10000, 0x0000000013e10000)
 End Bits:   [0x0000000013e10000, 0x0000000014e10000)

Polling page: 0x0000000001100000

CodeCache: size=245760Kb used=65823Kb max_used=65866Kb free=179936Kb
 bounds [0x00000000032e0000, 0x0000000007390000, 0x00000000122e0000]
 total_blobs=17770 nmethods=16965 adapters=715
 compilation: enabled

Compilation events (10 events):
Event: 6403.358 Thread 0x0000000015a0b800 nmethod 22104 0x0000000007372d50 code [0x00000000073732e0, 0x000000000737bda0]
Event: 6408.805 Thread 0x0000000017062800 22144       3       org.gradle.internal.jvm.Jvm::current (38 bytes)
Event: 6408.806 Thread 0x0000000017062800 nmethod 22144 0x0000000007364910 code [0x0000000007364aa0, 0x0000000007365088]
Event: 6413.496 Thread 0x0000000017062800 22145       1       org.gradle.util.DisconnectableInputStream::access$100 (5 bytes)
Event: 6413.496 Thread 0x0000000017062800 nmethod 22145 0x0000000003538050 code [0x00000000035381a0, 0x0000000003538290]
Event: 6417.440 Thread 0x0000000017062800 22146       3       com.android.ide.common.process.ProcessInfoBuilder::addArgs (13 bytes)
Event: 6417.441 Thread 0x0000000017062800 nmethod 22146 0x0000000003771e50 code [0x0000000003771fc0, 0x00000000037721e8]
Event: 6423.415 Thread 0x0000000015a0b800 22147       4       java.io.BufferedInputStream::read1 (108 bytes)
Event: 6423.430 Thread 0x0000000015a0b800 nmethod 22147 0x0000000007370390 code [0x0000000007370500, 0x0000000007370b38]
Event: 6423.469 Thread 0x0000000015a0e800 22148       4       org.gradle.internal.concurrent.CompositeStoppable::add (43 bytes)

GC Heap History (10 events):
Event: 6352.219 GC heap before
{Heap before GC invocations=58 (full 16):
 PSYoungGen      total 310784K, used 304640K [0x00000000eab00000, 0x00000000ff980000, 0x0000000100000000)
  eden space 304640K, 100% used [0x00000000eab00000,0x00000000fd480000,0x00000000fd480000)
  from space 6144K, 0% used [0x00000000fd480000,0x00000000fd480000,0x00000000fda80000)
  to   space 18944K, 0% used [0x00000000fe700000,0x00000000fe700000,0x00000000ff980000)
 ParOldGen       total 99840K, used 37484K [0x00000000c0000000, 0x00000000c6180000, 0x00000000eab00000)
  object space 99840K, 37% used [0x00000000c0000000,0x00000000c249b010,0x00000000c6180000)
 Metaspace       used 71785K, capacity 76456K, committed 76672K, reserved 1116160K
  class space    used 9119K, capacity 9711K, committed 9856K, reserved 1048576K
Event: 6352.417 GC heap after
Heap after GC invocations=58 (full 16):
 PSYoungGen      total 323584K, used 10575K [0x00000000eab00000, 0x0000000100000000, 0x0000000100000000)
  eden space 304640K, 0% used [0x00000000eab00000,0x00000000eab00000,0x00000000fd480000)
  from space 18944K, 55% used [0x00000000fe700000,0x00000000ff153fe8,0x00000000ff980000)
  to   space 18944K, 0% used [0x00000000fd480000,0x00000000fd480000,0x00000000fe700000)
 ParOldGen       total 99840K, used 37492K [0x00000000c0000000, 0x00000000c6180000, 0x00000000eab00000)
  object space 99840K, 37% used [0x00000000c0000000,0x00000000c249d010,0x00000000c6180000)
 Metaspace       used 71785K, capacity 76456K, committed 76672K, reserved 1116160K
  class space    used 9119K, capacity 9711K, committed 9856K, reserved 1048576K
}
Event: 6353.228 GC heap before
{Heap before GC invocations=59 (full 16):
 PSYoungGen      total 323584K, used 90500K [0x00000000eab00000, 0x0000000100000000, 0x0000000100000000)
  eden space 304640K, 26% used [0x00000000eab00000,0x00000000ef90d1f8,0x00000000fd480000)
  from space 18944K, 55% used [0x00000000fe700000,0x00000000ff153fe8,0x00000000ff980000)
  to   space 18944K, 0% used [0x00000000fd480000,0x00000000fd480000,0x00000000fe700000)
 ParOldGen       total 99840K, used 37492K [0x00000000c0000000, 0x00000000c6180000, 0x00000000eab00000)
  object space 99840K, 37% used [0x00000000c0000000,0x00000000c249d010,0x00000000c6180000)
 Metaspace       used 71793K, capacity 76526K, committed 76672K, reserved 1116160K
  class space    used 9120K, capacity 9712K, committed 9856K, reserved 1048576K
Event: 6353.277 GC heap after
Heap after GC invocations=59 (full 16):
 PSYoungGen      total 323584K, used 6130K [0x00000000eab00000, 0x0000000100000000, 0x0000000100000000)
  eden space 304640K, 0% used [0x00000000eab00000,0x00000000eab00000,0x00000000fd480000)
  from space 18944K, 32% used [0x00000000fd480000,0x00000000fda7cb18,0x00000000fe700000)
  to   space 17920K, 0% used [0x00000000fee80000,0x00000000fee80000,0x0000000100000000)
 ParOldGen       total 99840K, used 37500K [0x00000000c0000000, 0x00000000c6180000, 0x00000000eab00000)
  object space 99840K, 37% used [0x00000000c0000000,0x00000000c249f010,0x00000000c6180000)
 Metaspace       used 71793K, capacity 76526K, committed 76672K, reserved 1116160K
  class space    used 9120K, capacity 9712K, committed 9856K, reserved 1048576K
}
Event: 6353.277 GC heap before
{Heap before GC invocations=60 (full 17):
 PSYoungGen      total 323584K, used 6130K [0x00000000eab00000, 0x0000000100000000, 0x0000000100000000)
  eden space 304640K, 0% used [0x00000000eab00000,0x00000000eab00000,0x00000000fd480000)
  from space 18944K, 32% used [0x00000000fd480000,0x00000000fda7cb18,0x00000000fe700000)
  to   space 17920K, 0% used [0x00000000fee80000,0x00000000fee80000,0x0000000100000000)
 ParOldGen       total 99840K, used 37500K [0x00000000c0000000, 0x00000000c6180000, 0x00000000eab00000)
  object space 99840K, 37% used [0x00000000c0000000,0x00000000c249f010,0x00000000c6180000)
 Metaspace       used 71793K, capacity 76526K, committed 76672K, reserved 1116160K
  class space    used 9120K, capacity 9712K, committed 9856K, reserved 1048576K
Event: 6354.520 GC heap after
Heap after GC invocations=60 (full 17):
 PSYoungGen      total 323584K, used 0K [0x00000000eab00000, 0x0000000100000000, 0x0000000100000000)
  eden space 304640K, 0% used [0x00000000eab00000,0x00000000eab00000,0x00000000fd480000)
  from space 18944K, 0% used [0x00000000fd480000,0x00000000fd480000,0x00000000fe700000)
  to   space 17920K, 0% used [0x00000000fee80000,0x00000000fee80000,0x0000000100000000)
 ParOldGen       total 99840K, used 37623K [0x00000000c0000000, 0x00000000c6180000, 0x00000000eab00000)
  object space 99840K, 37% used [0x00000000c0000000,0x00000000c24bde88,0x00000000c6180000)
 Metaspace       used 71740K, capacity 76350K, committed 76672K, reserved 1116160K
  class space    used 9106K, capacity 9696K, committed 9856K, reserved 1048576K
}
Event: 6393.315 GC heap before
{Heap before GC invocations=61 (full 17):
 PSYoungGen      total 323584K, used 304640K [0x00000000eab00000, 0x0000000100000000, 0x0000000100000000)
  eden space 304640K, 100% used [0x00000000eab00000,0x00000000fd480000,0x00000000fd480000)
  from space 18944K, 0% used [0x00000000fd480000,0x00000000fd480000,0x00000000fe700000)
  to   space 17920K, 0% used [0x00000000fee80000,0x00000000fee80000,0x0000000100000000)
 ParOldGen       total 99840K, used 37623K [0x00000000c0000000, 0x00000000c6180000, 0x00000000eab00000)
  object space 99840K, 37% used [0x00000000c0000000,0x00000000c24bde88,0x00000000c6180000)
 Metaspace       used 71964K, capacity 76702K, committed 76928K, reserved 1116160K
  class space    used 9120K, capacity 9706K, committed 9856K, reserved 1048576K
Event: 6393.375 GC heap after
Heap after GC invocations=61 (full 17):
 PSYoungGen      total 328192K, used 8384K [0x00000000eab00000, 0x00000000ffe00000, 0x0000000100000000)
  eden space 312320K, 0% used [0x00000000eab00000,0x00000000eab00000,0x00000000fdc00000)
  from space 15872K, 52% used [0x00000000fee80000,0x00000000ff6b0000,0x00000000ffe00000)
  to   space 17408K, 0% used [0x00000000fdc00000,0x00000000fdc00000,0x00000000fed00000)
 ParOldGen       total 99840K, used 37631K [0x00000000c0000000, 0x00000000c6180000, 0x00000000eab00000)
  object space 99840K, 37% used [0x00000000c0000000,0x00000000c24bfe88,0x00000000c6180000)
 Metaspace       used 71964K, capacity 76702K, committed 76928K, reserved 1116160K
  class space    used 9120K, capacity 9706K, committed 9856K, reserved 1048576K
}
Event: 6400.858 GC heap before
{Heap before GC invocations=62 (full 17):
 PSYoungGen      total 328192K, used 320704K [0x00000000eab00000, 0x00000000ffe00000, 0x0000000100000000)
  eden space 312320K, 100% used [0x00000000eab00000,0x00000000fdc00000,0x00000000fdc00000)
  from space 15872K, 52% used [0x00000000fee80000,0x00000000ff6b0000,0x00000000ffe00000)
  to   space 17408K, 0% used [0x00000000fdc00000,0x00000000fdc00000,0x00000000fed00000)
 ParOldGen       total 99840K, used 37631K [0x00000000c0000000, 0x00000000c6180000, 0x00000000eab00000)
  object space 99840K, 37% used [0x00000000c0000000,0x00000000c24bfe88,0x00000000c6180000)
 Metaspace       used 82450K, capacity 87228K, committed 87680K, reserved 1126400K
  class space    used 10131K, capacity 10745K, committed 10880K, reserved 1048576K
Event: 6401.010 GC heap after
Heap after GC invocations=62 (full 17):
 PSYoungGen      total 329728K, used 17381K [0x00000000eab00000, 0x0000000100000000, 0x0000000100000000)
  eden space 312320K, 0% used [0x00000000eab00000,0x00000000eab00000,0x00000000fdc00000)
  from space 17408K, 99% used [0x00000000fdc00000,0x00000000fecf97b0,0x00000000fed00000)
  to   space 19456K, 0% used [0x00000000fed00000,0x00000000fed00000,0x0000000100000000)
 ParOldGen       total 99840K, used 42917K [0x00000000c0000000, 0x00000000c6180000, 0x00000000eab00000)
  object space 99840K, 42% used [0x00000000c0000000,0x00000000c29e97b8,0x00000000c6180000)
 Metaspace       used 82450K, capacity 87228K, committed 87680K, reserved 1126400K
  class space    used 10131K, capacity 10745K, committed 10880K, reserved 1048576K
}

Deoptimization events (10 events):
Event: 6403.128 Thread 0x0000000018896800 Uncommon trap: reason=class_check action=maybe_recompile pc=0x0000000005890b8c method=com.google.common.collect.AbstractMapBasedMultimap$KeySet$1.hasNext()Z @ 4
Event: 6403.128 Thread 0x0000000018896800 Uncommon trap: reason=class_check action=maybe_recompile pc=0x000000000589c540 method=com.google.common.collect.AbstractMapBasedMultimap$KeySet$1.next()Ljava/lang/Object; @ 5
Event: 6403.128 Thread 0x0000000018896800 Uncommon trap: reason=class_check action=maybe_recompile pc=0x00000000047c151c method=com.google.common.collect.AbstractMapBasedMultimap$WrappedCollection.refreshIfEmpty()V @ 59
Event: 6403.129 Thread 0x0000000018896800 Uncommon trap: reason=class_check action=maybe_recompile pc=0x00000000047c151c method=com.google.common.collect.AbstractMapBasedMultimap$WrappedCollection.refreshIfEmpty()V @ 59
Event: 6403.129 Thread 0x0000000018896800 Uncommon trap: reason=class_check action=maybe_recompile pc=0x0000000005890b8c method=com.google.common.collect.AbstractMapBasedMultimap$KeySet$1.hasNext()Z @ 4
Event: 6403.129 Thread 0x0000000018896800 Uncommon trap: reason=class_check action=maybe_recompile pc=0x000000000589c540 method=com.google.common.collect.AbstractMapBasedMultimap$KeySet$1.next()Ljava/lang/Object; @ 5
Event: 6403.129 Thread 0x0000000018896800 Uncommon trap: reason=class_check action=maybe_recompile pc=0x00000000047bdaa0 method=com.google.common.collect.AbstractMapBasedMultimap$WrappedCollection.refreshIfEmpty()V @ 59
Event: 6403.136 Thread 0x0000000018896800 Uncommon trap: reason=bimorphic action=maybe_recompile pc=0x0000000005e42bd4 method=java.io.BufferedWriter.flushBuffer()V @ 34
Event: 6403.147 Thread 0x0000000018896800 Uncommon trap: reason=unstable_if action=reinterpret pc=0x000000000363cf68 method=java.util.Properties.loadConvert([CII[C)Ljava/lang/String; @ 445
Event: 6403.149 Thread 0x0000000018896800 Uncommon trap: reason=bimorphic action=maybe_recompile pc=0x0000000005e42bd4 method=java.io.BufferedWriter.flushBuffer()V @ 34

Internal exceptions (10 events):
Event: 6397.081 Thread 0x0000000018896800 Exception <a 'java/lang/ArrayIndexOutOfBoundsException'> (0x00000000f4ccd090) thrown at [D:\re\workspace\8-2-build-windows-amd64-cygwin\jdk8u92\6642\hotspot\src\share\vm\runtime\sharedRuntime.cpp, line 605]
Event: 6397.082 Thread 0x0000000018896800 Exception <a 'java/lang/ArrayIndexOutOfBoundsException'> (0x00000000f4ccf3b8) thrown at [D:\re\workspace\8-2-build-windows-amd64-cygwin\jdk8u92\6642\hotspot\src\share\vm\runtime\sharedRuntime.cpp, line 605]
Event: 6397.083 Thread 0x0000000018896800 Exception <a 'java/lang/ArrayIndexOutOfBoundsException'> (0x00000000f4cd2880) thrown at [D:\re\workspace\8-2-build-windows-amd64-cygwin\jdk8u92\6642\hotspot\src\share\vm\runtime\sharedRuntime.cpp, line 605]
Event: 6397.097 Thread 0x0000000018896800 Exception <a 'java/lang/ArrayIndexOutOfBoundsException'> (0x00000000f4cf79d8) thrown at [D:\re\workspace\8-2-build-windows-amd64-cygwin\jdk8u92\6642\hotspot\src\share\vm\runtime\sharedRuntime.cpp, line 605]
Event: 6397.154 Thread 0x0000000018896800 Exception <a 'java/lang/ArrayIndexOutOfBoundsException'> (0x00000000f4d8dbd0) thrown at [D:\re\workspace\8-2-build-windows-amd64-cygwin\jdk8u92\6642\hotspot\src\share\vm\runtime\sharedRuntime.cpp, line 605]
Event: 6397.182 Thread 0x0000000018896800 Exception <a 'java/lang/ArrayIndexOutOfBoundsException'> (0x00000000f4e05df0) thrown at [D:\re\workspace\8-2-build-windows-amd64-cygwin\jdk8u92\6642\hotspot\src\share\vm\runtime\sharedRuntime.cpp, line 605]
Event: 6397.184 Thread 0x0000000018896800 Exception <a 'java/lang/ArrayIndexOutOfBoundsException'> (0x00000000f4e0de60) thrown at [D:\re\workspace\8-2-build-windows-amd64-cygwin\jdk8u92\6642\hotspot\src\share\vm\runtime\sharedRuntime.cpp, line 605]
Event: 6397.261 Thread 0x0000000018896800 Exception <a 'java/lang/ArrayIndexOutOfBoundsException'> (0x00000000f50214c8) thrown at [D:\re\workspace\8-2-build-windows-amd64-cygwin\jdk8u92\6642\hotspot\src\share\vm\runtime\sharedRuntime.cpp, line 605]
Event: 6397.262 Thread 0x0000000018896800 Exception <a 'java/lang/ArrayIndexOutOfBoundsException'> (0x00000000f5031178) thrown at [D:\re\workspace\8-2-build-windows-amd64-cygwin\jdk8u92\6642\hotspot\src\share\vm\runtime\sharedRuntime.cpp, line 605]
Event: 6397.262 Thread 0x0000000018896800 Exception <a 'java/lang/ArrayIndexOutOfBoundsException'> (0x00000000f5032630) thrown at [D:\re\workspace\8-2-build-windows-amd64-cygwin\jdk8u92\6642\hotspot\src\share\vm\runtime\sharedRuntime.cpp, line 605]

Events (10 events):
Event: 6417.437 Thread 0x000000001cba4000 Thread exited: 0x000000001cba4000
Event: 6417.437 Thread 0x000000001cb9f800 Thread exited: 0x000000001cb9f800
Event: 6417.437 Thread 0x000000001cba3800 Thread exited: 0x000000001cba3800
Event: 6417.441 Thread 0x0000000018899800 Thread added: 0x0000000018899800
Event: 6417.451 Thread 0x0000000017062800 flushing nmethod 0x0000000003a39310
Event: 6417.856 Thread 0x000000001cb9f800 Thread added: 0x000000001cb9f800
Event: 6417.856 Thread 0x000000001cb99000 Thread added: 0x000000001cb99000
Event: 6417.856 Thread 0x000000001cba2000 Thread added: 0x000000001cba2000
Event: 6417.856 Thread 0x000000001cba3800 Thread added: 0x000000001cba3800
Event: 6420.113 Thread 0x000000001cb9f800 Thread exited: 0x000000001cb9f800


Dynamic libraries:
0x00007ff6eca20000 - 0x00007ff6eca57000 	D:\Program Files\Java\jdk1.8.0_92\bin\java.exe
0x00007ffdddd70000 - 0x00007ffdddf31000 	C:\windows\SYSTEM32\ntdll.dll
0x00007ffddb400000 - 0x00007ffddb4ad000 	C:\windows\system32\KERNEL32.DLL
0x00007ffddad50000 - 0x00007ffddaf38000 	C:\windows\system32\KERNELBASE.dll
0x00007ffddcc80000 - 0x00007ffddcd27000 	C:\windows\system32\ADVAPI32.dll
0x00007ffddd9a0000 - 0x00007ffddda3d000 	C:\windows\system32\msvcrt.dll
0x00007ffddb3a0000 - 0x00007ffddb3fb000 	C:\windows\system32\sechost.dll
0x00007ffddb240000 - 0x00007ffddb35c000 	C:\windows\system32\RPCRT4.dll
0x00007ffddd250000 - 0x00007ffddd3a6000 	C:\windows\system32\USER32.dll
0x00007ffddd060000 - 0x00007ffddd1e6000 	C:\windows\system32\GDI32.dll
0x00007ffdc2b80000 - 0x00007ffdc2df4000 	C:\windows\WinSxS\amd64_microsoft.windows.common-controls_6595b64144ccf1df_6.0.10586.589_none_a2ddb3caa539acce\COMCTL32.dll
0x00007ffdddaf0000 - 0x00007ffdddd6d000 	C:\windows\system32\combase.dll
0x00007ffddb040000 - 0x00007ffddb0aa000 	C:\windows\system32\bcryptPrimitives.dll
0x00007ffddb360000 - 0x00007ffddb39b000 	C:\windows\system32\IMM32.DLL
0x000000006f540000 - 0x000000006f612000 	D:\Program Files\Java\jdk1.8.0_92\jre\bin\msvcr100.dll
0x000000006eca0000 - 0x000000006f536000 	D:\Program Files\Java\jdk1.8.0_92\jre\bin\server\jvm.dll
0x00007ffddcef0000 - 0x00007ffddcef8000 	C:\windows\system32\PSAPI.DLL
0x00007ffdcb000000 - 0x00007ffdcb009000 	C:\windows\SYSTEM32\WSOCK32.dll
0x00007ffdd8b80000 - 0x00007ffdd8ba3000 	C:\windows\SYSTEM32\WINMM.dll
0x00007ffdcbef0000 - 0x00007ffdcbefa000 	C:\windows\SYSTEM32\VERSION.dll
0x00007ffddcf60000 - 0x00007ffddcfcb000 	C:\windows\system32\WS2_32.dll
0x00007ffdd8a40000 - 0x00007ffdd8a6c000 	C:\windows\SYSTEM32\WINMMBASE.dll
0x00007ffddaf40000 - 0x00007ffddaf83000 	C:\windows\system32\cfgmgr32.dll
0x00000000703a0000 - 0x00000000703af000 	D:\Program Files\Java\jdk1.8.0_92\jre\bin\verify.dll
0x0000000070370000 - 0x0000000070399000 	D:\Program Files\Java\jdk1.8.0_92\jre\bin\java.dll
0x0000000070350000 - 0x0000000070366000 	D:\Program Files\Java\jdk1.8.0_92\jre\bin\zip.dll
0x00007ffddb720000 - 0x00007ffddcc7c000 	C:\windows\system32\SHELL32.dll
0x00007ffdda420000 - 0x00007ffddaa65000 	C:\windows\system32\windows.storage.dll
0x00007ffddcf00000 - 0x00007ffddcf52000 	C:\windows\system32\shlwapi.dll
0x00007ffdda3e0000 - 0x00007ffdda3ef000 	C:\windows\system32\kernel.appcore.dll
0x00007ffddb0b0000 - 0x00007ffddb165000 	C:\windows\system32\shcore.dll
0x00007ffdda390000 - 0x00007ffdda3db000 	C:\windows\system32\powrprof.dll
0x00007ffdda400000 - 0x00007ffdda414000 	C:\windows\system32\profapi.dll
0x0000000070330000 - 0x000000007034a000 	D:\Program Files\Java\jdk1.8.0_92\jre\bin\net.dll
0x00007ffdd9c60000 - 0x00007ffdd9cbc000 	C:\windows\system32\mswsock.dll
0x0000000070310000 - 0x0000000070321000 	D:\Program Files\Java\jdk1.8.0_92\jre\bin\nio.dll
0x00007ffdc2460000 - 0x00007ffdc2472000 	C:\Users\lee\.gradle\native\19\windows-amd64\native-platform.dll
0x00007ffdd9d10000 - 0x00007ffdd9d27000 	C:\windows\SYSTEM32\CRYPTSP.dll
0x00007ffdd9a00000 - 0x00007ffdd9a34000 	C:\windows\system32\rsaenh.dll
0x00007ffdda2c0000 - 0x00007ffdda2e9000 	C:\windows\SYSTEM32\bcrypt.dll
0x00007ffdd9af0000 - 0x00007ffdd9b0f000 	C:\windows\SYSTEM32\USERENV.dll
0x00007ffdd9e30000 - 0x00007ffdd9e3b000 	C:\windows\SYSTEM32\CRYPTBASE.dll
0x00007ffdd56d0000 - 0x00007ffdd5708000 	C:\windows\SYSTEM32\IPHLPAPI.DLL
0x00007ffddcff0000 - 0x00007ffddcff8000 	C:\windows\system32\NSI.dll
0x00007ffdd3350000 - 0x00007ffdd3366000 	C:\windows\SYSTEM32\dhcpcsvc6.DLL
0x00007ffdd3300000 - 0x00007ffdd331a000 	C:\windows\SYSTEM32\dhcpcsvc.DLL
0x000000006f6d0000 - 0x000000006f6dd000 	D:\Program Files\Java\jdk1.8.0_92\jre\bin\management.dll

VM Arguments:
jvm_args: -XX:MaxPermSize=256m -XX:+HeapDumpOnOutOfMemoryError -Xmx1024m -Dfile.encoding=GBK -Duser.country=CN -Duser.language=zh -Duser.variant 
java_command: org.gradle.launcher.daemon.bootstrap.GradleDaemon 2.14.1
java_class_path (initial): D:\Program Files\Android\Android Studio\gradle\gradle-2.14.1\lib\gradle-launcher-2.14.1.jar
Launcher Type: SUN_STANDARD

Environment Variables:
PATH=C:\ProgramData\Oracle\Java\javapath;C:\windows\system32;C:\windows;C:\windows\System32\Wbem;C:\windows\System32\WindowsPowerShell\v1.0\;C:\Program Files (x86)\Microsoft SQL Server\90\Tools\binn\;D:\Program Files (x86)\Android\android-sdk\platform-tools;D:\Program Files (x86)\Android\android-sdk\tools;C:\Users\lee\.dnx\bin;C:\Program Files\Microsoft DNX\Dnvm\;C:\Program Files\Microsoft SQL Server\120\Tools\Binn\;C:\Program Files\Git\cmd
USERNAME=lee
OS=Windows_NT
PROCESSOR_IDENTIFIER=Intel64 Family 6 Model 69 Stepping 1, GenuineIntel



---------------  S Y S T E M  ---------------

OS: Windows 10.0 , 64 bit Build 10586 (10.0.10586.589)

CPU:total 4 (2 cores per cpu, 2 threads per core) family 6 model 69 stepping 1, cmov, cx8, fxsr, mmx, sse, sse2, sse3, ssse3, sse4.1, sse4.2, popcnt, avx, avx2, aes, clmul, erms, lzcnt, ht, tsc, tscinvbit, bmi1, bmi2

Memory: 4k page, physical 4133144k(305100k free), swap 10839956k(4140k free)

vm_info: Java HotSpot(TM) 64-Bit Server VM (25.92-b14) for windows-amd64 JRE (1.8.0_92-b14), built on Mar 31 2016 21:03:04 by "java_re" with MS VC++ 10.0 (VS2010)

time: Wed Nov 02 03:56:40 2016
elapsed time: 6423 seconds (0d 1h 47m 3s)

