#
# There is insufficient memory for the Java Runtime Environment to continue.
# Native memory allocation (malloc) failed to allocate 32744 bytes for ChunkPool::allocate
# Possible reasons:
#   The system is out of physical RAM or swap space
#   In 32 bit mode, the process size limit was hit
# Possible solutions:
#   Reduce memory load on the system
#   Increase physical memory or swap space
#   Check if swap backing store is full
#   Use 64 bit Java on a 64 bit OS
#   Decrease Java heap size (-Xmx/-Xms)
#   Decrease number of Java threads
#   Decrease Java thread stack sizes (-Xss)
#   Set larger code cache with -XX:ReservedCodeCacheSize=
# This output file may be truncated or incomplete.
#
#  Out of Memory Error (allocation.cpp:273), pid=12860, tid=0x0000000000002774
#
# JRE version: Java(TM) SE Runtime Environment (8.0_92-b14) (build 1.8.0_92-b14)
# Java VM: Java HotSpot(TM) 64-Bit Server VM (25.92-b14 mixed mode windows-amd64 compressed oops)
# Failed to write core dump. Minidumps are not enabled by default on client versions of Windows
#

---------------  T H R E A D  ---------------

Current thread (0x0000000015dfb000):  JavaThread "C2 CompilerThread0" daemon [_thread_in_native, id=10100, stack(0x00000000172f0000,0x00000000173f0000)]

Stack: [0x00000000172f0000,0x00000000173f0000]
[error occurred during error reporting (printing stack bounds), id 0xc0000005]

Native frames: (J=compiled Java code, j=interpreted, Vv=VM code, C=native code)


Current CompileTask:
C2:   1785  592       4       com.android.dx.ssa.NormalSsaInsn::getOpcode (8 bytes)


---------------  P R O C E S S  ---------------

Java Threads: ( => current thread )
  0x00000000175b5800 JavaThread "pool-2-thread-4" [_thread_in_Java, id=13796, stack(0x0000000017ff0000,0x00000000180f0000)]
  0x00000000175bb000 JavaThread "pool-2-thread-3" [_thread_blocked, id=12816, stack(0x0000000017ef0000,0x0000000017ff0000)]
  0x00000000175af800 JavaThread "pool-2-thread-2" [_thread_in_Java, id=13768, stack(0x0000000017df0000,0x0000000017ef0000)]
  0x00000000175a3000 JavaThread "pool-3-thread-1" [_thread_blocked, id=4432, stack(0x0000000017cf0000,0x0000000017df0000)]
  0x00000000175aa800 JavaThread "pool-2-thread-1" [_thread_in_Java, id=12484, stack(0x0000000017bf0000,0x0000000017cf0000)]
  0x000000001745a800 JavaThread "Service Thread" daemon [_thread_blocked, id=12672, stack(0x00000000179f0000,0x0000000017af0000)]
  0x000000001744b800 JavaThread "C1 CompilerThread2" daemon [_thread_in_native, id=9172, stack(0x00000000178f0000,0x00000000179f0000)]
  0x0000000017441000 JavaThread "C2 CompilerThread1" daemon [_thread_blocked, id=4880, stack(0x00000000177f0000,0x00000000178f0000)]
=>0x0000000015dfb000 JavaThread "C2 CompilerThread0" daemon [_thread_in_native, id=10100, stack(0x00000000172f0000,0x00000000173f0000)]
  0x0000000015dac000 JavaThread "Attach Listener" daemon [_thread_blocked, id=2032, stack(0x00000000171f0000,0x00000000172f0000)]
  0x0000000015df9800 JavaThread "Signal Dispatcher" daemon [_thread_blocked, id=4980, stack(0x00000000170f0000,0x00000000171f0000)]
  0x0000000015d8a800 JavaThread "Finalizer" daemon [_thread_blocked, id=2336, stack(0x0000000016ff0000,0x00000000170f0000)]
  0x0000000015d69000 JavaThread "Reference Handler" daemon [_thread_blocked, id=7332, stack(0x0000000016ef0000,0x0000000016ff0000)]
  0x00000000035d0800 JavaThread "main" [_thread_blocked, id=11056, stack(0x00000000034d0000,0x00000000035d0000)]

Other Threads:
  0x0000000015d67000 VMThread [stack: 0x0000000016df0000,0x0000000016ef0000] [id=12592]
  0x0000000017456800 WatcherThread [stack: 0x0000000017af0000,0x0000000017bf0000] [id=10292]

VM state:not at safepoint (normal execution)

VM Mutex/Monitor currently owned by a thread: None

Heap:
 PSYoungGen      total 18944K, used 11803K [0x00000000eab00000, 0x00000000ec000000, 0x0000000100000000)
  eden space 16384K, 72% used [0x00000000eab00000,0x00000000eb686d10,0x00000000ebb00000)
  from space 2560K, 0% used [0x00000000ebd80000,0x00000000ebd80000,0x00000000ec000000)
  to   space 2560K, 0% used [0x00000000ebb00000,0x00000000ebb00000,0x00000000ebd80000)
 ParOldGen       total 44032K, used 0K [0x00000000c0000000, 0x00000000c2b00000, 0x00000000eab00000)
  object space 44032K, 0% used [0x00000000c0000000,0x00000000c0000000,0x00000000c2b00000)
 Metaspace       used 5489K, capacity 6576K, committed 6784K, reserved 1056768K
  class space    used 586K, capacity 616K, committed 640K, reserved 1048576K

Card table byte_map: [0x0000000012a90000,0x0000000012ca0000] byte_map_base: 0x0000000012490000

Marking Bits: (ParMarkBitMap*) 0x000000005ba364f0
 Begin Bits: [0x0000000013200000, 0x0000000014200000)
 End Bits:   [0x0000000014200000, 0x0000000015200000)

Polling page: 0x00000000013c0000

CodeCache: size=245760Kb used=2231Kb max_used=2242Kb free=243528Kb
 bounds [0x00000000036d0000, 0x0000000003940000, 0x00000000126d0000]
 total_blobs=840 nmethods=575 adapters=178
 compilation: enabled

Compilation events (10 events):
Event: 1.774 Thread 0x000000001744b800  572       3       com.android.dx.cf.code.Ropper::addOrReplaceBlock (66 bytes)
Event: 1.775 Thread 0x000000001744b800 nmethod 572 0x00000000038fb410 code [0x00000000038fb660, 0x00000000038fc4d8]
Event: 1.775 Thread 0x000000001744b800  574       3       com.android.dx.cf.code.LocalVariableList$Item::matchesPcAndIndex (35 bytes)
Event: 1.775 Thread 0x000000001744b800 nmethod 574 0x00000000038fcd50 code [0x00000000038fcea0, 0x00000000038fd0d0]
Event: 1.775 Thread 0x000000001744b800  575       3       com.android.dx.cf.code.BaseMachine::getLocalTarget (151 bytes)
Event: 1.775 Thread 0x0000000017441000  578   !   4       com.android.dx.util.FixedSizeList::set0 (22 bytes)
Event: 1.777 Thread 0x000000001744b800 nmethod 575 0x00000000038ffe50 code [0x0000000003900100, 0x00000000039012c8]
Event: 1.777 Thread 0x0000000017441000 nmethod 578 0x0000000003901b10 code [0x0000000003901c60, 0x0000000003901d78]
Event: 1.777 Thread 0x000000001744b800  576   !   3       com.android.dx.cf.code.BytecodeArray::parseInstruction (2764 bytes)
Event: 1.783 Thread 0x0000000015dfb000  592       4       com.android.dx.ssa.NormalSsaInsn::getOpcode (8 bytes)

GC Heap History (0 events):
No events

Deoptimization events (1 events):
Event: 1.575 Thread 0x00000000035d0800 Uncommon trap: reason=unstable_if action=reinterpret pc=0x00000000038ce480 method=java.util.HashMap.getNode(ILjava/lang/Object;)Ljava/util/HashMap$Node; @ 129

Internal exceptions (2 events):
Event: 0.089 Thread 0x00000000035d0800 Exception <a 'java/lang/NoSuchMethodError': Method sun.misc.Unsafe.defineClass(Ljava/lang/String;[BII)Ljava/lang/Class; name or signature does not match> (0x00000000eab07cc0) thrown at [D:\re\workspace\8-2-build-windows-amd64-cygwin\jdk8u92\6642\hotspot\srü˜ù´ï¶?
Event: 0.090 Thread 0x00000000035d0800 Exception <a 'java/lang/NoSuchMethodError': Method sun.misc.Unsafe.prefetchRead(Ljava/lang/Object;J)V name or signature does not match> (0x00000000eab07fa8) thrown at [D:\re\workspace\8-2-build-windows-amd64-cygwin\jdk8u92\6642\hotspot\src\share\vm\prims\j

Events (10 events):
Event: 1.520 loading class java/util/HashMap$ValueIterator done
Event: 1.525 loading class com/android/dx/ssa/PhiInsn$Operand
Event: 1.525 loading class com/android/dx/ssa/PhiInsn$Operand done
Event: 1.534 loading class com/android/dx/ssa/back/FirstFitLocalCombiningAllocator$Multiset
Event: 1.534 loading class com/android/dx/ssa/back/FirstFitLocalCombiningAllocator$Multiset done
Event: 1.553 loading class com/android/dx/dex/file/MethodAnnotationStruct
Event: 1.553 loading class com/android/dx/dex/file/MethodAnnotationStruct done
Event: 1.575 Thread 0x00000000035d0800 Uncommon trap: trap_request=0xffffff65 fr.pc=0x00000000038ce480
Event: 1.575 Thread 0x00000000035d0800 DEOPT PACKING pc=0x00000000038ce480 sp=0x00000000035cdfd0
Event: 1.575 Thread 0x00000000035d0800 DEOPT UNPACKING pc=0x000000000371582a sp=0x00000000035cdf48 mode 2


Dynamic libraries:
0x00007ff760270000 - 0x00007ff7602a7000 	D:\Program Files\Java\jdk1.8.0_92\bin\java.exe
0x00007ffc6c9e0000 - 0x00007ffc6cba1000 	C:\windows\SYSTEM32\ntdll.dll
0x00007ffc6a650000 - 0x00007ffc6a6fd000 	C:\windows\system32\KERNEL32.DLL
0x00007ffc69220000 - 0x00007ffc69408000 	C:\windows\system32\KERNELBASE.dll
0x00007ffc6a5a0000 - 0x00007ffc6a647000 	C:\windows\system32\ADVAPI32.dll
0x00007ffc6c2c0000 - 0x00007ffc6c35d000 	C:\windows\system32\msvcrt.dll
0x00007ffc6bdd0000 - 0x00007ffc6be2b000 	C:\windows\system32\sechost.dll
0x00007ffc69f40000 - 0x00007ffc6a05c000 	C:\windows\system32\RPCRT4.dll
0x00007ffc6a2b0000 - 0x00007ffc6a406000 	C:\windows\system32\USER32.dll
0x00007ffc6c360000 - 0x00007ffc6c4e6000 	C:\windows\system32\GDI32.dll
0x00007ffc5b2f0000 - 0x00007ffc5b564000 	C:\windows\WinSxS\amd64_microsoft.windows.common-controls_6595b64144ccf1df_6.0.10586.494_none_a2d8b04ea53e3145\COMCTL32.dll
0x00007ffc6c560000 - 0x00007ffc6c7dd000 	C:\windows\system32\combase.dll
0x00007ffc69090000 - 0x00007ffc690fa000 	C:\windows\system32\bcryptPrimitives.dll
0x00007ffc6a210000 - 0x00007ffc6a24b000 	C:\windows\system32\IMM32.DLL
0x000000005bac0000 - 0x000000005bb92000 	D:\Program Files\Java\jdk1.8.0_92\jre\bin\msvcr100.dll
0x000000005b220000 - 0x000000005bab6000 	D:\Program Files\Java\jdk1.8.0_92\jre\bin\server\jvm.dll
0x00007ffc6bdb0000 - 0x00007ffc6bdb8000 	C:\windows\system32\PSAPI.DLL
0x00007ffc578a0000 - 0x00007ffc578a9000 	C:\windows\SYSTEM32\WSOCK32.dll
0x00007ffc67710000 - 0x00007ffc67733000 	C:\windows\SYSTEM32\WINMM.dll
0x00007ffc6c8a0000 - 0x00007ffc6c90b000 	C:\windows\system32\WS2_32.dll
0x00007ffc598c0000 - 0x00007ffc598ca000 	C:\windows\SYSTEM32\VERSION.dll
0x00007ffc673d0000 - 0x00007ffc673fc000 	C:\windows\SYSTEM32\WINMMBASE.dll
0x00007ffc694c0000 - 0x00007ffc69503000 	C:\windows\system32\cfgmgr32.dll
0x000000005c440000 - 0x000000005c44f000 	D:\Program Files\Java\jdk1.8.0_92\jre\bin\verify.dll
0x000000005b1f0000 - 0x000000005b219000 	D:\Program Files\Java\jdk1.8.0_92\jre\bin\java.dll
0x000000005b1d0000 - 0x000000005b1e6000 	D:\Program Files\Java\jdk1.8.0_92\jre\bin\zip.dll
0x00007ffc6a700000 - 0x00007ffc6bc5c000 	C:\windows\system32\SHELL32.dll
0x00007ffc69510000 - 0x00007ffc69b55000 	C:\windows\system32\windows.storage.dll
0x00007ffc6c260000 - 0x00007ffc6c2b2000 	C:\windows\system32\shlwapi.dll
0x00007ffc69000000 - 0x00007ffc6900f000 	C:\windows\system32\kernel.appcore.dll
0x00007ffc69160000 - 0x00007ffc69215000 	C:\windows\system32\shcore.dll
0x00007ffc69040000 - 0x00007ffc6908b000 	C:\windows\system32\powrprof.dll
0x00007ffc69020000 - 0x00007ffc69034000 	C:\windows\system32\profapi.dll

VM Arguments:
jvm_args: -Djava.awt.headless=true -Xmx1024M -Dfile.encoding=GBK -Duser.country=CN -Duser.language=zh -Duser.variant 
java_command: com.android.dx.command.Main --dex --force-jumbo --num-threads=4 --multi-dex --output C:\Users\lee\OneDrive\Documents\AndroidStudioProjects\MyApplication\app\build\intermediates\transforms\dex\debug\folders\1000\10\com.android.support-support-core-utils-24.2.1_5ee45d69c9ffca0d8a5986ecb9f76d0098603e90 C:\Users\lee\OneDrive\Documents\AndroidStudioProjects\MyApplication\app\build\intermediates\exploded-aar\com.android.support\support-core-utils\24.2.1\jars\classes.jar
java_class_path (initial): D:\Android\Sdk\build-tools\24.0.0\lib\dx.jar
Launcher Type: SUN_STANDARD

Environment Variables:
PATH=C:\ProgramData\Oracle\Java\javapath;C:\windows\system32;C:\windows;C:\windows\System32\Wbem;C:\windows\System32\WindowsPowerShell\v1.0\;C:\Program Files (x86)\Microsoft SQL Server\90\Tools\binn\;D:\Program Files (x86)\Android\android-sdk\platform-tools;D:\Program Files (x86)\Android\android-sdk\tools;C:\windows\system32\config\systemprofile\.dnx\bin;C:\Program Files\Microsoft DNX\Dnvm\;C:\Program Files\Microsoft SQL Server\120\Tools\Binn\;C:\Program Files\Git\cmd
USERNAME=lee
OS=Windows_NT
PROCESSOR_IDENTIFIER=Intel64 Family 6 Model 69 Stepping 1, GenuineIntel



---------------  S Y S T E M  ---------------

OS: Windows 10.0 , 64 bit Build 10586 (10.0.10586.0)

CPU:total 4 (2 cores per cpu, 2 threads per core) family 6 model 69 stepping 1, cmov, cx8, fxsr, mmx, sse, sse2, sse3, ssse3, sse4.1, sse4.2, popcnt, avx, avx2, aes, clmul, erms, lzcnt, ht, tsc, tscinvbit, bmi1, bmi2

Memory: 4k page, physical 4133144k(186736k free), swap 10839956k(0k free)

vm_info: Java HotSpot(TM) 64-Bit Server VM (25.92-b14) for windows-amd64 JRE (1.8.0_92-b14), built on Mar 31 2016 21:03:04 by "java_re" with MS VC++ 10.0 (VS2010)

time: Thu Sep 29 02:28:11 2016
elapsed time: 1 seconds (0d 0h 0m 1s)

