#
# There is insufficient memory for the Java Runtime Environment to continue.
# Native memory allocation (malloc) failed to allocate 32744 bytes for ChunkPool::allocate
# Possible reasons:
#   The system is out of physical RAM or swap space
#   In 32 bit mode, the process size limit was hit
# Possible solutions:
#   Reduce memory load on the system
#   Increase physical memory or swap space
#   Check if swap backing store is full
#   Use 64 bit Java on a 64 bit OS
#   Decrease Java heap size (-Xmx/-Xms)
#   Decrease number of Java threads
#   Decrease Java thread stack sizes (-Xss)
#   Set larger code cache with -XX:ReservedCodeCacheSize=
# This output file may be truncated or incomplete.
#
#  Out of Memory Error (allocation.cpp:273), pid=11016, tid=0x0000000000003ec0
#
# JRE version: Java(TM) SE Runtime Environment (8.0_92-b14) (build 1.8.0_92-b14)
# Java VM: Java HotSpot(TM) 64-Bit Server VM (25.92-b14 mixed mode windows-amd64 compressed oops)
# Failed to write core dump. Minidumps are not enabled by default on client versions of Windows
#

---------------  T H R E A D  ---------------

Current thread (0x0000000015ccc800):  JavaThread "C2 CompilerThread1" daemon [_thread_in_native, id=16064, stack(0x00000000176d0000,0x00000000177d0000)]

Stack: [0x00000000176d0000,0x00000000177d0000]
[error occurred during error reporting (printing stack bounds), id 0xc0000005]

Native frames: (J=compiled Java code, j=interpreted, Vv=VM code, C=native code)


Current CompileTask:
C2:   3111 1324       4       com.android.dx.ssa.SsaMethod::deleteInsns (239 bytes)


---------------  P R O C E S S  ---------------

Java Threads: ( => current thread )
  0x0000000017564800 JavaThread "pool-2-thread-4" [_thread_in_Java, id=15928, stack(0x0000000017ed0000,0x0000000017fd0000)]
  0x000000001755f800 JavaThread "pool-2-thread-3" [_thread_in_Java, id=15720, stack(0x0000000017dd0000,0x0000000017ed0000)]
  0x000000001742a000 JavaThread "pool-2-thread-2" [_thread_in_Java, id=15740, stack(0x0000000017cd0000,0x0000000017dd0000)]
  0x000000001741f000 JavaThread "pool-3-thread-1" [_thread_blocked, id=15684, stack(0x0000000017bd0000,0x0000000017cd0000)]
  0x000000001741b800 JavaThread "pool-2-thread-1" [_thread_in_Java, id=15704, stack(0x0000000017ad0000,0x0000000017bd0000)]
  0x0000000017330000 JavaThread "Service Thread" daemon [_thread_blocked, id=15436, stack(0x00000000178d0000,0x00000000179d0000)]
  0x0000000017329800 JavaThread "C1 CompilerThread2" daemon [_thread_blocked, id=16040, stack(0x00000000177d0000,0x00000000178d0000)]
=>0x0000000015ccc800 JavaThread "C2 CompilerThread1" daemon [_thread_in_native, id=16064, stack(0x00000000176d0000,0x00000000177d0000)]
  0x0000000015cca000 JavaThread "C2 CompilerThread0" daemon [_thread_in_native, id=15540, stack(0x00000000171d0000,0x00000000172d0000)]
  0x0000000015c7c000 JavaThread "Attach Listener" daemon [_thread_blocked, id=15816, stack(0x00000000170d0000,0x00000000171d0000)]
  0x0000000015cc9800 JavaThread "Signal Dispatcher" daemon [_thread_blocked, id=15804, stack(0x0000000016fd0000,0x00000000170d0000)]
  0x0000000015c5a800 JavaThread "Finalizer" daemon [_thread_blocked, id=6960, stack(0x0000000016ed0000,0x0000000016fd0000)]
  0x000000000358f000 JavaThread "Reference Handler" daemon [_thread_blocked, id=15888, stack(0x0000000016dd0000,0x0000000016ed0000)]
  0x00000000034a0800 JavaThread "main" [_thread_in_Java, id=15588, stack(0x00000000033a0000,0x00000000034a0000)]

Other Threads:
  0x0000000015c38000 VMThread [stack: 0x0000000016cd0000,0x0000000016dd0000] [id=15384]
  0x0000000017392800 WatcherThread [stack: 0x00000000179d0000,0x0000000017ad0000] [id=15440]

VM state:not at safepoint (normal execution)

VM Mutex/Monitor currently owned by a thread: None

Heap:
 PSYoungGen      total 35328K, used 15982K [0x00000000eab00000, 0x00000000ed000000, 0x0000000100000000)
  eden space 32768K, 40% used [0x00000000eab00000,0x00000000eb81c240,0x00000000ecb00000)
  from space 2560K, 99% used [0x00000000ecd80000,0x00000000ecfff658,0x00000000ed000000)
  to   space 2560K, 0% used [0x00000000ecb00000,0x00000000ecb00000,0x00000000ecd80000)
 ParOldGen       total 44032K, used 4828K [0x00000000c0000000, 0x00000000c2b00000, 0x00000000eab00000)
  object space 44032K, 10% used [0x00000000c0000000,0x00000000c04b70f8,0x00000000c2b00000)
 Metaspace       used 5925K, capacity 6960K, committed 7040K, reserved 1056768K
  class space    used 588K, capacity 616K, committed 640K, reserved 1048576K

Card table byte_map: [0x0000000012960000,0x0000000012b70000] byte_map_base: 0x0000000012360000

Marking Bits: (ParMarkBitMap*) 0x0000000069a264f0
 Begin Bits: [0x00000000130d0000, 0x00000000140d0000)
 End Bits:   [0x00000000140d0000, 0x00000000150d0000)

Polling page: 0x0000000002e90000

CodeCache: size=245760Kb used=5610Kb max_used=5610Kb free=240149Kb
 bounds [0x00000000035a0000, 0x0000000003b20000, 0x00000000125a0000]
 total_blobs=1603 nmethods=1339 adapters=177
 compilation: enabled

Compilation events (10 events):
Event: 3.082 Thread 0x0000000017329800 nmethod 1345 0x0000000003b17d90 code [0x0000000003b18040, 0x0000000003b19a98]
Event: 3.082 Thread 0x0000000017329800 1346       3       com.android.dx.dex.code.RopTranslator::outputInstructions (69 bytes)
Event: 3.082 Thread 0x0000000017329800 nmethod 1346 0x0000000003b1a8d0 code [0x0000000003b1aa60, 0x0000000003b1aeb8]
Event: 3.091 Thread 0x0000000017329800 1347       3       com.android.dx.rop.code.Insn$BaseVisitor::visitThrowingInsn (1 bytes)
Event: 3.091 Thread 0x0000000017329800 nmethod 1347 0x0000000003b1b090 code [0x0000000003b1b1e0, 0x0000000003b1b330]
Event: 3.095 Thread 0x0000000017329800 1348       3       com.android.dx.dex.cf.AttributeTranslator::getExceptions (32 bytes)
Event: 3.095 Thread 0x0000000017329800 nmethod 1348 0x0000000003b1b3d0 code [0x0000000003b1b560, 0x0000000003b1b9b8]
Event: 3.099 Thread 0x0000000017329800 1349       3       java.util.TreeMap::containsKey (14 bytes)
Event: 3.099 Thread 0x0000000017329800 nmethod 1349 0x0000000003b1bb50 code [0x0000000003b1bcc0, 0x0000000003b1bf28]
Event: 3.106 Thread 0x0000000017329800 1351       3       com.android.dx.dex.code.RopTranslator$TranslationVisitor::visitThrowingInsn (118 bytes)

GC Heap History (4 events):
Event: 1.981 GC heap before
{Heap before GC invocations=1 (full 0):
 PSYoungGen      total 18944K, used 16384K [0x00000000eab00000, 0x00000000ec000000, 0x0000000100000000)
  eden space 16384K, 100% used [0x00000000eab00000,0x00000000ebb00000,0x00000000ebb00000)
  from space 2560K, 0% used [0x00000000ebd80000,0x00000000ebd80000,0x00000000ec000000)
  to   space 2560K, 0% used [0x00000000ebb00000,0x00000000ebb00000,0x00000000ebd80000)
 ParOldGen       total 44032K, used 0K [0x00000000c0000000, 0x00000000c2b00000, 0x00000000eab00000)
  object space 44032K, 0% used [0x00000000c0000000,0x00000000c0000000,0x00000000c2b00000)
 Metaspace       used 5651K, capacity 6768K, committed 7040K, reserved 1056768K
  class space    used 579K, capacity 616K, committed 640K, reserved 1048576K
Event: 2.027 GC heap after
Heap after GC invocations=1 (full 0):
 PSYoungGen      total 18944K, used 2558K [0x00000000eab00000, 0x00000000ed000000, 0x0000000100000000)
  eden space 16384K, 0% used [0x00000000eab00000,0x00000000eab00000,0x00000000ebb00000)
  from space 2560K, 99% used [0x00000000ebb00000,0x00000000ebd7f848,0x00000000ebd80000)
  to   space 2560K, 0% used [0x00000000ecd80000,0x00000000ecd80000,0x00000000ed000000)
 ParOldGen       total 44032K, used 2102K [0x00000000c0000000, 0x00000000c2b00000, 0x00000000eab00000)
  object space 44032K, 4% used [0x00000000c0000000,0x00000000c020dbb0,0x00000000c2b00000)
 Metaspace       used 5651K, capacity 6768K, committed 7040K, reserved 1056768K
  class space    used 579K, capacity 616K, committed 640K, reserved 1048576K
}
Event: 2.526 GC heap before
{Heap before GC invocations=2 (full 0):
 PSYoungGen      total 18944K, used 18942K [0x00000000eab00000, 0x00000000ed000000, 0x0000000100000000)
  eden space 16384K, 100% used [0x00000000eab00000,0x00000000ebb00000,0x00000000ebb00000)
  from space 2560K, 99% used [0x00000000ebb00000,0x00000000ebd7f848,0x00000000ebd80000)
  to   space 2560K, 0% used [0x00000000ecd80000,0x00000000ecd80000,0x00000000ed000000)
 ParOldGen       total 44032K, used 2102K [0x00000000c0000000, 0x00000000c2b00000, 0x00000000eab00000)
  object space 44032K, 4% used [0x00000000c0000000,0x00000000c020dbb0,0x00000000c2b00000)
 Metaspace       used 5837K, capacity 6896K, committed 7040K, reserved 1056768K
  class space    used 588K, capacity 616K, committed 640K, reserved 1048576K
Event: 2.574 GC heap after
Heap after GC invocations=2 (full 0):
 PSYoungGen      total 35328K, used 2557K [0x00000000eab00000, 0x00000000ed000000, 0x0000000100000000)
  eden space 32768K, 0% used [0x00000000eab00000,0x00000000eab00000,0x00000000ecb00000)
  from space 2560K, 99% used [0x00000000ecd80000,0x00000000ecfff658,0x00000000ed000000)
  to   space 2560K, 0% used [0x00000000ecb00000,0x00000000ecb00000,0x00000000ecd80000)
 ParOldGen       total 44032K, used 4828K [0x00000000c0000000, 0x00000000c2b00000, 0x00000000eab00000)
  object space 44032K, 10% used [0x00000000c0000000,0x00000000c04b70f8,0x00000000c2b00000)
 Metaspace       used 5837K, capacity 6896K, committed 7040K, reserved 1056768K
  class space    used 588K, capacity 616K, committed 640K, reserved 1048576K
}

Deoptimization events (10 events):
Event: 2.311 Thread 0x000000001742a000 Uncommon trap: reason=class_check action=maybe_recompile pc=0x00000000038a2cf8 method=com.android.dx.rop.type.Type.equals(Ljava/lang/Object;)Z @ 8
Event: 2.314 Thread 0x000000001742a000 Uncommon trap: reason=unstable_if action=reinterpret pc=0x000000000382b778 method=java.util.BitSet.ensureCapacity(I)V @ 6
Event: 2.340 Thread 0x000000001742a000 Uncommon trap: reason=class_check action=maybe_recompile pc=0x00000000038a2cf8 method=com.android.dx.rop.type.Type.equals(Ljava/lang/Object;)Z @ 8
Event: 2.355 Thread 0x000000001742a000 Uncommon trap: reason=unstable_if action=reinterpret pc=0x00000000039dc7fc method=com.android.dx.util.LabeledList.set(ILcom/android/dx/util/LabeledItem;)V @ 16
Event: 2.396 Thread 0x000000001755f800 Uncommon trap: reason=unstable_if action=reinterpret pc=0x0000000003a323b4 method=com.android.dx.ssa.SCCP.simulateStmt(Lcom/android/dx/ssa/SsaInsn;)V @ 469
Event: 2.454 Thread 0x000000001741b800 Uncommon trap: reason=unstable_if action=reinterpret pc=0x00000000038a079c method=com.android.dx.rop.cst.Constant.compareTo(Lcom/android/dx/rop/cst/Constant;)I @ 12
Event: 2.469 Thread 0x000000001741b800 Uncommon trap: reason=class_check action=maybe_recompile pc=0x00000000038a2cf8 method=com.android.dx.rop.type.Type.equals(Ljava/lang/Object;)Z @ 8
Event: 2.471 Thread 0x000000001741b800 Uncommon trap: reason=class_check action=maybe_recompile pc=0x00000000038a2cf8 method=com.android.dx.rop.type.Type.equals(Ljava/lang/Object;)Z @ 8
Event: 2.512 Thread 0x000000001741b800 Uncommon trap: reason=uninitialized action=reinterpret pc=0x0000000003a26544 method=com.android.dx.cf.code.BytecodeArray.parseInstruction(ILcom/android/dx/cf/code/BytecodeArray$Visitor;)I @ 1031
Event: 2.520 Thread 0x000000001755f800 Uncommon trap: reason=unstable_if action=reinterpret pc=0x000000000397a1bc method=com.android.dx.ssa.SsaRenamer$BlockRenamer.addMapping(ILcom/android/dx/rop/code/RegisterSpec;)V @ 120

Internal exceptions (2 events):
Event: 0.314 Thread 0x00000000034a0800 Exception <a 'java/lang/NoSuchMethodError': Method sun.misc.Unsafe.defineClass(Ljava/lang/String;[BII)Ljava/lang/Class; name or signature does not match> (0x00000000eab07cc0) thrown at [D:\re\workspace\8-2-build-windows-amd64-cygwin\jdk8u92\6642\hotspot\sr†××xÔ?
Event: 0.314 Thread 0x00000000034a0800 Exception <a 'java/lang/NoSuchMethodError': Method sun.misc.Unsafe.prefetchRead(Ljava/lang/Object;J)V name or signature does not match> (0x00000000eab07fa8) thrown at [D:\re\workspace\8-2-build-windows-amd64-cygwin\jdk8u92\6642\hotspot\src\share\vm\prims\j

Events (10 events):
Event: 2.512 Thread 0x000000001741b800 DEOPT UNPACKING pc=0x00000000035e582a sp=0x0000000017bce9d8 mode 2
Event: 2.520 Thread 0x000000001755f800 Uncommon trap: trap_request=0xffffff65 fr.pc=0x000000000397a1bc
Event: 2.520 Thread 0x000000001755f800 DEOPT PACKING pc=0x000000000397a1bc sp=0x0000000017ecee00
Event: 2.520 Thread 0x000000001755f800 DEOPT UNPACKING pc=0x00000000035e582a sp=0x0000000017eced90 mode 2
Event: 2.526 Executing VM operation: ParallelGCFailedAllocation
Event: 2.574 Executing VM operation: ParallelGCFailedAllocation done
Event: 2.721 Thread 0x000000001755f800 DEOPT PACKING pc=0x000000000398e6ad sp=0x0000000017eced50
Event: 2.721 Thread 0x000000001755f800 DEOPT UNPACKING pc=0x00000000035e787f sp=0x0000000017eceae8 mode 0
Event: 3.023 Thread 0x000000001742a000 DEOPT PACKING pc=0x00000000039560ed sp=0x0000000017dce770
Event: 3.023 Thread 0x000000001742a000 DEOPT UNPACKING pc=0x00000000035e787f sp=0x0000000017dce550 mode 0


Dynamic libraries:
0x00007ff78ef40000 - 0x00007ff78ef77000 	D:\Program Files\Java\jdk1.8.0_92\bin\java.exe
0x00007ffefe300000 - 0x00007ffefe4c1000 	C:\WINDOWS\SYSTEM32\ntdll.dll
0x00007ffefb9d0000 - 0x00007ffefba7d000 	C:\WINDOWS\system32\KERNEL32.DLL
0x00007ffefadc0000 - 0x00007ffefafa8000 	C:\WINDOWS\system32\KERNELBASE.dll
0x00007ffefcaf0000 - 0x00007ffefcb97000 	C:\WINDOWS\system32\ADVAPI32.dll
0x00007ffefc420000 - 0x00007ffefc4bd000 	C:\WINDOWS\system32\msvcrt.dll
0x00007ffefc8f0000 - 0x00007ffefc94b000 	C:\WINDOWS\system32\sechost.dll
0x00007ffefb700000 - 0x00007ffefb81c000 	C:\WINDOWS\system32\RPCRT4.dll
0x00007ffefba80000 - 0x00007ffefbbd6000 	C:\WINDOWS\system32\USER32.dll
0x00007ffefb820000 - 0x00007ffefb9a6000 	C:\WINDOWS\system32\GDI32.dll
0x00007ffeecd60000 - 0x00007ffeecfd4000 	C:\WINDOWS\WinSxS\amd64_microsoft.windows.common-controls_6595b64144ccf1df_6.0.10586.494_none_a2d8b04ea53e3145\COMCTL32.dll
0x00007ffefc1a0000 - 0x00007ffefc41d000 	C:\WINDOWS\system32\combase.dll
0x00007ffefafb0000 - 0x00007ffefb01a000 	C:\WINDOWS\system32\bcryptPrimitives.dll
0x00007ffefc000000 - 0x00007ffefc03b000 	C:\WINDOWS\system32\IMM32.DLL
0x0000000068da0000 - 0x0000000068e72000 	D:\Program Files\Java\jdk1.8.0_92\jre\bin\msvcr100.dll
0x0000000069210000 - 0x0000000069aa6000 	D:\Program Files\Java\jdk1.8.0_92\jre\bin\server\jvm.dll
0x00007ffefcd30000 - 0x00007ffefcd38000 	C:\WINDOWS\system32\PSAPI.DLL
0x00007ffeeb460000 - 0x00007ffeeb469000 	C:\WINDOWS\SYSTEM32\WSOCK32.dll
0x00007ffefcba0000 - 0x00007ffefcc0b000 	C:\WINDOWS\system32\WS2_32.dll
0x00007ffef8ba0000 - 0x00007ffef8bc3000 	C:\WINDOWS\SYSTEM32\WINMM.dll
0x00007ffeec2a0000 - 0x00007ffeec2aa000 	C:\WINDOWS\SYSTEM32\VERSION.dll
0x00007ffef8b40000 - 0x00007ffef8b6c000 	C:\WINDOWS\SYSTEM32\WINMMBASE.dll
0x00007ffefacb0000 - 0x00007ffefacf3000 	C:\WINDOWS\system32\cfgmgr32.dll
0x0000000069b10000 - 0x0000000069b1f000 	D:\Program Files\Java\jdk1.8.0_92\jre\bin\verify.dll
0x00000000691e0000 - 0x0000000069209000 	D:\Program Files\Java\jdk1.8.0_92\jre\bin\java.dll
0x00000000691c0000 - 0x00000000691d6000 	D:\Program Files\Java\jdk1.8.0_92\jre\bin\zip.dll
0x00007ffefcd40000 - 0x00007ffefe29c000 	C:\WINDOWS\system32\SHELL32.dll
0x00007ffefb020000 - 0x00007ffefb665000 	C:\WINDOWS\system32\windows.storage.dll
0x00007ffefc950000 - 0x00007ffefc9a2000 	C:\WINDOWS\system32\shlwapi.dll
0x00007ffefa970000 - 0x00007ffefa97f000 	C:\WINDOWS\system32\kernel.appcore.dll
0x00007ffefad00000 - 0x00007ffefadb5000 	C:\WINDOWS\system32\shcore.dll
0x00007ffefa920000 - 0x00007ffefa96b000 	C:\WINDOWS\system32\powrprof.dll
0x00007ffefa980000 - 0x00007ffefa994000 	C:\WINDOWS\system32\profapi.dll

VM Arguments:
jvm_args: -Djava.awt.headless=true -Xmx1024M -Dfile.encoding=GBK -Duser.country=CN -Duser.language=zh -Duser.variant 
java_command: com.android.dx.command.Main --dex --force-jumbo --num-threads=4 --multi-dex --output C:\Users\lee\AndroidStudioProjects\MyApplication\app\build\intermediates\transforms\dex\debug\folders\1000\5\slice_0 C:\Users\lee\AndroidStudioProjects\MyApplication\app\build\intermediates\transforms\instantRunSlicer\debug\folders\1\5\slice_0
java_class_path (initial): C:\Users\lee\AppData\Local\Android\Sdk\build-tools\24.0.0\lib\dx.jar
Launcher Type: SUN_STANDARD

Environment Variables:
PATH=C:\ProgramData\Oracle\Java\javapath;C:\WINDOWS\system32;C:\WINDOWS;C:\WINDOWS\System32\Wbem;C:\WINDOWS\System32\WindowsPowerShell\v1.0\;C:\Program Files (x86)\Microsoft SQL Server\90\Tools\binn\;D:\Program Files (x86)\Android\android-sdk\platform-tools;D:\Program Files (x86)\Android\android-sdk\tools
USERNAME=lee
OS=Windows_NT
PROCESSOR_IDENTIFIER=Intel64 Family 6 Model 69 Stepping 1, GenuineIntel



---------------  S Y S T E M  ---------------

OS: Windows 10.0 , 64 bit Build 10586 (10.0.10586.0)

CPU:total 4 (2 cores per cpu, 2 threads per core) family 6 model 69 stepping 1, cmov, cx8, fxsr, mmx, sse, sse2, sse3, ssse3, sse4.1, sse4.2, popcnt, avx, avx2, aes, clmul, erms, lzcnt, ht, tsc, tscinvbit, bmi1, bmi2

Memory: 4k page, physical 4133144k(467112k free), swap 9439292k(3964k free)

vm_info: Java HotSpot(TM) 64-Bit Server VM (25.92-b14) for windows-amd64 JRE (1.8.0_92-b14), built on Mar 31 2016 21:03:04 by "java_re" with MS VC++ 10.0 (VS2010)

time: Fri Sep 09 15:15:34 2016
elapsed time: 3 seconds (0d 0h 0m 3s)

