#
# There is insufficient memory for the Java Runtime Environment to continue.
# Native memory allocation (malloc) failed to allocate 364336 bytes for Chunk::new
# Possible reasons:
#   The system is out of physical RAM or swap space
#   In 32 bit mode, the process size limit was hit
# Possible solutions:
#   Reduce memory load on the system
#   Increase physical memory or swap space
#   Check if swap backing store is full
#   Use 64 bit Java on a 64 bit OS
#   Decrease Java heap size (-Xmx/-Xms)
#   Decrease number of Java threads
#   Decrease Java thread stack sizes (-Xss)
#   Set larger code cache with -XX:ReservedCodeCacheSize=
# This output file may be truncated or incomplete.
#
#  Out of Memory Error (allocation.cpp:390), pid=14132, tid=0x0000000000003804
#
# JRE version: Java(TM) SE Runtime Environment (8.0_92-b14) (build 1.8.0_92-b14)
# Java VM: Java HotSpot(TM) 64-Bit Server VM (25.92-b14 mixed mode windows-amd64 compressed oops)
# Failed to write core dump. Minidumps are not enabled by default on client versions of Windows
#

---------------  T H R E A D  ---------------

Current thread (0x0000000015a8b000):  JavaThread "C2 CompilerThread0" daemon [_thread_in_native, id=14340, stack(0x0000000016f90000,0x0000000017090000)]

Stack: [0x0000000016f90000,0x0000000017090000]
[error occurred during error reporting (printing stack bounds), id 0xc0000005]

Native frames: (J=compiled Java code, j=interpreted, Vv=VM code, C=native code)


Current CompileTask:
C2:   5978 1474       4       com.android.dx.ssa.DeadCodeRemover::isCircularNoSideEffect (140 bytes)


---------------  P R O C E S S  ---------------

Java Threads: ( => current thread )
  0x000000001731e800 JavaThread "pool-2-thread-4" [_thread_in_Java, id=12080, stack(0x0000000017c90000,0x0000000017d90000)]
  0x000000001731c800 JavaThread "pool-2-thread-3" [_thread_in_Java, id=6616, stack(0x0000000017b90000,0x0000000017c90000)]
  0x00000000171ca000 JavaThread "pool-2-thread-2" [_thread_in_Java, id=15576, stack(0x0000000017a90000,0x0000000017b90000)]
  0x00000000171d4000 JavaThread "pool-3-thread-1" [_thread_blocked, id=18080, stack(0x0000000017990000,0x0000000017a90000)]
  0x00000000171d3000 JavaThread "pool-2-thread-1" [_thread_in_Java, id=13884, stack(0x0000000017890000,0x0000000017990000)]
  0x00000000170ee000 JavaThread "Service Thread" daemon [_thread_blocked, id=13144, stack(0x0000000017690000,0x0000000017790000)]
  0x00000000170e9000 JavaThread "C1 CompilerThread2" daemon [_thread_blocked, id=17928, stack(0x0000000017590000,0x0000000017690000)]
  0x00000000170e6800 JavaThread "C2 CompilerThread1" daemon [_thread_in_native, id=14348, stack(0x0000000017490000,0x0000000017590000)]
=>0x0000000015a8b000 JavaThread "C2 CompilerThread0" daemon [_thread_in_native, id=14340, stack(0x0000000016f90000,0x0000000017090000)]
  0x0000000015a3c000 JavaThread "Attach Listener" daemon [_thread_blocked, id=17680, stack(0x0000000016e90000,0x0000000016f90000)]
  0x0000000015a89800 JavaThread "Signal Dispatcher" daemon [_thread_blocked, id=14924, stack(0x0000000016d90000,0x0000000016e90000)]
  0x0000000015a1a800 JavaThread "Finalizer" daemon [_thread_blocked, id=12332, stack(0x0000000016c90000,0x0000000016d90000)]
  0x000000000334f800 JavaThread "Reference Handler" daemon [_thread_blocked, id=10668, stack(0x0000000016b90000,0x0000000016c90000)]
  0x0000000003260800 JavaThread "main" [_thread_in_native, id=6580, stack(0x0000000002de0000,0x0000000002ee0000)]

Other Threads:
  0x00000000159f8000 VMThread [stack: 0x0000000016a90000,0x0000000016b90000] [id=4680]
  0x0000000017103800 WatcherThread [stack: 0x0000000017790000,0x0000000017890000] [id=10284]

VM state:not at safepoint (normal execution)

VM Mutex/Monitor currently owned by a thread: None

Heap:
 PSYoungGen      total 35328K, used 30055K [0x00000000eab00000, 0x00000000ed000000, 0x0000000100000000)
  eden space 32768K, 91% used [0x00000000eab00000,0x00000000ec859c00,0x00000000ecb00000)
  from space 2560K, 0% used [0x00000000ecd80000,0x00000000ecd80000,0x00000000ed000000)
  to   space 2560K, 0% used [0x00000000ecb00000,0x00000000ecb00000,0x00000000ecd80000)
 ParOldGen       total 44032K, used 35269K [0x00000000c0000000, 0x00000000c2b00000, 0x00000000eab00000)
  object space 44032K, 80% used [0x00000000c0000000,0x00000000c2271550,0x00000000c2b00000)
 Metaspace       used 6035K, capacity 7088K, committed 7296K, reserved 1056768K
  class space    used 591K, capacity 616K, committed 640K, reserved 1048576K

Card table byte_map: [0x0000000012720000,0x0000000012930000] byte_map_base: 0x0000000012120000

Marking Bits: (ParMarkBitMap*) 0x000000006f4b64f0
 Begin Bits: [0x0000000012e90000, 0x0000000013e90000)
 End Bits:   [0x0000000013e90000, 0x0000000014e90000)

Polling page: 0x00000000015a0000

CodeCache: size=245760Kb used=6610Kb max_used=6623Kb free=239149Kb
 bounds [0x0000000003360000, 0x00000000039f0000, 0x0000000012360000]
 total_blobs=1841 nmethods=1577 adapters=177
 compilation: enabled

Compilation events (10 events):
Event: 5.926 Thread 0x00000000170e6800 nmethod 1607 0x00000000039d8910 code [0x00000000039d8ae0, 0x00000000039d9958]
Event: 5.926 Thread 0x00000000170e6800 1621       4       com.android.dx.cf.code.RopperMachine::jopToRopOpcode (1103 bytes)
Event: 5.949 Thread 0x00000000170e6800 nmethod 1621 0x00000000039d6d90 code [0x00000000039d7700, 0x00000000039d8018]
Event: 5.949 Thread 0x00000000170e6800 1625       4       com.android.dx.rop.cst.CstBaseMethodRef::compareTo0 (29 bytes)
Event: 5.949 Thread 0x00000000170e9000 1626       2       com.android.dx.ssa.back.SsaToRop$PhiVisitor::visitPhiInsn (67 bytes)
Event: 5.950 Thread 0x00000000170e9000 nmethod 1626 0x00000000039ced50 code [0x00000000039cef40, 0x00000000039cf4e8]
Event: 5.952 Thread 0x00000000170e9000 1628       2       com.android.dx.cf.code.LineNumberList::concat (92 bytes)
Event: 5.954 Thread 0x00000000170e9000 nmethod 1628 0x00000000039daf90 code [0x00000000039db200, 0x00000000039dbe08]
Event: 5.961 Thread 0x00000000170e6800 nmethod 1625 0x00000000039e0450 code [0x00000000039e05e0, 0x00000000039e0eb8]
Event: 5.961 Thread 0x00000000170e6800 1483       4       com.android.dx.ssa.LiteralOpUpgrader::tryReplacingWithConstant (161 bytes)

GC Heap History (10 events):
Event: 4.218 GC heap before
{Heap before GC invocations=3 (full 0):
 PSYoungGen      total 18944K, used 18943K [0x00000000eab00000, 0x00000000ed000000, 0x0000000100000000)
  eden space 16384K, 100% used [0x00000000eab00000,0x00000000ebb00000,0x00000000ebb00000)
  from space 2560K, 99% used [0x00000000ebd80000,0x00000000ebfffc78,0x00000000ec000000)
  to   space 2560K, 0% used [0x00000000ebb00000,0x00000000ebb00000,0x00000000ebd80000)
 ParOldGen       total 44032K, used 5089K [0x00000000c0000000, 0x00000000c2b00000, 0x00000000eab00000)
  object space 44032K, 11% used [0x00000000c0000000,0x00000000c04f8560,0x00000000c2b00000)
 Metaspace       used 5932K, capacity 6960K, committed 7040K, reserved 1056768K
  class space    used 589K, capacity 616K, committed 640K, reserved 1048576K
Event: 4.237 GC heap after
Heap after GC invocations=3 (full 0):
 PSYoungGen      total 18944K, used 2528K [0x00000000eab00000, 0x00000000ed000000, 0x0000000100000000)
  eden space 16384K, 0% used [0x00000000eab00000,0x00000000eab00000,0x00000000ebb00000)
  from space 2560K, 98% used [0x00000000ebb00000,0x00000000ebd78088,0x00000000ebd80000)
  to   space 2560K, 0% used [0x00000000ecd80000,0x00000000ecd80000,0x00000000ed000000)
 ParOldGen       total 44032K, used 9712K [0x00000000c0000000, 0x00000000c2b00000, 0x00000000eab00000)
  object space 44032K, 22% used [0x00000000c0000000,0x00000000c097c0e8,0x00000000c2b00000)
 Metaspace       used 5932K, capacity 6960K, committed 7040K, reserved 1056768K
  class space    used 589K, capacity 616K, committed 640K, reserved 1048576K
}
Event: 4.469 GC heap before
{Heap before GC invocations=4 (full 0):
 PSYoungGen      total 18944K, used 18912K [0x00000000eab00000, 0x00000000ed000000, 0x0000000100000000)
  eden space 16384K, 100% used [0x00000000eab00000,0x00000000ebb00000,0x00000000ebb00000)
  from space 2560K, 98% used [0x00000000ebb00000,0x00000000ebd78088,0x00000000ebd80000)
  to   space 2560K, 0% used [0x00000000ecd80000,0x00000000ecd80000,0x00000000ed000000)
 ParOldGen       total 44032K, used 9712K [0x00000000c0000000, 0x00000000c2b00000, 0x00000000eab00000)
  object space 44032K, 22% used [0x00000000c0000000,0x00000000c097c0e8,0x00000000c2b00000)
 Metaspace       used 5937K, capacity 6960K, committed 7040K, reserved 1056768K
  class space    used 589K, capacity 616K, committed 640K, reserved 1048576K
Event: 4.514 GC heap after
Heap after GC invocations=4 (full 0):
 PSYoungGen      total 35328K, used 2528K [0x00000000eab00000, 0x00000000ed000000, 0x0000000100000000)
  eden space 32768K, 0% used [0x00000000eab00000,0x00000000eab00000,0x00000000ecb00000)
  from space 2560K, 98% used [0x00000000ecd80000,0x00000000ecff8088,0x00000000ed000000)
  to   space 2560K, 0% used [0x00000000ecb00000,0x00000000ecb00000,0x00000000ecd80000)
 ParOldGen       total 44032K, used 16538K [0x00000000c0000000, 0x00000000c2b00000, 0x00000000eab00000)
  object space 44032K, 37% used [0x00000000c0000000,0x00000000c10269a0,0x00000000c2b00000)
 Metaspace       used 5937K, capacity 6960K, committed 7040K, reserved 1056768K
  class space    used 589K, capacity 616K, committed 640K, reserved 1048576K
}
Event: 4.900 GC heap before
{Heap before GC invocations=5 (full 0):
 PSYoungGen      total 35328K, used 35296K [0x00000000eab00000, 0x00000000ed000000, 0x0000000100000000)
  eden space 32768K, 100% used [0x00000000eab00000,0x00000000ecb00000,0x00000000ecb00000)
  from space 2560K, 98% used [0x00000000ecd80000,0x00000000ecff8088,0x00000000ed000000)
  to   space 2560K, 0% used [0x00000000ecb00000,0x00000000ecb00000,0x00000000ecd80000)
 ParOldGen       total 44032K, used 16538K [0x00000000c0000000, 0x00000000c2b00000, 0x00000000eab00000)
  object space 44032K, 37% used [0x00000000c0000000,0x00000000c10269a0,0x00000000c2b00000)
 Metaspace       used 5970K, capacity 7024K, committed 7296K, reserved 1056768K
  class space    used 591K, capacity 616K, committed 640K, reserved 1048576K
Event: 4.964 GC heap after
Heap after GC invocations=5 (full 0):
 PSYoungGen      total 35328K, used 2539K [0x00000000eab00000, 0x00000000ed000000, 0x0000000100000000)
  eden space 32768K, 0% used [0x00000000eab00000,0x00000000eab00000,0x00000000ecb00000)
  from space 2560K, 99% used [0x00000000ecb00000,0x00000000ecd7ac10,0x00000000ecd80000)
  to   space 2560K, 0% used [0x00000000ecd80000,0x00000000ecd80000,0x00000000ed000000)
 ParOldGen       total 44032K, used 30417K [0x00000000c0000000, 0x00000000c2b00000, 0x00000000eab00000)
  object space 44032K, 69% used [0x00000000c0000000,0x00000000c1db4538,0x00000000c2b00000)
 Metaspace       used 5970K, capacity 7024K, committed 7296K, reserved 1056768K
  class space    used 591K, capacity 616K, committed 640K, reserved 1048576K
}
Event: 5.340 GC heap before
{Heap before GC invocations=6 (full 0):
 PSYoungGen      total 35328K, used 35307K [0x00000000eab00000, 0x00000000ed000000, 0x0000000100000000)
  eden space 32768K, 100% used [0x00000000eab00000,0x00000000ecb00000,0x00000000ecb00000)
  from space 2560K, 99% used [0x00000000ecb00000,0x00000000ecd7ac10,0x00000000ecd80000)
  to   space 2560K, 0% used [0x00000000ecd80000,0x00000000ecd80000,0x00000000ed000000)
 ParOldGen       total 44032K, used 30417K [0x00000000c0000000, 0x00000000c2b00000, 0x00000000eab00000)
  object space 44032K, 69% used [0x00000000c0000000,0x00000000c1db4538,0x00000000c2b00000)
 Metaspace       used 6011K, capacity 7024K, committed 7296K, reserved 1056768K
  class space    used 591K, capacity 616K, committed 640K, reserved 1048576K
Event: 5.364 GC heap after
Heap after GC invocations=6 (full 0):
 PSYoungGen      total 35328K, used 2553K [0x00000000eab00000, 0x00000000ed000000, 0x0000000100000000)
  eden space 32768K, 0% used [0x00000000eab00000,0x00000000eab00000,0x00000000ecb00000)
  from space 2560K, 99% used [0x00000000ecd80000,0x00000000ecffe730,0x00000000ed000000)
  to   space 2560K, 0% used [0x00000000ecb00000,0x00000000ecb00000,0x00000000ecd80000)
 ParOldGen       total 44032K, used 38850K [0x00000000c0000000, 0x00000000c2b00000, 0x00000000eab00000)
  object space 44032K, 88% used [0x00000000c0000000,0x00000000c25f0b70,0x00000000c2b00000)
 Metaspace       used 6011K, capacity 7024K, committed 7296K, reserved 1056768K
  class space    used 591K, capacity 616K, committed 640K, reserved 1048576K
}
Event: 5.364 GC heap before
{Heap before GC invocations=7 (full 1):
 PSYoungGen      total 35328K, used 2553K [0x00000000eab00000, 0x00000000ed000000, 0x0000000100000000)
  eden space 32768K, 0% used [0x00000000eab00000,0x00000000eab00000,0x00000000ecb00000)
  from space 2560K, 99% used [0x00000000ecd80000,0x00000000ecffe730,0x00000000ed000000)
  to   space 2560K, 0% used [0x00000000ecb00000,0x00000000ecb00000,0x00000000ecd80000)
 ParOldGen       total 44032K, used 38850K [0x00000000c0000000, 0x00000000c2b00000, 0x00000000eab00000)
  object space 44032K, 88% used [0x00000000c0000000,0x00000000c25f0b70,0x00000000c2b00000)
 Metaspace       used 6011K, capacity 7024K, committed 7296K, reserved 1056768K
  class space    used 591K, capacity 616K, committed 640K, reserved 1048576K
Event: 5.750 GC heap after
Heap after GC invocations=7 (full 1):
 PSYoungGen      total 35328K, used 0K [0x00000000eab00000, 0x00000000ed000000, 0x0000000100000000)
  eden space 32768K, 0% used [0x00000000eab00000,0x00000000eab00000,0x00000000ecb00000)
  from space 2560K, 0% used [0x00000000ecd80000,0x00000000ecd80000,0x00000000ed000000)
  to   space 2560K, 0% used [0x00000000ecb00000,0x00000000ecb00000,0x00000000ecd80000)
 ParOldGen       total 44032K, used 35269K [0x00000000c0000000, 0x00000000c2b00000, 0x00000000eab00000)
  object space 44032K, 80% used [0x00000000c0000000,0x00000000c2271550,0x00000000c2b00000)
 Metaspace       used 6011K, capacity 7024K, committed 7296K, reserved 1056768K
  class space    used 591K, capacity 616K, committed 640K, reserved 1048576K
}

Deoptimization events (10 events):
Event: 3.812 Thread 0x000000001731e800 Uncommon trap: reason=unstable_if action=reinterpret pc=0x00000000034ffe5c method=com.android.dx.rop.cst.Constant.compareTo(Lcom/android/dx/rop/cst/Constant;)I @ 12
Event: 3.812 Thread 0x000000001731e800 Uncommon trap: reason=bimorphic action=maybe_recompile pc=0x00000000037f4d34 method=java.util.HashMap.getNode(ILjava/lang/Object;)Ljava/util/HashMap$Node; @ 126
Event: 3.812 Thread 0x000000001731e800 Uncommon trap: reason=bimorphic action=maybe_recompile pc=0x00000000037f4d34 method=java.util.HashMap.getNode(ILjava/lang/Object;)Ljava/util/HashMap$Node; @ 126
Event: 4.183 Thread 0x000000001731e800 Uncommon trap: reason=class_check action=maybe_recompile pc=0x00000000037efa3c method=com.android.dx.ssa.NormalSsaInsn.accept(Lcom/android/dx/ssa/SsaInsn$Visitor;)V @ 9
Event: 4.268 Thread 0x00000000171ca000 Uncommon trap: reason=class_check action=maybe_recompile pc=0x00000000037efa3c method=com.android.dx.ssa.NormalSsaInsn.accept(Lcom/android/dx/ssa/SsaInsn$Visitor;)V @ 9
Event: 4.548 Thread 0x00000000171ca000 Uncommon trap: reason=null_check action=make_not_entrant pc=0x00000000038210e8 method=com.android.dx.rop.type.Type.equals(Ljava/lang/Object;)Z @ 8
Event: 5.283 Thread 0x00000000171d3000 Uncommon trap: reason=class_check action=maybe_recompile pc=0x00000000037efa3c method=com.android.dx.ssa.NormalSsaInsn.accept(Lcom/android/dx/ssa/SsaInsn$Visitor;)V @ 9
Event: 5.283 Thread 0x00000000171d3000 Uncommon trap: reason=class_check action=maybe_recompile pc=0x00000000037efa3c method=com.android.dx.ssa.NormalSsaInsn.accept(Lcom/android/dx/ssa/SsaInsn$Visitor;)V @ 9
Event: 5.286 Thread 0x00000000171d3000 Uncommon trap: reason=class_check action=maybe_recompile pc=0x00000000035ca930 method=com.android.dx.ssa.NormalSsaInsn.accept(Lcom/android/dx/ssa/SsaInsn$Visitor;)V @ 9
Event: 5.764 Thread 0x000000001731e800 Uncommon trap: reason=unstable_if action=reinterpret pc=0x000000000395d074 method=com.android.dx.ssa.SsaRenamer$BlockRenamer.process()V @ 90

Internal exceptions (3 events):
Event: 1.003 Thread 0x0000000003260800 Exception <a 'java/lang/NoSuchMethodError': Method sun.misc.Unsafe.defineClass(Ljava/lang/String;[BII)Ljava/lang/Class; name or signature does not match> (0x00000000eab07cc0) thrown at [D:\re\workspace\8-2-build-windows-amd64-cygwin\jdk8u92\6642\hotspot\sr»åi9ð?
Event: 1.003 Thread 0x0000000003260800 Exception <a 'java/lang/NoSuchMethodError': Method sun.misc.Unsafe.prefetchRead(Ljava/lang/Object;J)V name or signature does not match> (0x00000000eab07fa8) thrown at [D:\re\workspace\8-2-build-windows-amd64-cygwin\jdk8u92\6642\hotspot\src\share\vm\prims\j<x{T1@
Event: 4.548 Thread 0x00000000171ca000 Implicit null exception at 0x0000000003820fe2 to 0x00000000038210da

Events (10 events):
Event: 5.807 Thread 0x00000000171d3000 DEOPT PACKING pc=0x0000000003742c54 sp=0x000000001798e740
Event: 5.807 Thread 0x00000000171d3000 DEOPT UNPACKING pc=0x00000000033a787f sp=0x000000001798e508 mode 0
Event: 5.811 Thread 0x00000000171ca000 DEOPT PACKING pc=0x0000000003742c6b sp=0x0000000017b8e800
Event: 5.811 Thread 0x00000000171ca000 DEOPT UNPACKING pc=0x00000000033a787f sp=0x0000000017b8e5c8 mode 0
Event: 5.833 Executing VM operation: EnableBiasedLocking
Event: 5.851 Executing VM operation: EnableBiasedLocking done
Event: 5.861 Thread 0x000000001731c800 DEOPT PACKING pc=0x0000000003742c6b sp=0x0000000017c8e980
Event: 5.861 Thread 0x000000001731c800 DEOPT UNPACKING pc=0x00000000033a787f sp=0x0000000017c8e748 mode 0
Event: 5.867 Thread 0x0000000003260800 DEOPT PACKING pc=0x0000000003742c54 sp=0x0000000002ede0d0
Event: 5.867 Thread 0x0000000003260800 DEOPT UNPACKING pc=0x00000000033a787f sp=0x0000000002edde98 mode 0


Dynamic libraries:
0x00007ff72d410000 - 0x00007ff72d447000 	D:\Program Files\Java\jdk1.8.0_92\bin\java.exe
0x00007ffdddd70000 - 0x00007ffdddf31000 	C:\windows\SYSTEM32\ntdll.dll
0x00007ffddb400000 - 0x00007ffddb4ad000 	C:\windows\system32\KERNEL32.DLL
0x00007ffddad50000 - 0x00007ffddaf38000 	C:\windows\system32\KERNELBASE.dll
0x00007ffddcc80000 - 0x00007ffddcd27000 	C:\windows\system32\ADVAPI32.dll
0x00007ffddd9a0000 - 0x00007ffddda3d000 	C:\windows\system32\msvcrt.dll
0x00007ffddb3a0000 - 0x00007ffddb3fb000 	C:\windows\system32\sechost.dll
0x00007ffddb240000 - 0x00007ffddb35c000 	C:\windows\system32\RPCRT4.dll
0x00007ffddd250000 - 0x00007ffddd3a6000 	C:\windows\system32\USER32.dll
0x00007ffddd060000 - 0x00007ffddd1e6000 	C:\windows\system32\GDI32.dll
0x00007ffdc2b80000 - 0x00007ffdc2df4000 	C:\windows\WinSxS\amd64_microsoft.windows.common-controls_6595b64144ccf1df_6.0.10586.589_none_a2ddb3caa539acce\COMCTL32.dll
0x00007ffdddaf0000 - 0x00007ffdddd6d000 	C:\windows\system32\combase.dll
0x00007ffddb040000 - 0x00007ffddb0aa000 	C:\windows\system32\bcryptPrimitives.dll
0x00007ffddb360000 - 0x00007ffddb39b000 	C:\windows\system32\IMM32.DLL
0x000000006f540000 - 0x000000006f612000 	D:\Program Files\Java\jdk1.8.0_92\jre\bin\msvcr100.dll
0x000000006eca0000 - 0x000000006f536000 	D:\Program Files\Java\jdk1.8.0_92\jre\bin\server\jvm.dll
0x00007ffddcef0000 - 0x00007ffddcef8000 	C:\windows\system32\PSAPI.DLL
0x00007ffdcb000000 - 0x00007ffdcb009000 	C:\windows\SYSTEM32\WSOCK32.dll
0x00007ffddcf60000 - 0x00007ffddcfcb000 	C:\windows\system32\WS2_32.dll
0x00007ffdd8b80000 - 0x00007ffdd8ba3000 	C:\windows\SYSTEM32\WINMM.dll
0x00007ffdcbef0000 - 0x00007ffdcbefa000 	C:\windows\SYSTEM32\VERSION.dll
0x00007ffdd8a40000 - 0x00007ffdd8a6c000 	C:\windows\SYSTEM32\WINMMBASE.dll
0x00007ffddaf40000 - 0x00007ffddaf83000 	C:\windows\system32\cfgmgr32.dll
0x00000000703a0000 - 0x00000000703af000 	D:\Program Files\Java\jdk1.8.0_92\jre\bin\verify.dll
0x0000000070370000 - 0x0000000070399000 	D:\Program Files\Java\jdk1.8.0_92\jre\bin\java.dll
0x0000000070350000 - 0x0000000070366000 	D:\Program Files\Java\jdk1.8.0_92\jre\bin\zip.dll
0x00007ffddb720000 - 0x00007ffddcc7c000 	C:\windows\system32\SHELL32.dll
0x00007ffdda420000 - 0x00007ffddaa65000 	C:\windows\system32\windows.storage.dll
0x00007ffddcf00000 - 0x00007ffddcf52000 	C:\windows\system32\shlwapi.dll
0x00007ffdda3e0000 - 0x00007ffdda3ef000 	C:\windows\system32\kernel.appcore.dll
0x00007ffddb0b0000 - 0x00007ffddb165000 	C:\windows\system32\shcore.dll
0x00007ffdda390000 - 0x00007ffdda3db000 	C:\windows\system32\powrprof.dll
0x00007ffdda400000 - 0x00007ffdda414000 	C:\windows\system32\profapi.dll

VM Arguments:
jvm_args: -Djava.awt.headless=true -Xmx1024M -Dfile.encoding=GBK -Duser.country=CN -Duser.language=zh -Duser.variant 
java_command: com.android.dx.command.Main --dex --force-jumbo --num-threads=4 --multi-dex --output C:\Users\lee\OneDrive\Documents\AndroidStudioProjects\MyApplication\JimeiBarcode_Android\build\intermediates\transforms\dex\debug\folders\1000\5\slice_0 C:\Users\lee\OneDrive\Documents\AndroidStudioProjects\MyApplication\JimeiBarcode_Android\build\intermediates\transforms\instantRunSlicer\debug\folders\1\5\slice_0
java_class_path (initial): D:\Android\Sdk\build-tools\24.0.0\lib\dx.jar
Launcher Type: SUN_STANDARD

Environment Variables:
PATH=C:\ProgramData\Oracle\Java\javapath;C:\windows\system32;C:\windows;C:\windows\System32\Wbem;C:\windows\System32\WindowsPowerShell\v1.0\;C:\Program Files (x86)\Microsoft SQL Server\90\Tools\binn\;D:\Program Files (x86)\Android\android-sdk\platform-tools;D:\Program Files (x86)\Android\android-sdk\tools;C:\windows\system32\config\systemprofile\.dnx\bin;C:\Program Files\Microsoft DNX\Dnvm\;C:\Program Files\Microsoft SQL Server\120\Tools\Binn\;C:\Program Files\Git\cmd
USERNAME=lee
OS=Windows_NT
PROCESSOR_IDENTIFIER=Intel64 Family 6 Model 69 Stepping 1, GenuineIntel



---------------  S Y S T E M  ---------------

OS: Windows 10.0 , 64 bit Build 10586 (10.0.10586.589)

CPU:total 4 (2 cores per cpu, 2 threads per core) family 6 model 69 stepping 1, cmov, cx8, fxsr, mmx, sse, sse2, sse3, ssse3, sse4.1, sse4.2, popcnt, avx, avx2, aes, clmul, erms, lzcnt, ht, tsc, tscinvbit, bmi1, bmi2

Memory: 4k page, physical 4133144k(148108k free), swap 10839956k(5464k free)

vm_info: Java HotSpot(TM) 64-Bit Server VM (25.92-b14) for windows-amd64 JRE (1.8.0_92-b14), built on Mar 31 2016 21:03:04 by "java_re" with MS VC++ 10.0 (VS2010)

time: Wed Nov 02 01:05:43 2016
elapsed time: 5 seconds (0d 0h 0m 5s)

