#
# There is insufficient memory for the Java Runtime Environment to continue.
# Native memory allocation (malloc) failed to allocate 653616 bytes for Chunk::new
# Possible reasons:
#   The system is out of physical RAM or swap space
#   In 32 bit mode, the process size limit was hit
# Possible solutions:
#   Reduce memory load on the system
#   Increase physical memory or swap space
#   Check if swap backing store is full
#   Use 64 bit Java on a 64 bit OS
#   Decrease Java heap size (-Xmx/-Xms)
#   Decrease number of Java threads
#   Decrease Java thread stack sizes (-Xss)
#   Set larger code cache with -XX:ReservedCodeCacheSize=
# This output file may be truncated or incomplete.
#
#  Out of Memory Error (allocation.cpp:390), pid=16920, tid=0x000000000000310c
#
# JRE version: Java(TM) SE Runtime Environment (8.0_92-b14) (build 1.8.0_92-b14)
# Java VM: Java HotSpot(TM) 64-Bit Server VM (25.92-b14 mixed mode windows-amd64 compressed oops)
# Failed to write core dump. Minidumps are not enabled by default on client versions of Windows
#

---------------  T H R E A D  ---------------

Current thread (0x0000000016df6800):  JavaThread "C2 CompilerThread1" daemon [_thread_in_native, id=12556, stack(0x00000000171a0000,0x00000000172a0000)]

Stack: [0x00000000171a0000,0x00000000172a0000]
[error occurred during error reporting (printing stack bounds), id 0xc0000005]

Native frames: (J=compiled Java code, j=interpreted, Vv=VM code, C=native code)


Current CompileTask:
C2:   4442 1346   !   4       com.android.dx.cf.code.BytecodeArray::parseInstruction (2764 bytes)


---------------  P R O C E S S  ---------------

Java Threads: ( => current thread )
  0x0000000017032800 JavaThread "pool-2-thread-4" [_thread_in_Java, id=16292, stack(0x00000000179a0000,0x0000000017aa0000)]
  0x0000000017032000 JavaThread "pool-2-thread-3" [_thread_in_Java, id=19952, stack(0x00000000178a0000,0x00000000179a0000)]
  0x0000000017031000 JavaThread "pool-2-thread-2" [_thread_blocked, id=3484, stack(0x00000000177a0000,0x00000000178a0000)]
  0x000000001701c800 JavaThread "pool-3-thread-1" [_thread_blocked, id=5056, stack(0x00000000176a0000,0x00000000177a0000)]
  0x000000001701b800 JavaThread "pool-2-thread-1" [_thread_blocked, id=6348, stack(0x00000000175a0000,0x00000000176a0000)]
  0x0000000016e06800 JavaThread "Service Thread" daemon [_thread_blocked, id=7472, stack(0x00000000173a0000,0x00000000174a0000)]
  0x0000000016dfa000 JavaThread "C1 CompilerThread2" daemon [_thread_blocked, id=20400, stack(0x00000000172a0000,0x00000000173a0000)]
=>0x0000000016df6800 JavaThread "C2 CompilerThread1" daemon [_thread_in_native, id=12556, stack(0x00000000171a0000,0x00000000172a0000)]
  0x00000000157ab000 JavaThread "C2 CompilerThread0" daemon [_thread_in_native, id=15064, stack(0x0000000016ca0000,0x0000000016da0000)]
  0x000000001575c000 JavaThread "Attach Listener" daemon [_thread_blocked, id=4808, stack(0x0000000016ba0000,0x0000000016ca0000)]
  0x00000000157a9800 JavaThread "Signal Dispatcher" daemon [_thread_blocked, id=19584, stack(0x0000000016aa0000,0x0000000016ba0000)]
  0x000000001573a800 JavaThread "Finalizer" daemon [_thread_blocked, id=17392, stack(0x00000000169a0000,0x0000000016aa0000)]
  0x000000000306f800 JavaThread "Reference Handler" daemon [_thread_blocked, id=18712, stack(0x00000000168a0000,0x00000000169a0000)]
  0x0000000002f80800 JavaThread "main" [_thread_blocked, id=10336, stack(0x0000000002940000,0x0000000002a40000)]

Other Threads:
  0x0000000015718000 VMThread [stack: 0x00000000167a0000,0x00000000168a0000] [id=3448]
  0x0000000016e1a800 WatcherThread [stack: 0x00000000174a0000,0x00000000175a0000] [id=10416]

VM state:not at safepoint (normal execution)

VM Mutex/Monitor currently owned by a thread: None

Heap:
 PSYoungGen      total 35328K, used 14716K [0x00000000eab00000, 0x00000000ed000000, 0x0000000100000000)
  eden space 32768K, 37% used [0x00000000eab00000,0x00000000eb6e2778,0x00000000ecb00000)
  from space 2560K, 99% used [0x00000000ecd80000,0x00000000ecffcc30,0x00000000ed000000)
  to   space 2560K, 0% used [0x00000000ecb00000,0x00000000ecb00000,0x00000000ecd80000)
 ParOldGen       total 44032K, used 4248K [0x00000000c0000000, 0x00000000c2b00000, 0x00000000eab00000)
  object space 44032K, 9% used [0x00000000c0000000,0x00000000c04260b0,0x00000000c2b00000)
 Metaspace       used 6047K, capacity 7024K, committed 7296K, reserved 1056768K
  class space    used 594K, capacity 616K, committed 640K, reserved 1048576K

Card table byte_map: [0x0000000012440000,0x0000000012650000] byte_map_base: 0x0000000011e40000

Marking Bits: (ParMarkBitMap*) 0x000000006f4b64f0
 Begin Bits: [0x0000000012bb0000, 0x0000000013bb0000)
 End Bits:   [0x0000000013bb0000, 0x0000000014bb0000)

Polling page: 0x0000000000e60000

CodeCache: size=245760Kb used=5910Kb max_used=5910Kb free=239849Kb
 bounds [0x0000000003080000, 0x0000000003650000, 0x0000000012080000]
 total_blobs=1668 nmethods=1403 adapters=178
 compilation: enabled

Compilation events (10 events):
Event: 4.427 Thread 0x0000000016dfa000 nmethod 1407 0x0000000003634a10 code [0x0000000003634b80, 0x0000000003634da8]
Event: 4.428 Thread 0x0000000016dfa000 1408   !   3       com.android.dx.cf.direct.StdAttributeFactory::parseLocalVariables (274 bytes)
Event: 4.434 Thread 0x0000000016dfa000 nmethod 1408 0x0000000003634e90 code [0x0000000003635600, 0x000000000363a6a8]
Event: 4.434 Thread 0x0000000016dfa000 1413       3       com.android.dx.ssa.SsaRenamer::getLocalForNewReg (25 bytes)
Event: 4.434 Thread 0x0000000016dfa000 nmethod 1413 0x0000000003640210 code [0x00000000036403c0, 0x00000000036408f8]
Event: 4.434 Thread 0x0000000016dfa000 1409       3       com.android.dx.ssa.SsaRenamer::access$600 (6 bytes)
Event: 4.435 Thread 0x0000000016dfa000 nmethod 1409 0x0000000003640c50 code [0x0000000003640dc0, 0x00000000036410e8]
Event: 4.435 Thread 0x0000000016dfa000 1410       3       com.android.dx.ssa.SsaRenamer::equalsHandlesNulls (23 bytes)
Event: 4.435 Thread 0x0000000016dfa000 nmethod 1410 0x0000000003641210 code [0x0000000003641380, 0x0000000003641648]
Event: 4.435 Thread 0x0000000016dfa000 1411       3       com.android.dx.ssa.SsaRenamer$BlockRenamer::visitMoveInsn (271 bytes)

GC Heap History (4 events):
Event: 3.379 GC heap before
{Heap before GC invocations=1 (full 0):
 PSYoungGen      total 18944K, used 16384K [0x00000000eab00000, 0x00000000ec000000, 0x0000000100000000)
  eden space 16384K, 100% used [0x00000000eab00000,0x00000000ebb00000,0x00000000ebb00000)
  from space 2560K, 0% used [0x00000000ebd80000,0x00000000ebd80000,0x00000000ec000000)
  to   space 2560K, 0% used [0x00000000ebb00000,0x00000000ebb00000,0x00000000ebd80000)
 ParOldGen       total 44032K, used 0K [0x00000000c0000000, 0x00000000c2b00000, 0x00000000eab00000)
  object space 44032K, 0% used [0x00000000c0000000,0x00000000c0000000,0x00000000c2b00000)
 Metaspace       used 5772K, capacity 6768K, committed 7040K, reserved 1056768K
  class space    used 592K, capacity 616K, committed 640K, reserved 1048576K
Event: 3.448 GC heap after
Heap after GC invocations=1 (full 0):
 PSYoungGen      total 18944K, used 2530K [0x00000000eab00000, 0x00000000ed000000, 0x0000000100000000)
  eden space 16384K, 0% used [0x00000000eab00000,0x00000000eab00000,0x00000000ebb00000)
  from space 2560K, 98% used [0x00000000ebb00000,0x00000000ebd78ab8,0x00000000ebd80000)
  to   space 2560K, 0% used [0x00000000ecd80000,0x00000000ecd80000,0x00000000ed000000)
 ParOldGen       total 44032K, used 1735K [0x00000000c0000000, 0x00000000c2b00000, 0x00000000eab00000)
  object space 44032K, 3% used [0x00000000c0000000,0x00000000c01b1c48,0x00000000c2b00000)
 Metaspace       used 5772K, capacity 6768K, committed 7040K, reserved 1056768K
  class space    used 592K, capacity 616K, committed 640K, reserved 1048576K
}
Event: 4.245 GC heap before
{Heap before GC invocations=2 (full 0):
 PSYoungGen      total 18944K, used 18914K [0x00000000eab00000, 0x00000000ed000000, 0x0000000100000000)
  eden space 16384K, 100% used [0x00000000eab00000,0x00000000ebb00000,0x00000000ebb00000)
  from space 2560K, 98% used [0x00000000ebb00000,0x00000000ebd78ab8,0x00000000ebd80000)
  to   space 2560K, 0% used [0x00000000ecd80000,0x00000000ecd80000,0x00000000ed000000)
 ParOldGen       total 44032K, used 1735K [0x00000000c0000000, 0x00000000c2b00000, 0x00000000eab00000)
  object space 44032K, 3% used [0x00000000c0000000,0x00000000c01b1c48,0x00000000c2b00000)
 Metaspace       used 5995K, capacity 6960K, committed 7040K, reserved 1056768K
  class space    used 594K, capacity 616K, committed 640K, reserved 1048576K
Event: 4.276 GC heap after
Heap after GC invocations=2 (full 0):
 PSYoungGen      total 35328K, used 2547K [0x00000000eab00000, 0x00000000ed000000, 0x0000000100000000)
  eden space 32768K, 0% used [0x00000000eab00000,0x00000000eab00000,0x00000000ecb00000)
  from space 2560K, 99% used [0x00000000ecd80000,0x00000000ecffcc30,0x00000000ed000000)
  to   space 2560K, 0% used [0x00000000ecb00000,0x00000000ecb00000,0x00000000ecd80000)
 ParOldGen       total 44032K, used 4248K [0x00000000c0000000, 0x00000000c2b00000, 0x00000000eab00000)
  object space 44032K, 9% used [0x00000000c0000000,0x00000000c04260b0,0x00000000c2b00000)
 Metaspace       used 5995K, capacity 6960K, committed 7040K, reserved 1056768K
  class space    used 594K, capacity 616K, committed 640K, reserved 1048576K
}

Deoptimization events (10 events):
Event: 4.323 Thread 0x0000000017032000 Uncommon trap: reason=bimorphic action=maybe_recompile pc=0x000000000329ac24 method=java.util.HashMap.getNode(ILjava/lang/Object;)Ljava/util/HashMap$Node; @ 126
Event: 4.323 Thread 0x0000000017032000 Uncommon trap: reason=bimorphic action=maybe_recompile pc=0x000000000329ac24 method=java.util.HashMap.getNode(ILjava/lang/Object;)Ljava/util/HashMap$Node; @ 126
Event: 4.323 Thread 0x0000000017032000 Uncommon trap: reason=bimorphic action=maybe_recompile pc=0x000000000329ac24 method=java.util.HashMap.getNode(ILjava/lang/Object;)Ljava/util/HashMap$Node; @ 126
Event: 4.345 Thread 0x0000000002f80800 Uncommon trap: reason=unloaded action=reinterpret pc=0x00000000035cdc08 method=com.android.dx.cf.cst.ConstantPoolParser.parse0(ILjava/util/BitSet;)Lcom/android/dx/rop/cst/Constant; @ 198
Event: 4.374 Thread 0x000000001701b800 Uncommon trap: reason=bimorphic action=maybe_recompile pc=0x00000000034fd384 method=java.util.HashMap.putVal(ILjava/lang/Object;Ljava/lang/Object;ZZ)Ljava/lang/Object; @ 203
Event: 4.374 Thread 0x000000001701b800 Uncommon trap: reason=bimorphic action=maybe_recompile pc=0x00000000034fd384 method=java.util.HashMap.putVal(ILjava/lang/Object;Ljava/lang/Object;ZZ)Ljava/lang/Object; @ 203
Event: 4.377 Thread 0x000000001701b800 Uncommon trap: reason=bimorphic action=maybe_recompile pc=0x00000000034fd384 method=java.util.HashMap.putVal(ILjava/lang/Object;Ljava/lang/Object;ZZ)Ljava/lang/Object; @ 203
Event: 4.382 Thread 0x000000001701b800 Uncommon trap: reason=unstable_if action=reinterpret pc=0x000000000341752c method=com.android.dx.rop.code.RegisterSpecSet.put(Lcom/android/dx/rop/code/RegisterSpec;)V @ 77
Event: 4.382 Thread 0x000000001701b800 Uncommon trap: reason=unstable_if action=reinterpret pc=0x00000000034a052c method=com.android.dx.rop.code.RegisterSpecSet.put(Lcom/android/dx/rop/code/RegisterSpec;)V @ 77
Event: 4.414 Thread 0x000000001701b800 Uncommon trap: reason=null_check action=make_not_entrant pc=0x00000000033ae1b0 method=com.android.dx.ssa.SsaRenamer.getLocalForNewReg(I)Lcom/android/dx/rop/code/LocalItem; @ 19

Internal exceptions (3 events):
Event: 0.330 Thread 0x0000000002f80800 Exception <a 'java/lang/NoSuchMethodError': Method sun.misc.Unsafe.defineClass(Ljava/lang/String;[BII)Ljava/lang/Class; name or signature does not match> (0x00000000eab07cc0) thrown at [D:\re\workspace\8-2-build-windows-amd64-cygwin\jdk8u92\6642\hotspot\srËªÇµÕ?
Event: 0.330 Thread 0x0000000002f80800 Exception <a 'java/lang/NoSuchMethodError': Method sun.misc.Unsafe.prefetchRead(Ljava/lang/Object;J)V name or signature does not match> (0x00000000eab07fa8) thrown at [D:\re\workspace\8-2-build-windows-amd64-cygwin\jdk8u92\6642\hotspot\src\share\vm\prims\jã?º§@
Event: 4.414 Thread 0x000000001701b800 Implicit null exception at 0x00000000033ac8d7 to 0x00000000033ae169

Events (10 events):
Event: 4.377 Thread 0x000000001701b800 DEOPT UNPACKING pc=0x00000000030c582a sp=0x000000001769eb68 mode 2
Event: 4.382 Thread 0x000000001701b800 Uncommon trap: trap_request=0xffffff65 fr.pc=0x000000000341752c
Event: 4.382 Thread 0x000000001701b800 DEOPT PACKING pc=0x000000000341752c sp=0x000000001769ec70
Event: 4.382 Thread 0x000000001701b800 DEOPT UNPACKING pc=0x00000000030c582a sp=0x000000001769ebf8 mode 2
Event: 4.382 Thread 0x000000001701b800 Uncommon trap: trap_request=0xffffff65 fr.pc=0x00000000034a052c
Event: 4.382 Thread 0x000000001701b800 DEOPT PACKING pc=0x00000000034a052c sp=0x000000001769ec60
Event: 4.382 Thread 0x000000001701b800 DEOPT UNPACKING pc=0x00000000030c582a sp=0x000000001769eb80 mode 2
Event: 4.414 Thread 0x000000001701b800 Uncommon trap: trap_request=0xfffffff4 fr.pc=0x00000000033ae1b0
Event: 4.414 Thread 0x000000001701b800 DEOPT PACKING pc=0x00000000033ae1b0 sp=0x000000001769eb30
Event: 4.414 Thread 0x000000001701b800 DEOPT UNPACKING pc=0x00000000030c582a sp=0x000000001769e988 mode 2


Dynamic libraries:
0x00007ff72d410000 - 0x00007ff72d447000 	D:\Program Files\Java\jdk1.8.0_92\bin\java.exe
0x00007ffdddd70000 - 0x00007ffdddf31000 	C:\windows\SYSTEM32\ntdll.dll
0x00007ffddb400000 - 0x00007ffddb4ad000 	C:\windows\system32\KERNEL32.DLL
0x00007ffddad50000 - 0x00007ffddaf38000 	C:\windows\system32\KERNELBASE.dll
0x00007ffddcc80000 - 0x00007ffddcd27000 	C:\windows\system32\ADVAPI32.dll
0x00007ffddd9a0000 - 0x00007ffddda3d000 	C:\windows\system32\msvcrt.dll
0x00007ffddb3a0000 - 0x00007ffddb3fb000 	C:\windows\system32\sechost.dll
0x00007ffddb240000 - 0x00007ffddb35c000 	C:\windows\system32\RPCRT4.dll
0x00007ffddd250000 - 0x00007ffddd3a6000 	C:\windows\system32\USER32.dll
0x00007ffddd060000 - 0x00007ffddd1e6000 	C:\windows\system32\GDI32.dll
0x00007ffdc2b80000 - 0x00007ffdc2df4000 	C:\windows\WinSxS\amd64_microsoft.windows.common-controls_6595b64144ccf1df_6.0.10586.589_none_a2ddb3caa539acce\COMCTL32.dll
0x00007ffdddaf0000 - 0x00007ffdddd6d000 	C:\windows\system32\combase.dll
0x00007ffddb040000 - 0x00007ffddb0aa000 	C:\windows\system32\bcryptPrimitives.dll
0x00007ffddb360000 - 0x00007ffddb39b000 	C:\windows\system32\IMM32.DLL
0x000000006f540000 - 0x000000006f612000 	D:\Program Files\Java\jdk1.8.0_92\jre\bin\msvcr100.dll
0x000000006eca0000 - 0x000000006f536000 	D:\Program Files\Java\jdk1.8.0_92\jre\bin\server\jvm.dll
0x00007ffddcef0000 - 0x00007ffddcef8000 	C:\windows\system32\PSAPI.DLL
0x00007ffdcb000000 - 0x00007ffdcb009000 	C:\windows\SYSTEM32\WSOCK32.dll
0x00007ffddcf60000 - 0x00007ffddcfcb000 	C:\windows\system32\WS2_32.dll
0x00007ffdd8b80000 - 0x00007ffdd8ba3000 	C:\windows\SYSTEM32\WINMM.dll
0x00007ffdcbef0000 - 0x00007ffdcbefa000 	C:\windows\SYSTEM32\VERSION.dll
0x00007ffdd8a40000 - 0x00007ffdd8a6c000 	C:\windows\SYSTEM32\WINMMBASE.dll
0x00007ffddaf40000 - 0x00007ffddaf83000 	C:\windows\system32\cfgmgr32.dll
0x00000000703a0000 - 0x00000000703af000 	D:\Program Files\Java\jdk1.8.0_92\jre\bin\verify.dll
0x0000000070370000 - 0x0000000070399000 	D:\Program Files\Java\jdk1.8.0_92\jre\bin\java.dll
0x0000000070350000 - 0x0000000070366000 	D:\Program Files\Java\jdk1.8.0_92\jre\bin\zip.dll
0x00007ffddb720000 - 0x00007ffddcc7c000 	C:\windows\system32\SHELL32.dll
0x00007ffdda420000 - 0x00007ffddaa65000 	C:\windows\system32\windows.storage.dll
0x00007ffddcf00000 - 0x00007ffddcf52000 	C:\windows\system32\shlwapi.dll
0x00007ffdda3e0000 - 0x00007ffdda3ef000 	C:\windows\system32\kernel.appcore.dll
0x00007ffddb0b0000 - 0x00007ffddb165000 	C:\windows\system32\shcore.dll
0x00007ffdda390000 - 0x00007ffdda3db000 	C:\windows\system32\powrprof.dll
0x00007ffdda400000 - 0x00007ffdda414000 	C:\windows\system32\profapi.dll

VM Arguments:
jvm_args: -Djava.awt.headless=true -Xmx1024M -Dfile.encoding=GBK -Duser.country=CN -Duser.language=zh -Duser.variant 
java_command: com.android.dx.command.Main --dex --force-jumbo --num-threads=4 --multi-dex --output C:\Users\lee\OneDrive\Documents\AndroidStudioProjects\MyApplication\JimeiBarcode_Android\build\intermediates\transforms\dex\debug\folders\1000\10\com.android.support-support-core-ui-24.2.1_b9696ea6bdb67dfd85619ed4fb51b99257b83207 C:\Users\lee\OneDrive\Documents\AndroidStudioProjects\MyApplication\JimeiBarcode_Android\build\intermediates\exploded-aar\com.android.support\support-core-ui\24.2.1\jars\classes.jar
java_class_path (initial): D:\Android\Sdk\build-tools\24.0.0\lib\dx.jar
Launcher Type: SUN_STANDARD

Environment Variables:
PATH=C:\ProgramData\Oracle\Java\javapath;C:\windows\system32;C:\windows;C:\windows\System32\Wbem;C:\windows\System32\WindowsPowerShell\v1.0\;C:\Program Files (x86)\Microsoft SQL Server\90\Tools\binn\;D:\Program Files (x86)\Android\android-sdk\platform-tools;D:\Program Files (x86)\Android\android-sdk\tools;C:\windows\system32\config\systemprofile\.dnx\bin;C:\Program Files\Microsoft DNX\Dnvm\;C:\Program Files\Microsoft SQL Server\120\Tools\Binn\;C:\Program Files\Git\cmd
USERNAME=lee
OS=Windows_NT
PROCESSOR_IDENTIFIER=Intel64 Family 6 Model 69 Stepping 1, GenuineIntel



---------------  S Y S T E M  ---------------

OS: Windows 10.0 , 64 bit Build 10586 (10.0.10586.589)

CPU:total 4 (2 cores per cpu, 2 threads per core) family 6 model 69 stepping 1, cmov, cx8, fxsr, mmx, sse, sse2, sse3, ssse3, sse4.1, sse4.2, popcnt, avx, avx2, aes, clmul, erms, lzcnt, ht, tsc, tscinvbit, bmi1, bmi2

Memory: 4k page, physical 4133144k(133028k free), swap 10839956k(5320k free)

vm_info: Java HotSpot(TM) 64-Bit Server VM (25.92-b14) for windows-amd64 JRE (1.8.0_92-b14), built on Mar 31 2016 21:03:04 by "java_re" with MS VC++ 10.0 (VS2010)

time: Wed Nov 02 01:05:18 2016
elapsed time: 4 seconds (0d 0h 0m 4s)

