#
# There is insufficient memory for the Java Runtime Environment to continue.
# Native memory allocation (malloc) failed to allocate 81936 bytes for Chunk::new
# Possible reasons:
#   The system is out of physical RAM or swap space
#   In 32 bit mode, the process size limit was hit
# Possible solutions:
#   Reduce memory load on the system
#   Increase physical memory or swap space
#   Check if swap backing store is full
#   Use 64 bit Java on a 64 bit OS
#   Decrease Java heap size (-Xmx/-Xms)
#   Decrease number of Java threads
#   Decrease Java thread stack sizes (-Xss)
#   Set larger code cache with -XX:ReservedCodeCacheSize=
# This output file may be truncated or incomplete.
#
#  Out of Memory Error (allocation.cpp:390), pid=1544, tid=0x0000000000003c8c
#
# JRE version: Java(TM) SE Runtime Environment (8.0_92-b14) (build 1.8.0_92-b14)
# Java VM: Java HotSpot(TM) 64-Bit Server VM (25.92-b14 mixed mode windows-amd64 compressed oops)
# Failed to write core dump. Minidumps are not enabled by default on client versions of Windows
#

---------------  T H R E A D  ---------------

Current thread (0x0000000016dd4000):  JavaThread "C1 CompilerThread2" daemon [_thread_in_native, id=15500, stack(0x0000000017270000,0x0000000017370000)]

Stack: [0x0000000017270000,0x0000000017370000]
[error occurred during error reporting (printing stack bounds), id 0xc0000005]

Native frames: (J=compiled Java code, j=interpreted, Vv=VM code, C=native code)


Current CompileTask:
C1:   3111  699   !   3       com.android.dx.cf.code.RopperMachine::run (1550 bytes)


---------------  P R O C E S S  ---------------

Java Threads: ( => current thread )
  0x0000000017084800 JavaThread "pool-2-thread-4" [_thread_in_Java, id=19660, stack(0x0000000017970000,0x0000000017a70000)]
  0x0000000017082800 JavaThread "pool-2-thread-3" [_thread_in_Java, id=6972, stack(0x0000000017870000,0x0000000017970000)]
  0x0000000016ff5000 JavaThread "pool-2-thread-2" [_thread_in_Java, id=3188, stack(0x0000000017770000,0x0000000017870000)]
  0x0000000016fed800 JavaThread "pool-3-thread-1" [_thread_blocked, id=15736, stack(0x0000000017670000,0x0000000017770000)]
  0x0000000016fec800 JavaThread "pool-2-thread-1" [_thread_in_Java, id=6588, stack(0x0000000017570000,0x0000000017670000)]
  0x0000000016dd8800 JavaThread "Service Thread" daemon [_thread_blocked, id=15144, stack(0x0000000017370000,0x0000000017470000)]
=>0x0000000016dd4000 JavaThread "C1 CompilerThread2" daemon [_thread_in_native, id=15500, stack(0x0000000017270000,0x0000000017370000)]
  0x000000001576e000 JavaThread "C2 CompilerThread1" daemon [_thread_blocked, id=18640, stack(0x0000000017170000,0x0000000017270000)]
  0x000000001576b000 JavaThread "C2 CompilerThread0" daemon [_thread_blocked, id=17192, stack(0x0000000016c70000,0x0000000016d70000)]
  0x000000001571c000 JavaThread "Attach Listener" daemon [_thread_blocked, id=10952, stack(0x0000000016b70000,0x0000000016c70000)]
  0x0000000015769800 JavaThread "Signal Dispatcher" daemon [_thread_blocked, id=15828, stack(0x0000000016a70000,0x0000000016b70000)]
  0x00000000156fa800 JavaThread "Finalizer" daemon [_thread_blocked, id=2936, stack(0x0000000016970000,0x0000000016a70000)]
  0x000000000302f800 JavaThread "Reference Handler" daemon [_thread_blocked, id=20428, stack(0x0000000016870000,0x0000000016970000)]
  0x0000000002f40800 JavaThread "main" [_thread_in_Java, id=17676, stack(0x0000000002e40000,0x0000000002f40000)]

Other Threads:
  0x00000000156d8000 VMThread [stack: 0x0000000016770000,0x0000000016870000] [id=20388]
  0x0000000016e23800 WatcherThread [stack: 0x0000000017470000,0x0000000017570000] [id=17064]

VM state:not at safepoint (normal execution)

VM Mutex/Monitor currently owned by a thread: None

Heap:
 PSYoungGen      total 18944K, used 15390K [0x00000000eab00000, 0x00000000ec000000, 0x0000000100000000)
  eden space 16384K, 93% used [0x00000000eab00000,0x00000000eba07b18,0x00000000ebb00000)
  from space 2560K, 0% used [0x00000000ebd80000,0x00000000ebd80000,0x00000000ec000000)
  to   space 2560K, 0% used [0x00000000ebb00000,0x00000000ebb00000,0x00000000ebd80000)
 ParOldGen       total 44032K, used 0K [0x00000000c0000000, 0x00000000c2b00000, 0x00000000eab00000)
  object space 44032K, 0% used [0x00000000c0000000,0x00000000c0000000,0x00000000c2b00000)
 Metaspace       used 5601K, capacity 6640K, committed 6784K, reserved 1056768K
  class space    used 586K, capacity 616K, committed 640K, reserved 1048576K

Card table byte_map: [0x0000000012400000,0x0000000012610000] byte_map_base: 0x0000000011e00000

Marking Bits: (ParMarkBitMap*) 0x000000006f4b64f0
 Begin Bits: [0x0000000012b70000, 0x0000000013b70000)
 End Bits:   [0x0000000013b70000, 0x0000000014b70000)

Polling page: 0x00000000009f0000

CodeCache: size=245760Kb used=2803Kb max_used=2815Kb free=242956Kb
 bounds [0x0000000003040000, 0x0000000003310000, 0x0000000012040000]
 total_blobs=961 nmethods=696 adapters=178
 compilation: enabled

Compilation events (10 events):
Event: 3.082 Thread 0x0000000016dd4000 nmethod 701 0x00000000032f0a10 code [0x00000000032f0c00, 0x00000000032f16c8]
Event: 3.082 Thread 0x0000000016dd4000  700       3       com.android.dx.cf.code.RopperMachine::getSources (264 bytes)
Event: 3.083 Thread 0x000000001576e000  708       4       java.util.ArrayList$Itr::<init> (6 bytes)
Event: 3.083 Thread 0x000000001576e000 nmethod 708 0x00000000032e6210 code [0x00000000032e6340, 0x00000000032e63d8]
Event: 3.085 Thread 0x000000001576e000  709       4       com.android.dx.ssa.SsaMethod::getExitBlock (26 bytes)
Event: 3.086 Thread 0x0000000016dd4000 nmethod 700 0x00000000032f8bd0 code [0x00000000032f91e0, 0x00000000032fdb78]
Event: 3.086 Thread 0x0000000016dd4000  699   !   3       com.android.dx.cf.code.RopperMachine::run (1550 bytes)
Event: 3.087 Thread 0x000000001576e000 nmethod 709 0x00000000032ed8d0 code [0x00000000032eda20, 0x00000000032edb38]
Event: 3.089 Thread 0x000000001576e000  714       4       com.android.dx.rop.code.RegisterSpec::equals (51 bytes)
Event: 3.094 Thread 0x000000001576e000 nmethod 714 0x00000000032ee810 code [0x00000000032ee980, 0x00000000032eef38]

GC Heap History (0 events):
No events

Deoptimization events (0 events):
No events

Internal exceptions (2 events):
Event: 0.265 Thread 0x0000000002f40800 Exception <a 'java/lang/NoSuchMethodError': Method sun.misc.Unsafe.defineClass(Ljava/lang/String;[BII)Ljava/lang/Class; name or signature does not match> (0x00000000eab07cc0) thrown at [D:\re\workspace\8-2-build-windows-amd64-cygwin\jdk8u92\6642\hotspot\sr' ·¾ÈúÐ?
Event: 0.265 Thread 0x0000000002f40800 Exception <a 'java/lang/NoSuchMethodError': Method sun.misc.Unsafe.prefetchRead(Ljava/lang/Object;J)V name or signature does not match> (0x00000000eab07fa8) thrown at [D:\re\workspace\8-2-build-windows-amd64-cygwin\jdk8u92\6642\hotspot\src\share\vm\prims\j

Events (10 events):
Event: 2.823 loading class com/android/dx/ssa/back/FirstFitLocalCombiningAllocator$Multiset
Event: 2.823 loading class com/android/dx/ssa/back/FirstFitLocalCombiningAllocator$Multiset done
Event: 2.868 loading class java/util/TreeMap$EntrySet
Event: 2.868 loading class java/util/TreeMap$EntrySet done
Event: 2.868 loading class java/util/TreeMap$EntryIterator
Event: 2.868 loading class java/util/TreeMap$EntryIterator done
Event: 2.896 loading class com/android/dx/cf/code/SwitchList
Event: 2.896 loading class com/android/dx/cf/code/SwitchList done
Event: 3.083 loading class java/util/ArrayList$1
Event: 3.083 loading class java/util/ArrayList$1 done


Dynamic libraries:
0x00007ff72d410000 - 0x00007ff72d447000 	D:\Program Files\Java\jdk1.8.0_92\bin\java.exe
0x00007ffdddd70000 - 0x00007ffdddf31000 	C:\windows\SYSTEM32\ntdll.dll
0x00007ffddb400000 - 0x00007ffddb4ad000 	C:\windows\system32\KERNEL32.DLL
0x00007ffddad50000 - 0x00007ffddaf38000 	C:\windows\system32\KERNELBASE.dll
0x00007ffddcc80000 - 0x00007ffddcd27000 	C:\windows\system32\ADVAPI32.dll
0x00007ffddd9a0000 - 0x00007ffddda3d000 	C:\windows\system32\msvcrt.dll
0x00007ffddb3a0000 - 0x00007ffddb3fb000 	C:\windows\system32\sechost.dll
0x00007ffddb240000 - 0x00007ffddb35c000 	C:\windows\system32\RPCRT4.dll
0x00007ffddd250000 - 0x00007ffddd3a6000 	C:\windows\system32\USER32.dll
0x00007ffddd060000 - 0x00007ffddd1e6000 	C:\windows\system32\GDI32.dll
0x00007ffdc2b80000 - 0x00007ffdc2df4000 	C:\windows\WinSxS\amd64_microsoft.windows.common-controls_6595b64144ccf1df_6.0.10586.589_none_a2ddb3caa539acce\COMCTL32.dll
0x00007ffdddaf0000 - 0x00007ffdddd6d000 	C:\windows\system32\combase.dll
0x00007ffddb040000 - 0x00007ffddb0aa000 	C:\windows\system32\bcryptPrimitives.dll
0x00007ffddb360000 - 0x00007ffddb39b000 	C:\windows\system32\IMM32.DLL
0x000000006f540000 - 0x000000006f612000 	D:\Program Files\Java\jdk1.8.0_92\jre\bin\msvcr100.dll
0x000000006eca0000 - 0x000000006f536000 	D:\Program Files\Java\jdk1.8.0_92\jre\bin\server\jvm.dll
0x00007ffddcef0000 - 0x00007ffddcef8000 	C:\windows\system32\PSAPI.DLL
0x00007ffdcb000000 - 0x00007ffdcb009000 	C:\windows\SYSTEM32\WSOCK32.dll
0x00007ffddcf60000 - 0x00007ffddcfcb000 	C:\windows\system32\WS2_32.dll
0x00007ffdd8b80000 - 0x00007ffdd8ba3000 	C:\windows\SYSTEM32\WINMM.dll
0x00007ffdcbef0000 - 0x00007ffdcbefa000 	C:\windows\SYSTEM32\VERSION.dll
0x00007ffdd8a40000 - 0x00007ffdd8a6c000 	C:\windows\SYSTEM32\WINMMBASE.dll
0x00007ffddaf40000 - 0x00007ffddaf83000 	C:\windows\system32\cfgmgr32.dll
0x00000000703a0000 - 0x00000000703af000 	D:\Program Files\Java\jdk1.8.0_92\jre\bin\verify.dll
0x0000000070370000 - 0x0000000070399000 	D:\Program Files\Java\jdk1.8.0_92\jre\bin\java.dll
0x0000000070350000 - 0x0000000070366000 	D:\Program Files\Java\jdk1.8.0_92\jre\bin\zip.dll
0x00007ffddb720000 - 0x00007ffddcc7c000 	C:\windows\system32\SHELL32.dll
0x00007ffdda420000 - 0x00007ffddaa65000 	C:\windows\system32\windows.storage.dll
0x00007ffddcf00000 - 0x00007ffddcf52000 	C:\windows\system32\shlwapi.dll
0x00007ffdda3e0000 - 0x00007ffdda3ef000 	C:\windows\system32\kernel.appcore.dll
0x00007ffddb0b0000 - 0x00007ffddb165000 	C:\windows\system32\shcore.dll
0x00007ffdda390000 - 0x00007ffdda3db000 	C:\windows\system32\powrprof.dll
0x00007ffdda400000 - 0x00007ffdda414000 	C:\windows\system32\profapi.dll

VM Arguments:
jvm_args: -Djava.awt.headless=true -Xmx1024M -Dfile.encoding=GBK -Duser.country=CN -Duser.language=zh -Duser.variant 
java_command: com.android.dx.command.Main --dex --force-jumbo --num-threads=4 --multi-dex --output C:\Users\lee\OneDrive\Documents\AndroidStudioProjects\MyApplication\JimeiBarcode_Android\build\intermediates\transforms\dex\debug\folders\1000\10\com.android.support-recyclerview-v7-24.2.1_660aaf657c09568390c9583092df7140de9a9a61 C:\Users\lee\OneDrive\Documents\AndroidStudioProjects\MyApplication\JimeiBarcode_Android\build\intermediates\exploded-aar\com.android.support\recyclerview-v7\24.2.1\jars\classes.jar
java_class_path (initial): D:\Android\Sdk\build-tools\24.0.0\lib\dx.jar
Launcher Type: SUN_STANDARD

Environment Variables:
PATH=C:\ProgramData\Oracle\Java\javapath;C:\windows\system32;C:\windows;C:\windows\System32\Wbem;C:\windows\System32\WindowsPowerShell\v1.0\;C:\Program Files (x86)\Microsoft SQL Server\90\Tools\binn\;D:\Program Files (x86)\Android\android-sdk\platform-tools;D:\Program Files (x86)\Android\android-sdk\tools;C:\windows\system32\config\systemprofile\.dnx\bin;C:\Program Files\Microsoft DNX\Dnvm\;C:\Program Files\Microsoft SQL Server\120\Tools\Binn\;C:\Program Files\Git\cmd
USERNAME=lee
OS=Windows_NT
PROCESSOR_IDENTIFIER=Intel64 Family 6 Model 69 Stepping 1, GenuineIntel



---------------  S Y S T E M  ---------------

OS: Windows 10.0 , 64 bit Build 10586 (10.0.10586.589)

CPU:total 4 (2 cores per cpu, 2 threads per core) family 6 model 69 stepping 1, cmov, cx8, fxsr, mmx, sse, sse2, sse3, ssse3, sse4.1, sse4.2, popcnt, avx, avx2, aes, clmul, erms, lzcnt, ht, tsc, tscinvbit, bmi1, bmi2

Memory: 4k page, physical 4133144k(137200k free), swap 10839956k(4852k free)

vm_info: Java HotSpot(TM) 64-Bit Server VM (25.92-b14) for windows-amd64 JRE (1.8.0_92-b14), built on Mar 31 2016 21:03:04 by "java_re" with MS VC++ 10.0 (VS2010)

time: Wed Nov 02 01:05:24 2016
elapsed time: 3 seconds (0d 0h 0m 3s)

