#
# There is insufficient memory for the Java Runtime Environment to continue.
# Native memory allocation (malloc) failed to allocate 32744 bytes for ChunkPool::allocate
# Possible reasons:
#   The system is out of physical RAM or swap space
#   In 32 bit mode, the process size limit was hit
# Possible solutions:
#   Reduce memory load on the system
#   Increase physical memory or swap space
#   Check if swap backing store is full
#   Use 64 bit Java on a 64 bit OS
#   Decrease Java heap size (-Xmx/-Xms)
#   Decrease number of Java threads
#   Decrease Java thread stack sizes (-Xss)
#   Set larger code cache with -XX:ReservedCodeCacheSize=
# This output file may be truncated or incomplete.
#
#  Out of Memory Error (allocation.cpp:273), pid=16040, tid=0x0000000000003f10
#
# JRE version: Java(TM) SE Runtime Environment (8.0_92-b14) (build 1.8.0_92-b14)
# Java VM: Java HotSpot(TM) 64-Bit Server VM (25.92-b14 mixed mode windows-amd64 compressed oops)
# Failed to write core dump. Minidumps are not enabled by default on client versions of Windows
#

---------------  T H R E A D  ---------------

Current thread (0x0000000014f9a000):  JavaThread "C2 CompilerThread0" daemon [_thread_in_native, id=16144, stack(0x0000000016500000,0x0000000016600000)]

Stack: [0x0000000016500000,0x0000000016600000]
[error occurred during error reporting (printing stack bounds), id 0xc0000005]

Native frames: (J=compiled Java code, j=interpreted, Vv=VM code, C=native code)


Current CompileTask:
C2:   8782 1673   !   4       com.android.dx.cf.code.BytecodeArray::parseInstruction (2764 bytes)


---------------  P R O C E S S  ---------------

Java Threads: ( => current thread )
  0x00000000168d4800 JavaThread "pool-2-thread-4" [_thread_in_Java, id=15472, stack(0x0000000017200000,0x0000000017300000)]
  0x00000000168d1800 JavaThread "pool-2-thread-3" [_thread_in_vm, id=12916, stack(0x0000000017100000,0x0000000017200000)]
  0x00000000168d0800 JavaThread "pool-2-thread-2" [_thread_blocked, id=3340, stack(0x0000000017000000,0x0000000017100000)]
  0x00000000168c8800 JavaThread "pool-3-thread-1" [_thread_blocked, id=4716, stack(0x0000000016f00000,0x0000000017000000)]
  0x00000000168c5000 JavaThread "pool-2-thread-1" [_thread_in_vm, id=16076, stack(0x0000000016e00000,0x0000000016f00000)]
  0x0000000016665000 JavaThread "Service Thread" daemon [_thread_blocked, id=13844, stack(0x0000000016c00000,0x0000000016d00000)]
  0x000000001665f000 JavaThread "C1 CompilerThread2" daemon [_thread_in_native, id=7716, stack(0x0000000016b00000,0x0000000016c00000)]
  0x0000000016612000 JavaThread "C2 CompilerThread1" daemon [_thread_in_native, id=15712, stack(0x0000000016a00000,0x0000000016b00000)]
=>0x0000000014f9a000 JavaThread "C2 CompilerThread0" daemon [_thread_in_native, id=16144, stack(0x0000000016500000,0x0000000016600000)]
  0x0000000014f4c000 JavaThread "Attach Listener" daemon [_thread_blocked, id=15896, stack(0x0000000016400000,0x0000000016500000)]
  0x0000000014f99800 JavaThread "Signal Dispatcher" daemon [_thread_blocked, id=16276, stack(0x0000000016300000,0x0000000016400000)]
  0x0000000014f2a800 JavaThread "Finalizer" daemon [_thread_blocked, id=16196, stack(0x00000000161a0000,0x00000000162a0000)]
  0x000000000285f000 JavaThread "Reference Handler" daemon [_thread_blocked, id=16172, stack(0x00000000160a0000,0x00000000161a0000)]
  0x0000000002770800 JavaThread "main" [_thread_in_Java, id=16012, stack(0x0000000002670000,0x0000000002770000)]

Other Threads:
  0x0000000014f08000 VMThread [stack: 0x0000000015fa0000,0x00000000160a0000] [id=6728]
  0x0000000016697800 WatcherThread [stack: 0x0000000016d00000,0x0000000016e00000] [id=4124]

VM state:not at safepoint (normal execution)

VM Mutex/Monitor currently owned by a thread: None

Heap:
 PSYoungGen      total 68096K, used 18148K [0x00000000eab00000, 0x00000000ef000000, 0x0000000100000000)
  eden space 65536K, 23% used [0x00000000eab00000,0x00000000eba3d808,0x00000000eeb00000)
  from space 2560K, 99% used [0x00000000eed80000,0x00000000eeffbb60,0x00000000ef000000)
  to   space 2560K, 0% used [0x00000000eeb00000,0x00000000eeb00000,0x00000000eed80000)
 ParOldGen       total 44032K, used 13332K [0x00000000c0000000, 0x00000000c2b00000, 0x00000000eab00000)
  object space 44032K, 30% used [0x00000000c0000000,0x00000000c0d051f8,0x00000000c2b00000)
 Metaspace       used 6336K, capacity 7094K, committed 7296K, reserved 1056768K
  class space    used 607K, capacity 622K, committed 640K, reserved 1048576K

Card table byte_map: [0x0000000011c30000,0x0000000011e40000] byte_map_base: 0x0000000011630000

Marking Bits: (ParMarkBitMap*) 0x0000000069a264f0
 Begin Bits: [0x00000000123a0000, 0x00000000133a0000)
 End Bits:   [0x00000000133a0000, 0x00000000143a0000)

Polling page: 0x00000000024e0000

CodeCache: size=245760Kb used=7214Kb max_used=7214Kb free=238546Kb
 bounds [0x0000000002870000, 0x0000000002f90000, 0x0000000011870000]
 total_blobs=1952 nmethods=1681 adapters=184
 compilation: enabled

Compilation events (10 events):
Event: 8.596 Thread 0x000000001665f000 nmethod 1697 0x0000000002f65b90 code [0x0000000002f65d60, 0x0000000002f66258]
Event: 8.596 Thread 0x000000001665f000 1692       2       com.android.dx.command.dexer.Main::access$2000 (4 bytes)
Event: 8.596 Thread 0x000000001665f000 nmethod 1692 0x0000000002f65890 code [0x0000000002f659e0, 0x0000000002f65b10]
Event: 8.755 Thread 0x000000001665f000 1704       2       com.android.dx.dex.cf.CfTranslator::translate0 (259 bytes)
Event: 8.758 Thread 0x000000001665f000 nmethod 1704 0x0000000002f7db50 code [0x0000000002f7de40, 0x0000000002f7eb58]
Event: 8.761 Thread 0x000000001665f000 1705       2       com.android.dx.dex.file.ClassDefItem::addDirectMethod (9 bytes)
Event: 8.762 Thread 0x000000001665f000 nmethod 1705 0x0000000002f7fe90 code [0x0000000002f80020, 0x0000000002f80358]
Event: 8.763 Thread 0x000000001665f000 1706       2       com.android.dx.rop.code.Rops::opMoveResultPseudo (23 bytes)
Event: 8.763 Thread 0x000000001665f000 nmethod 1706 0x0000000002f65410 code [0x0000000002f65580, 0x0000000002f65798]
Event: 8.764 Thread 0x000000001665f000 1707   !   2       com.android.dx.cf.code.RopperMachine::run (1550 bytes)

GC Heap History (8 events):
Event: 2.981 GC heap before
{Heap before GC invocations=1 (full 0):
 PSYoungGen      total 18944K, used 16384K [0x00000000eab00000, 0x00000000ec000000, 0x0000000100000000)
  eden space 16384K, 100% used [0x00000000eab00000,0x00000000ebb00000,0x00000000ebb00000)
  from space 2560K, 0% used [0x00000000ebd80000,0x00000000ebd80000,0x00000000ec000000)
  to   space 2560K, 0% used [0x00000000ebb00000,0x00000000ebb00000,0x00000000ebd80000)
 ParOldGen       total 44032K, used 0K [0x00000000c0000000, 0x00000000c2b00000, 0x00000000eab00000)
  object space 44032K, 0% used [0x00000000c0000000,0x00000000c0000000,0x00000000c2b00000)
 Metaspace       used 3460K, capacity 4720K, committed 4864K, reserved 1056768K
  class space    used 375K, capacity 424K, committed 512K, reserved 1048576K
Event: 3.150 GC heap after
Heap after GC invocations=1 (full 0):
 PSYoungGen      total 18944K, used 1165K [0x00000000eab00000, 0x00000000ed000000, 0x0000000100000000)
  eden space 16384K, 0% used [0x00000000eab00000,0x00000000eab00000,0x00000000ebb00000)
  from space 2560K, 45% used [0x00000000ebb00000,0x00000000ebc23610,0x00000000ebd80000)
  to   space 2560K, 0% used [0x00000000ecd80000,0x00000000ecd80000,0x00000000ed000000)
 ParOldGen       total 44032K, used 8K [0x00000000c0000000, 0x00000000c2b00000, 0x00000000eab00000)
  object space 44032K, 0% used [0x00000000c0000000,0x00000000c0002000,0x00000000c2b00000)
 Metaspace       used 3460K, capacity 4720K, committed 4864K, reserved 1056768K
  class space    used 375K, capacity 424K, committed 512K, reserved 1048576K
}
Event: 6.094 GC heap before
{Heap before GC invocations=2 (full 0):
 PSYoungGen      total 18944K, used 17549K [0x00000000eab00000, 0x00000000ed000000, 0x0000000100000000)
  eden space 16384K, 100% used [0x00000000eab00000,0x00000000ebb00000,0x00000000ebb00000)
  from space 2560K, 45% used [0x00000000ebb00000,0x00000000ebc23610,0x00000000ebd80000)
  to   space 2560K, 0% used [0x00000000ecd80000,0x00000000ecd80000,0x00000000ed000000)
 ParOldGen       total 44032K, used 8K [0x00000000c0000000, 0x00000000c2b00000, 0x00000000eab00000)
  object space 44032K, 0% used [0x00000000c0000000,0x00000000c0002000,0x00000000c2b00000)
 Metaspace       used 6056K, capacity 6900K, committed 7040K, reserved 1056768K
  class space    used 605K, capacity 620K, committed 640K, reserved 1048576K
Event: 6.186 GC heap after
Heap after GC invocations=2 (full 0):
 PSYoungGen      total 35328K, used 2555K [0x00000000eab00000, 0x00000000ed000000, 0x0000000100000000)
  eden space 32768K, 0% used [0x00000000eab00000,0x00000000eab00000,0x00000000ecb00000)
  from space 2560K, 99% used [0x00000000ecd80000,0x00000000ecffee18,0x00000000ed000000)
  to   space 2560K, 0% used [0x00000000ecb00000,0x00000000ecb00000,0x00000000ecd80000)
 ParOldGen       total 44032K, used 2554K [0x00000000c0000000, 0x00000000c2b00000, 0x00000000eab00000)
  object space 44032K, 5% used [0x00000000c0000000,0x00000000c027eaa0,0x00000000c2b00000)
 Metaspace       used 6056K, capacity 6900K, committed 7040K, reserved 1056768K
  class space    used 605K, capacity 620K, committed 640K, reserved 1048576K
}
Event: 7.887 GC heap before
{Heap before GC invocations=3 (full 0):
 PSYoungGen      total 35328K, used 35323K [0x00000000eab00000, 0x00000000ed000000, 0x0000000100000000)
  eden space 32768K, 100% used [0x00000000eab00000,0x00000000ecb00000,0x00000000ecb00000)
  from space 2560K, 99% used [0x00000000ecd80000,0x00000000ecffee18,0x00000000ed000000)
  to   space 2560K, 0% used [0x00000000ecb00000,0x00000000ecb00000,0x00000000ecd80000)
 ParOldGen       total 44032K, used 2554K [0x00000000c0000000, 0x00000000c2b00000, 0x00000000eab00000)
  object space 44032K, 5% used [0x00000000c0000000,0x00000000c027eaa0,0x00000000c2b00000)
 Metaspace       used 6254K, capacity 7094K, committed 7296K, reserved 1056768K
  class space    used 607K, capacity 622K, committed 640K, reserved 1048576K
Event: 7.916 GC heap after
Heap after GC invocations=3 (full 0):
 PSYoungGen      total 35328K, used 2542K [0x00000000eab00000, 0x00000000ef000000, 0x0000000100000000)
  eden space 32768K, 0% used [0x00000000eab00000,0x00000000eab00000,0x00000000ecb00000)
  from space 2560K, 99% used [0x00000000ecb00000,0x00000000ecd7bb60,0x00000000ecd80000)
  to   space 2560K, 0% used [0x00000000eed80000,0x00000000eed80000,0x00000000ef000000)
 ParOldGen       total 44032K, used 8104K [0x00000000c0000000, 0x00000000c2b00000, 0x00000000eab00000)
  object space 44032K, 18% used [0x00000000c0000000,0x00000000c07ea370,0x00000000c2b00000)
 Metaspace       used 6254K, capacity 7094K, committed 7296K, reserved 1056768K
  class space    used 607K, capacity 622K, committed 640K, reserved 1048576K
}
Event: 8.509 GC heap before
{Heap before GC invocations=4 (full 0):
 PSYoungGen      total 35328K, used 35310K [0x00000000eab00000, 0x00000000ef000000, 0x0000000100000000)
  eden space 32768K, 100% used [0x00000000eab00000,0x00000000ecb00000,0x00000000ecb00000)
  from space 2560K, 99% used [0x00000000ecb00000,0x00000000ecd7bb60,0x00000000ecd80000)
  to   space 2560K, 0% used [0x00000000eed80000,0x00000000eed80000,0x00000000ef000000)
 ParOldGen       total 44032K, used 8104K [0x00000000c0000000, 0x00000000c2b00000, 0x00000000eab00000)
  object space 44032K, 18% used [0x00000000c0000000,0x00000000c07ea370,0x00000000c2b00000)
 Metaspace       used 6321K, capacity 7094K, committed 7296K, reserved 1056768K
  class space    used 607K, capacity 622K, committed 640K, reserved 1048576K
Event: 8.555 GC heap after
Heap after GC invocations=4 (full 0):
 PSYoungGen      total 68096K, used 2542K [0x00000000eab00000, 0x00000000ef000000, 0x0000000100000000)
  eden space 65536K, 0% used [0x00000000eab00000,0x00000000eab00000,0x00000000eeb00000)
  from space 2560K, 99% used [0x00000000eed80000,0x00000000eeffbb60,0x00000000ef000000)
  to   space 2560K, 0% used [0x00000000eeb00000,0x00000000eeb00000,0x00000000eed80000)
 ParOldGen       total 44032K, used 13332K [0x00000000c0000000, 0x00000000c2b00000, 0x00000000eab00000)
  object space 44032K, 30% used [0x00000000c0000000,0x00000000c0d051f8,0x00000000c2b00000)
 Metaspace       used 6321K, capacity 7094K, committed 7296K, reserved 1056768K
  class space    used 607K, capacity 622K, committed 640K, reserved 1048576K
}

Deoptimization events (10 events):
Event: 8.120 Thread 0x00000000168d0800 Uncommon trap: reason=bimorphic action=maybe_recompile pc=0x0000000002aedc30 method=java.util.HashMap.getNode(ILjava/lang/Object;)Ljava/util/HashMap$Node; @ 126
Event: 8.120 Thread 0x00000000168d0800 Uncommon trap: reason=bimorphic action=maybe_recompile pc=0x0000000002aedc30 method=java.util.HashMap.getNode(ILjava/lang/Object;)Ljava/util/HashMap$Node; @ 126
Event: 8.120 Thread 0x00000000168d0800 Uncommon trap: reason=class_check action=maybe_recompile pc=0x0000000002d34888 method=java.util.HashMap.putVal(ILjava/lang/Object;Ljava/lang/Object;ZZ)Ljava/lang/Object; @ 203
Event: 8.120 Thread 0x00000000168d0800 Uncommon trap: reason=bimorphic action=maybe_recompile pc=0x0000000002eb0514 method=java.util.HashMap.getNode(ILjava/lang/Object;)Ljava/util/HashMap$Node; @ 126
Event: 8.214 Thread 0x00000000168d0800 Uncommon trap: reason=unstable_if action=reinterpret pc=0x0000000002e0cc98 method=com.android.dx.ssa.SCCP.simulateBranch(Lcom/android/dx/ssa/SsaInsn;)V @ 64
Event: 8.214 Thread 0x00000000168d0800 Uncommon trap: reason=unstable_if action=reinterpret pc=0x0000000002e9f520 method=com.android.dx.ssa.LiteralOpUpgrader$1.visitNonMoveInsn(Lcom/android/dx/ssa/NormalSsaInsn;)V @ 55
Event: 8.215 Thread 0x00000000168d0800 Uncommon trap: reason=unstable_if action=reinterpret pc=0x0000000002d6129c method=com.android.dx.ssa.SsaMethod.updateOneDefinition(Lcom/android/dx/ssa/SsaInsn;Lcom/android/dx/rop/code/RegisterSpec;)V @ 4
Event: 8.558 Thread 0x0000000002770800 Uncommon trap: reason=unstable_if action=reinterpret pc=0x0000000002f5d6ec method=com.android.dx.rop.code.RegisterSpecSet.put(Lcom/android/dx/rop/code/RegisterSpec;)V @ 77
Event: 8.582 Thread 0x00000000168c5000 Uncommon trap: reason=bimorphic action=maybe_recompile pc=0x0000000002e5c510 method=com.android.dx.ssa.LiteralOpUpgrader.tryReplacingWithConstant(Lcom/android/dx/ssa/NormalSsaInsn;)Z @ 52
Event: 8.761 Thread 0x00000000168d1800 Uncommon trap: reason=unstable_if action=reinterpret pc=0x0000000002f715a4 method=com.android.dx.cf.code.RopperMachine.run(Lcom/android/dx/cf/code/Frame;II)V @ 1250

Internal exceptions (3 events):
Event: 0.807 Thread 0x0000000002770800 Exception <a 'java/lang/NoSuchMethodError': Method sun.misc.Unsafe.defineClass(Ljava/lang/String;[BII)Ljava/lang/Class; name or signature does not match> (0x00000000eab07cc0) thrown at [D:\re\workspace\8-2-build-windows-amd64-cygwin\jdk8u92\6642\hotspot\srìâ«ÛÓé?
Event: 0.807 Thread 0x0000000002770800 Exception <a 'java/lang/NoSuchMethodError': Method sun.misc.Unsafe.prefetchRead(Ljava/lang/Object;J)V name or signature does not match> (0x00000000eab07fa8) thrown at [D:\re\workspace\8-2-build-windows-amd64-cygwin\jdk8u92\6642\hotspot\src\share\vm\prims\j‹X'(­< @
Event: 8.119 Thread 0x00000000168d1800 Implicit null exception at 0x0000000002e2c9a6 to 0x0000000002e2f7ad

Events (10 events):
Event: 8.575 Thread 0x00000000168d4800 DEOPT PACKING pc=0x0000000002f1876b sp=0x00000000172fe700
Event: 8.575 Thread 0x00000000168d4800 DEOPT UNPACKING pc=0x00000000028b787f sp=0x00000000172fe458 mode 0
Event: 8.582 Thread 0x00000000168c5000 Uncommon trap: trap_request=0xffffffc6 fr.pc=0x0000000002e5c510
Event: 8.582 Thread 0x00000000168c5000 DEOPT PACKING pc=0x0000000002e5c510 sp=0x0000000016efe6f0
Event: 8.582 Thread 0x00000000168c5000 DEOPT UNPACKING pc=0x00000000028b582a sp=0x0000000016efe690 mode 2
Event: 8.589 Thread 0x00000000168d0800 DEOPT PACKING pc=0x0000000002f1876b sp=0x00000000170feed0
Event: 8.589 Thread 0x00000000168d0800 DEOPT UNPACKING pc=0x00000000028b787f sp=0x00000000170fec30 mode 0
Event: 8.761 Thread 0x00000000168d1800 Uncommon trap: trap_request=0xffffff65 fr.pc=0x0000000002f715a4
Event: 8.761 Thread 0x00000000168d1800 DEOPT PACKING pc=0x0000000002f715a4 sp=0x00000000171fe690
Event: 8.761 Thread 0x00000000168d1800 DEOPT UNPACKING pc=0x00000000028b582a sp=0x00000000171fe658 mode 2


Dynamic libraries:
0x00007ff78ef40000 - 0x00007ff78ef77000 	D:\Program Files\Java\jdk1.8.0_92\bin\java.exe
0x00007ffefe300000 - 0x00007ffefe4c1000 	C:\WINDOWS\SYSTEM32\ntdll.dll
0x00007ffefb9d0000 - 0x00007ffefba7d000 	C:\WINDOWS\system32\KERNEL32.DLL
0x00007ffefadc0000 - 0x00007ffefafa8000 	C:\WINDOWS\system32\KERNELBASE.dll
0x00007ffefcaf0000 - 0x00007ffefcb97000 	C:\WINDOWS\system32\ADVAPI32.dll
0x00007ffefc420000 - 0x00007ffefc4bd000 	C:\WINDOWS\system32\msvcrt.dll
0x00007ffefc8f0000 - 0x00007ffefc94b000 	C:\WINDOWS\system32\sechost.dll
0x00007ffefb700000 - 0x00007ffefb81c000 	C:\WINDOWS\system32\RPCRT4.dll
0x00007ffefba80000 - 0x00007ffefbbd6000 	C:\WINDOWS\system32\USER32.dll
0x00007ffefb820000 - 0x00007ffefb9a6000 	C:\WINDOWS\system32\GDI32.dll
0x00007ffeecd60000 - 0x00007ffeecfd4000 	C:\WINDOWS\WinSxS\amd64_microsoft.windows.common-controls_6595b64144ccf1df_6.0.10586.494_none_a2d8b04ea53e3145\COMCTL32.dll
0x00007ffefc1a0000 - 0x00007ffefc41d000 	C:\WINDOWS\system32\combase.dll
0x00007ffefafb0000 - 0x00007ffefb01a000 	C:\WINDOWS\system32\bcryptPrimitives.dll
0x00007ffefc000000 - 0x00007ffefc03b000 	C:\WINDOWS\system32\IMM32.DLL
0x0000000068da0000 - 0x0000000068e72000 	D:\Program Files\Java\jdk1.8.0_92\jre\bin\msvcr100.dll
0x0000000069210000 - 0x0000000069aa6000 	D:\Program Files\Java\jdk1.8.0_92\jre\bin\server\jvm.dll
0x00007ffefcd30000 - 0x00007ffefcd38000 	C:\WINDOWS\system32\PSAPI.DLL
0x00007ffeeb460000 - 0x00007ffeeb469000 	C:\WINDOWS\SYSTEM32\WSOCK32.dll
0x00007ffefcba0000 - 0x00007ffefcc0b000 	C:\WINDOWS\system32\WS2_32.dll
0x00007ffef8ba0000 - 0x00007ffef8bc3000 	C:\WINDOWS\SYSTEM32\WINMM.dll
0x00007ffeec2a0000 - 0x00007ffeec2aa000 	C:\WINDOWS\SYSTEM32\VERSION.dll
0x00000000024b0000 - 0x00000000024dc000 	C:\WINDOWS\SYSTEM32\WINMMBASE.dll
0x00007ffefacb0000 - 0x00007ffefacf3000 	C:\WINDOWS\system32\cfgmgr32.dll
0x0000000069b10000 - 0x0000000069b1f000 	D:\Program Files\Java\jdk1.8.0_92\jre\bin\verify.dll
0x00000000691e0000 - 0x0000000069209000 	D:\Program Files\Java\jdk1.8.0_92\jre\bin\java.dll
0x00000000691c0000 - 0x00000000691d6000 	D:\Program Files\Java\jdk1.8.0_92\jre\bin\zip.dll
0x00007ffefcd40000 - 0x00007ffefe29c000 	C:\WINDOWS\system32\SHELL32.dll
0x00007ffefb020000 - 0x00007ffefb665000 	C:\WINDOWS\system32\windows.storage.dll
0x00007ffefc950000 - 0x00007ffefc9a2000 	C:\WINDOWS\system32\shlwapi.dll
0x00007ffefa970000 - 0x00007ffefa97f000 	C:\WINDOWS\system32\kernel.appcore.dll
0x00007ffefad00000 - 0x00007ffefadb5000 	C:\WINDOWS\system32\shcore.dll
0x00007ffefa920000 - 0x00007ffefa96b000 	C:\WINDOWS\system32\powrprof.dll
0x00007ffefa980000 - 0x00007ffefa994000 	C:\WINDOWS\system32\profapi.dll

VM Arguments:
jvm_args: -Djava.awt.headless=true -Xmx1024M -Dfile.encoding=GBK -Duser.country=CN -Duser.language=zh -Duser.variant 
java_command: com.android.dx.command.Main --dex --force-jumbo --num-threads=4 --multi-dex --output C:\Users\lee\AndroidStudioProjects\MyApplication\app\build\intermediates\transforms\dex\debug\folders\1000\10\com.android.support-support-v4-24.1.1_2b95fcab8047dab42dbdf54092e29a186a6d270d C:\Users\lee\AndroidStudioProjects\MyApplication\app\build\intermediates\exploded-aar\com.android.support\support-v4\24.1.1\jars\classes.jar
java_class_path (initial): C:\Users\lee\AppData\Local\Android\Sdk\build-tools\24.0.0\lib\dx.jar
Launcher Type: SUN_STANDARD

Environment Variables:
PATH=C:\ProgramData\Oracle\Java\javapath;C:\WINDOWS\system32;C:\WINDOWS;C:\WINDOWS\System32\Wbem;C:\WINDOWS\System32\WindowsPowerShell\v1.0\;C:\Program Files (x86)\Microsoft SQL Server\90\Tools\binn\;D:\Program Files (x86)\Android\android-sdk\platform-tools;D:\Program Files (x86)\Android\android-sdk\tools
USERNAME=lee
OS=Windows_NT
PROCESSOR_IDENTIFIER=Intel64 Family 6 Model 69 Stepping 1, GenuineIntel



---------------  S Y S T E M  ---------------

OS: Windows 10.0 , 64 bit Build 10586 (10.0.10586.0)

CPU:total 4 (2 cores per cpu, 2 threads per core) family 6 model 69 stepping 1, cmov, cx8, fxsr, mmx, sse, sse2, sse3, ssse3, sse4.1, sse4.2, popcnt, avx, avx2, aes, clmul, erms, lzcnt, ht, tsc, tscinvbit, bmi1, bmi2

Memory: 4k page, physical 4133144k(376116k free), swap 9439836k(4092k free)

vm_info: Java HotSpot(TM) 64-Bit Server VM (25.92-b14) for windows-amd64 JRE (1.8.0_92-b14), built on Mar 31 2016 21:03:04 by "java_re" with MS VC++ 10.0 (VS2010)

time: Fri Sep 09 15:21:13 2016
elapsed time: 8 seconds (0d 0h 0m 8s)

