#
# There is insufficient memory for the Java Runtime Environment to continue.
# Native memory allocation (malloc) failed to allocate 418496 bytes for Chunk::new
# Possible reasons:
#   The system is out of physical RAM or swap space
#   In 32 bit mode, the process size limit was hit
# Possible solutions:
#   Reduce memory load on the system
#   Increase physical memory or swap space
#   Check if swap backing store is full
#   Use 64 bit Java on a 64 bit OS
#   Decrease Java heap size (-Xmx/-Xms)
#   Decrease number of Java threads
#   Decrease Java thread stack sizes (-Xss)
#   Set larger code cache with -XX:ReservedCodeCacheSize=
# This output file may be truncated or incomplete.
#
#  Out of Memory Error (allocation.cpp:390), pid=9280, tid=0x0000000000004ca4
#
# JRE version: Java(TM) SE Runtime Environment (8.0_92-b14) (build 1.8.0_92-b14)
# Java VM: Java HotSpot(TM) 64-Bit Server VM (25.92-b14 mixed mode windows-amd64 compressed oops)
# Failed to write core dump. Minidumps are not enabled by default on client versions of Windows
#

---------------  T H R E A D  ---------------

Current thread (0x0000000015c2e800):  JavaThread "C2 CompilerThread1" daemon [_thread_in_native, id=19620, stack(0x0000000017630000,0x0000000017730000)]

Stack: [0x0000000017630000,0x0000000017730000]
[error occurred during error reporting (printing stack bounds), id 0xc0000005]

Native frames: (J=compiled Java code, j=interpreted, Vv=VM code, C=native code)


Current CompileTask:
C2:   5898 1673       4       com.android.dx.ssa.LocalVariableExtractor::processBlock (383 bytes)


---------------  P R O C E S S  ---------------

Java Threads: ( => current thread )
  0x00000000174f1800 JavaThread "pool-2-thread-4" [_thread_blocked, id=13220, stack(0x0000000017e30000,0x0000000017f30000)]
  0x00000000174f1000 JavaThread "pool-2-thread-3" [_thread_in_Java, id=3480, stack(0x0000000017d30000,0x0000000017e30000)]
  0x00000000174f0000 JavaThread "pool-2-thread-2" [_thread_in_Java, id=16524, stack(0x0000000017c30000,0x0000000017d30000)]
  0x00000000174ed800 JavaThread "pool-3-thread-1" [_thread_blocked, id=20320, stack(0x0000000017b30000,0x0000000017c30000)]
  0x00000000174ec800 JavaThread "pool-2-thread-1" [_thread_in_Java, id=9712, stack(0x0000000017a30000,0x0000000017b30000)]
  0x0000000017291000 JavaThread "Service Thread" daemon [_thread_blocked, id=9204, stack(0x0000000017830000,0x0000000017930000)]
  0x0000000017289800 JavaThread "C1 CompilerThread2" daemon [_thread_blocked, id=16380, stack(0x0000000017730000,0x0000000017830000)]
=>0x0000000015c2e800 JavaThread "C2 CompilerThread1" daemon [_thread_in_native, id=19620, stack(0x0000000017630000,0x0000000017730000)]
  0x0000000015c2b000 JavaThread "C2 CompilerThread0" daemon [_thread_in_native, id=17312, stack(0x0000000017130000,0x0000000017230000)]
  0x0000000015bdc000 JavaThread "Attach Listener" daemon [_thread_blocked, id=20100, stack(0x0000000017030000,0x0000000017130000)]
  0x0000000015c29800 JavaThread "Signal Dispatcher" daemon [_thread_blocked, id=18368, stack(0x0000000016f30000,0x0000000017030000)]
  0x0000000015bba000 JavaThread "Finalizer" daemon [_thread_blocked, id=16700, stack(0x0000000016e30000,0x0000000016f30000)]
  0x0000000015b99000 JavaThread "Reference Handler" daemon [_thread_blocked, id=13640, stack(0x0000000016d30000,0x0000000016e30000)]
  0x0000000003400800 JavaThread "main" [_thread_blocked, id=13512, stack(0x00000000016a0000,0x00000000017a0000)]

Other Threads:
  0x0000000015b97800 VMThread [stack: 0x0000000016c30000,0x0000000016d30000] [id=2680]
  0x00000000172ec000 WatcherThread [stack: 0x0000000017930000,0x0000000017a30000] [id=17556]

VM state:not at safepoint (normal execution)

VM Mutex/Monitor currently owned by a thread: None

Heap:
 PSYoungGen      total 35328K, used 15145K [0x00000000eab00000, 0x00000000ed000000, 0x0000000100000000)
  eden space 32768K, 38% used [0x00000000eab00000,0x00000000eb74caa8,0x00000000ecb00000)
  from space 2560K, 99% used [0x00000000ecd80000,0x00000000ecffdd20,0x00000000ed000000)
  to   space 2560K, 0% used [0x00000000ecb00000,0x00000000ecb00000,0x00000000ecd80000)
 ParOldGen       total 44032K, used 13314K [0x00000000c0000000, 0x00000000c2b00000, 0x00000000eab00000)
  object space 44032K, 30% used [0x00000000c0000000,0x00000000c0d00bd8,0x00000000c2b00000)
 Metaspace       used 6175K, capacity 7152K, committed 7296K, reserved 1056768K
  class space    used 594K, capacity 616K, committed 640K, reserved 1048576K

Card table byte_map: [0x00000000128c0000,0x0000000012ad0000] byte_map_base: 0x00000000122c0000

Marking Bits: (ParMarkBitMap*) 0x000000006f4b64f0
 Begin Bits: [0x0000000013030000, 0x0000000014030000)
 End Bits:   [0x0000000014030000, 0x0000000015030000)

Polling page: 0x0000000002fe0000

CodeCache: size=245760Kb used=7248Kb max_used=7248Kb free=238511Kb
 bounds [0x0000000003500000, 0x0000000003c20000, 0x0000000012500000]
 total_blobs=1947 nmethods=1681 adapters=178
 compilation: enabled

Compilation events (10 events):
Event: 5.870 Thread 0x0000000017289800 1706       2       com.android.dx.rop.code.Rops::opIfNe (17 bytes)
Event: 5.870 Thread 0x0000000017289800 nmethod 1706 0x0000000003bf6010 code [0x0000000003bf6180, 0x0000000003bf6308]
Event: 5.873 Thread 0x0000000017289800 1707       2       com.android.dx.rop.code.Rops::opInvokeInterface (17 bytes)
Event: 5.873 Thread 0x0000000017289800 nmethod 1707 0x0000000003bff690 code [0x0000000003bff800, 0x0000000003bffa18]
Event: 5.877 Thread 0x0000000017289800 1709 %     3       com.android.dx.cf.cst.ConstantPoolParser::parse @ 96 (365 bytes)
Event: 5.881 Thread 0x0000000017289800 nmethod 1709% 0x0000000003bf9790 code [0x0000000003bf9d20, 0x0000000003bfd388]
Event: 5.886 Thread 0x0000000017289800 1710       2       sun.misc.Unsafe::getAndAddInt (27 bytes)
Event: 5.886 Thread 0x0000000017289800 nmethod 1710 0x0000000003bf9010 code [0x0000000003bf9160, 0x0000000003bf9310]
Event: 5.892 Thread 0x0000000017289800 1713       2       java.util.Collections$UnmodifiableCollection::size (10 bytes)
Event: 5.893 Thread 0x0000000017289800 nmethod 1713 0x0000000003bf8c90 code [0x0000000003bf8e00, 0x0000000003bf8f88]

GC Heap History (8 events):
Event: 0.974 GC heap before
{Heap before GC invocations=1 (full 0):
 PSYoungGen      total 18944K, used 16384K [0x00000000eab00000, 0x00000000ec000000, 0x0000000100000000)
  eden space 16384K, 100% used [0x00000000eab00000,0x00000000ebb00000,0x00000000ebb00000)
  from space 2560K, 0% used [0x00000000ebd80000,0x00000000ebd80000,0x00000000ec000000)
  to   space 2560K, 0% used [0x00000000ebb00000,0x00000000ebb00000,0x00000000ebd80000)
 ParOldGen       total 44032K, used 0K [0x00000000c0000000, 0x00000000c2b00000, 0x00000000eab00000)
  object space 44032K, 0% used [0x00000000c0000000,0x00000000c0000000,0x00000000c2b00000)
 Metaspace       used 5448K, capacity 6512K, committed 6784K, reserved 1056768K
  class space    used 588K, capacity 616K, committed 640K, reserved 1048576K
Event: 0.990 GC heap after
Heap after GC invocations=1 (full 0):
 PSYoungGen      total 18944K, used 2545K [0x00000000eab00000, 0x00000000ed000000, 0x0000000100000000)
  eden space 16384K, 0% used [0x00000000eab00000,0x00000000eab00000,0x00000000ebb00000)
  from space 2560K, 99% used [0x00000000ebb00000,0x00000000ebd7c490,0x00000000ebd80000)
  to   space 2560K, 0% used [0x00000000ecd80000,0x00000000ecd80000,0x00000000ed000000)
 ParOldGen       total 44032K, used 1185K [0x00000000c0000000, 0x00000000c2b00000, 0x00000000eab00000)
  object space 44032K, 2% used [0x00000000c0000000,0x00000000c0128438,0x00000000c2b00000)
 Metaspace       used 5448K, capacity 6512K, committed 6784K, reserved 1056768K
  class space    used 588K, capacity 616K, committed 640K, reserved 1048576K
}
Event: 1.780 GC heap before
{Heap before GC invocations=2 (full 0):
 PSYoungGen      total 18944K, used 18929K [0x00000000eab00000, 0x00000000ed000000, 0x0000000100000000)
  eden space 16384K, 100% used [0x00000000eab00000,0x00000000ebb00000,0x00000000ebb00000)
  from space 2560K, 99% used [0x00000000ebb00000,0x00000000ebd7c490,0x00000000ebd80000)
  to   space 2560K, 0% used [0x00000000ecd80000,0x00000000ecd80000,0x00000000ed000000)
 ParOldGen       total 44032K, used 1185K [0x00000000c0000000, 0x00000000c2b00000, 0x00000000eab00000)
  object space 44032K, 2% used [0x00000000c0000000,0x00000000c0128438,0x00000000c2b00000)
 Metaspace       used 5941K, capacity 6896K, committed 7040K, reserved 1056768K
  class space    used 593K, capacity 616K, committed 640K, reserved 1048576K
Event: 1.951 GC heap after
Heap after GC invocations=2 (full 0):
 PSYoungGen      total 35328K, used 2559K [0x00000000eab00000, 0x00000000ed000000, 0x0000000100000000)
  eden space 32768K, 0% used [0x00000000eab00000,0x00000000eab00000,0x00000000ecb00000)
  from space 2560K, 99% used [0x00000000ecd80000,0x00000000ecfffc98,0x00000000ed000000)
  to   space 2560K, 0% used [0x00000000ecb00000,0x00000000ecb00000,0x00000000ecd80000)
 ParOldGen       total 44032K, used 3051K [0x00000000c0000000, 0x00000000c2b00000, 0x00000000eab00000)
  object space 44032K, 6% used [0x00000000c0000000,0x00000000c02fae98,0x00000000c2b00000)
 Metaspace       used 5941K, capacity 6896K, committed 7040K, reserved 1056768K
  class space    used 593K, capacity 616K, committed 640K, reserved 1048576K
}
Event: 3.774 GC heap before
{Heap before GC invocations=3 (full 0):
 PSYoungGen      total 35328K, used 35327K [0x00000000eab00000, 0x00000000ed000000, 0x0000000100000000)
  eden space 32768K, 100% used [0x00000000eab00000,0x00000000ecb00000,0x00000000ecb00000)
  from space 2560K, 99% used [0x00000000ecd80000,0x00000000ecfffc98,0x00000000ed000000)
  to   space 2560K, 0% used [0x00000000ecb00000,0x00000000ecb00000,0x00000000ecd80000)
 ParOldGen       total 44032K, used 3051K [0x00000000c0000000, 0x00000000c2b00000, 0x00000000eab00000)
  object space 44032K, 6% used [0x00000000c0000000,0x00000000c02fae98,0x00000000c2b00000)
 Metaspace       used 6115K, capacity 7088K, committed 7296K, reserved 1056768K
  class space    used 594K, capacity 616K, committed 640K, reserved 1048576K
Event: 4.218 GC heap after
Heap after GC invocations=3 (full 0):
 PSYoungGen      total 35328K, used 2530K [0x00000000eab00000, 0x00000000ed000000, 0x0000000100000000)
  eden space 32768K, 0% used [0x00000000eab00000,0x00000000eab00000,0x00000000ecb00000)
  from space 2560K, 98% used [0x00000000ecb00000,0x00000000ecd78a68,0x00000000ecd80000)
  to   space 2560K, 0% used [0x00000000ecd80000,0x00000000ecd80000,0x00000000ed000000)
 ParOldGen       total 44032K, used 8602K [0x00000000c0000000, 0x00000000c2b00000, 0x00000000eab00000)
  object space 44032K, 19% used [0x00000000c0000000,0x00000000c0866910,0x00000000c2b00000)
 Metaspace       used 6115K, capacity 7088K, committed 7296K, reserved 1056768K
  class space    used 594K, capacity 616K, committed 640K, reserved 1048576K
}
Event: 5.678 GC heap before
{Heap before GC invocations=4 (full 0):
 PSYoungGen      total 35328K, used 35298K [0x00000000eab00000, 0x00000000ed000000, 0x0000000100000000)
  eden space 32768K, 100% used [0x00000000eab00000,0x00000000ecb00000,0x00000000ecb00000)
  from space 2560K, 98% used [0x00000000ecb00000,0x00000000ecd78a68,0x00000000ecd80000)
  to   space 2560K, 0% used [0x00000000ecd80000,0x00000000ecd80000,0x00000000ed000000)
 ParOldGen       total 44032K, used 8602K [0x00000000c0000000, 0x00000000c2b00000, 0x00000000eab00000)
  object space 44032K, 19% used [0x00000000c0000000,0x00000000c0866910,0x00000000c2b00000)
 Metaspace       used 6170K, capacity 7088K, committed 7296K, reserved 1056768K
  class space    used 594K, capacity 616K, committed 640K, reserved 1048576K
Event: 5.834 GC heap after
Heap after GC invocations=4 (full 0):
 PSYoungGen      total 35328K, used 2551K [0x00000000eab00000, 0x00000000ed000000, 0x0000000100000000)
  eden space 32768K, 0% used [0x00000000eab00000,0x00000000eab00000,0x00000000ecb00000)
  from space 2560K, 99% used [0x00000000ecd80000,0x00000000ecffdd20,0x00000000ed000000)
  to   space 2560K, 0% used [0x00000000ecb00000,0x00000000ecb00000,0x00000000ecd80000)
 ParOldGen       total 44032K, used 13314K [0x00000000c0000000, 0x00000000c2b00000, 0x00000000eab00000)
  object space 44032K, 30% used [0x00000000c0000000,0x00000000c0d00bd8,0x00000000c2b00000)
 Metaspace       used 6170K, capacity 7088K, committed 7296K, reserved 1056768K
  class space    used 594K, capacity 616K, committed 640K, reserved 1048576K
}

Deoptimization events (10 events):
Event: 4.256 Thread 0x00000000174f0000 Uncommon trap: reason=bimorphic action=maybe_recompile pc=0x00000000037844a8 method=java.util.HashMap.getNode(ILjava/lang/Object;)Ljava/util/HashMap$Node; @ 126
Event: 4.257 Thread 0x00000000174f0000 Uncommon trap: reason=bimorphic action=maybe_recompile pc=0x0000000003783070 method=java.util.HashMap.getNode(ILjava/lang/Object;)Ljava/util/HashMap$Node; @ 126
Event: 4.329 Thread 0x00000000174f1000 Uncommon trap: reason=bimorphic action=maybe_recompile pc=0x00000000038c9194 method=java.util.HashMap.putVal(ILjava/lang/Object;Ljava/lang/Object;ZZ)Ljava/lang/Object; @ 203
Event: 4.888 Thread 0x00000000174f0000 Uncommon trap: reason=class_check action=maybe_recompile pc=0x0000000003b85d28 method=com.android.dx.rop.code.RegisterSpec.withSimpleType()Lcom/android/dx/rop/code/RegisterSpec; @ 21
Event: 4.911 Thread 0x00000000174f0000 Uncommon trap: reason=class_check action=maybe_recompile pc=0x0000000003b85d28 method=com.android.dx.rop.code.RegisterSpec.withSimpleType()Lcom/android/dx/rop/code/RegisterSpec; @ 21
Event: 5.575 Thread 0x00000000174f0000 Uncommon trap: reason=class_check action=maybe_recompile pc=0x0000000003b85d28 method=com.android.dx.rop.code.RegisterSpec.withSimpleType()Lcom/android/dx/rop/code/RegisterSpec; @ 21
Event: 5.578 Thread 0x00000000174f0000 Uncommon trap: reason=class_check action=maybe_recompile pc=0x0000000003b85d28 method=com.android.dx.rop.code.RegisterSpec.withSimpleType()Lcom/android/dx/rop/code/RegisterSpec; @ 21
Event: 5.650 Thread 0x00000000174ec800 Uncommon trap: reason=unstable_if action=reinterpret pc=0x0000000003a5a8f4 method=com.android.dx.ssa.SCCP.simulateStmt(Lcom/android/dx/ssa/SsaInsn;)V @ 53
Event: 5.857 Thread 0x00000000174f1000 Uncommon trap: reason=unstable_if action=reinterpret pc=0x00000000038e5efc method=com.android.dx.util.IntList.binarysearch(I)I @ 105
Event: 5.857 Thread 0x00000000174f1000 Uncommon trap: reason=unstable_if action=reinterpret pc=0x0000000003bce650 method=com.android.dx.ssa.SsaBasicBlock.newFromRop(Lcom/android/dx/rop/code/RopMethod;ILcom/android/dx/ssa/SsaMethod;)Lcom/android/dx/ssa/SsaBasicBlock; @ 164

Internal exceptions (2 events):
Event: 0.063 Thread 0x0000000003400800 Exception <a 'java/lang/NoSuchMethodError': Method sun.misc.Unsafe.defineClass(Ljava/lang/String;[BII)Ljava/lang/Class; name or signature does not match> (0x00000000eab07cc0) thrown at [D:\re\workspace\8-2-build-windows-amd64-cygwin\jdk8u92\6642\hotspot\sr2Ù„	∞?
Event: 0.063 Thread 0x0000000003400800 Exception <a 'java/lang/NoSuchMethodError': Method sun.misc.Unsafe.prefetchRead(Ljava/lang/Object;J)V name or signature does not match> (0x00000000eab07fa8) thrown at [D:\re\workspace\8-2-build-windows-amd64-cygwin\jdk8u92\6642\hotspot\src\share\vm\prims\j

Events (10 events):
Event: 5.843 Thread 0x00000000174f0000 DEOPT PACKING pc=0x000000000391d099 sp=0x0000000017d2e880
Event: 5.843 Thread 0x00000000174f0000 DEOPT UNPACKING pc=0x000000000354787f sp=0x0000000017d2e610 mode 0
Event: 5.857 Thread 0x00000000174f1000 Uncommon trap: trap_request=0xffffff65 fr.pc=0x00000000038e5efc
Event: 5.857 Thread 0x00000000174f1000 DEOPT PACKING pc=0x00000000038e5efc sp=0x0000000017e2eaf0
Event: 5.857 Thread 0x00000000174f1000 DEOPT UNPACKING pc=0x000000000354582a sp=0x0000000017e2ea68 mode 2
Event: 5.857 Thread 0x00000000174f1000 Uncommon trap: trap_request=0xffffff65 fr.pc=0x0000000003bce650
Event: 5.857 Thread 0x00000000174f1000 DEOPT PACKING pc=0x0000000003bce650 sp=0x0000000017e2eb90
Event: 5.857 Thread 0x00000000174f1000 DEOPT UNPACKING pc=0x000000000354582a sp=0x0000000017e2eb98 mode 2
Event: 5.875 Thread 0x00000000174ec800 DEOPT PACKING pc=0x00000000038e0537 sp=0x0000000017b2dff0
Event: 5.875 Thread 0x00000000174ec800 DEOPT UNPACKING pc=0x000000000354787f sp=0x0000000017b2de00 mode 0


Dynamic libraries:
0x00007ff72d410000 - 0x00007ff72d447000 	D:\Program Files\Java\jdk1.8.0_92\bin\java.exe
0x00007ffdddd70000 - 0x00007ffdddf31000 	C:\windows\SYSTEM32\ntdll.dll
0x00007ffddb400000 - 0x00007ffddb4ad000 	C:\windows\system32\KERNEL32.DLL
0x00007ffddad50000 - 0x00007ffddaf38000 	C:\windows\system32\KERNELBASE.dll
0x00007ffddcc80000 - 0x00007ffddcd27000 	C:\windows\system32\ADVAPI32.dll
0x00007ffddd9a0000 - 0x00007ffddda3d000 	C:\windows\system32\msvcrt.dll
0x00007ffddb3a0000 - 0x00007ffddb3fb000 	C:\windows\system32\sechost.dll
0x00007ffddb240000 - 0x00007ffddb35c000 	C:\windows\system32\RPCRT4.dll
0x00007ffddd250000 - 0x00007ffddd3a6000 	C:\windows\system32\USER32.dll
0x00007ffddd060000 - 0x00007ffddd1e6000 	C:\windows\system32\GDI32.dll
0x00007ffdc2b80000 - 0x00007ffdc2df4000 	C:\windows\WinSxS\amd64_microsoft.windows.common-controls_6595b64144ccf1df_6.0.10586.589_none_a2ddb3caa539acce\COMCTL32.dll
0x00007ffdddaf0000 - 0x00007ffdddd6d000 	C:\windows\system32\combase.dll
0x00007ffddb040000 - 0x00007ffddb0aa000 	C:\windows\system32\bcryptPrimitives.dll
0x00007ffddb360000 - 0x00007ffddb39b000 	C:\windows\system32\IMM32.DLL
0x000000006f540000 - 0x000000006f612000 	D:\Program Files\Java\jdk1.8.0_92\jre\bin\msvcr100.dll
0x000000006eca0000 - 0x000000006f536000 	D:\Program Files\Java\jdk1.8.0_92\jre\bin\server\jvm.dll
0x00007ffddcef0000 - 0x00007ffddcef8000 	C:\windows\system32\PSAPI.DLL
0x00007ffdcb000000 - 0x00007ffdcb009000 	C:\windows\SYSTEM32\WSOCK32.dll
0x00007ffddcf60000 - 0x00007ffddcfcb000 	C:\windows\system32\WS2_32.dll
0x00007ffdd8b80000 - 0x00007ffdd8ba3000 	C:\windows\SYSTEM32\WINMM.dll
0x00007ffdcbef0000 - 0x00007ffdcbefa000 	C:\windows\SYSTEM32\VERSION.dll
0x00007ffdd8a40000 - 0x00007ffdd8a6c000 	C:\windows\SYSTEM32\WINMMBASE.dll
0x00007ffddaf40000 - 0x00007ffddaf83000 	C:\windows\system32\cfgmgr32.dll
0x00000000703a0000 - 0x00000000703af000 	D:\Program Files\Java\jdk1.8.0_92\jre\bin\verify.dll
0x0000000070370000 - 0x0000000070399000 	D:\Program Files\Java\jdk1.8.0_92\jre\bin\java.dll
0x0000000070350000 - 0x0000000070366000 	D:\Program Files\Java\jdk1.8.0_92\jre\bin\zip.dll
0x00007ffddb720000 - 0x00007ffddcc7c000 	C:\windows\system32\SHELL32.dll
0x00007ffdda420000 - 0x00007ffddaa65000 	C:\windows\system32\windows.storage.dll
0x00007ffddcf00000 - 0x00007ffddcf52000 	C:\windows\system32\shlwapi.dll
0x00007ffdda3e0000 - 0x00007ffdda3ef000 	C:\windows\system32\kernel.appcore.dll
0x00007ffddb0b0000 - 0x00007ffddb165000 	C:\windows\system32\shcore.dll
0x00007ffdda390000 - 0x00007ffdda3db000 	C:\windows\system32\powrprof.dll
0x00007ffdda400000 - 0x00007ffdda414000 	C:\windows\system32\profapi.dll

VM Arguments:
jvm_args: -Djava.awt.headless=true -Xmx1024M -Dfile.encoding=GBK -Duser.country=CN -Duser.language=zh -Duser.variant 
java_command: com.android.dx.command.Main --dex --force-jumbo --num-threads=4 --multi-dex --output C:\Users\lee\OneDrive\Documents\AndroidStudioProjects\MyApplication\JimeiBarcode_Android\build\intermediates\transforms\dex\debug\folders\1000\10\com.android.support-appcompat-v7-24.2.1_0fc968acd10ab9282922b6dad047975880db9a9c C:\Users\lee\OneDrive\Documents\AndroidStudioProjects\MyApplication\JimeiBarcode_Android\build\intermediates\exploded-aar\com.android.support\appcompat-v7\24.2.1\jars\classes.jar
java_class_path (initial): D:\Android\Sdk\build-tools\24.0.0\lib\dx.jar
Launcher Type: SUN_STANDARD

Environment Variables:
PATH=C:\ProgramData\Oracle\Java\javapath;C:\windows\system32;C:\windows;C:\windows\System32\Wbem;C:\windows\System32\WindowsPowerShell\v1.0\;C:\Program Files (x86)\Microsoft SQL Server\90\Tools\binn\;D:\Program Files (x86)\Android\android-sdk\platform-tools;D:\Program Files (x86)\Android\android-sdk\tools;C:\windows\system32\config\systemprofile\.dnx\bin;C:\Program Files\Microsoft DNX\Dnvm\;C:\Program Files\Microsoft SQL Server\120\Tools\Binn\;C:\Program Files\Git\cmd
USERNAME=lee
OS=Windows_NT
PROCESSOR_IDENTIFIER=Intel64 Family 6 Model 69 Stepping 1, GenuineIntel



---------------  S Y S T E M  ---------------

OS: Windows 10.0 , 64 bit Build 10586 (10.0.10586.589)

CPU:total 4 (2 cores per cpu, 2 threads per core) family 6 model 69 stepping 1, cmov, cx8, fxsr, mmx, sse, sse2, sse3, ssse3, sse4.1, sse4.2, popcnt, avx, avx2, aes, clmul, erms, lzcnt, ht, tsc, tscinvbit, bmi1, bmi2

Memory: 4k page, physical 4133144k(130792k free), swap 10839956k(5392k free)

vm_info: Java HotSpot(TM) 64-Bit Server VM (25.92-b14) for windows-amd64 JRE (1.8.0_92-b14), built on Mar 31 2016 21:03:04 by "java_re" with MS VC++ 10.0 (VS2010)

time: Wed Nov 02 01:06:07 2016
elapsed time: 5 seconds (0d 0h 0m 5s)

