#
# There is insufficient memory for the Java Runtime Environment to continue.
# Native memory allocation (malloc) failed to allocate 604736 bytes for Chunk::new
# Possible reasons:
#   The system is out of physical RAM or swap space
#   In 32 bit mode, the process size limit was hit
# Possible solutions:
#   Reduce memory load on the system
#   Increase physical memory or swap space
#   Check if swap backing store is full
#   Use 64 bit Java on a 64 bit OS
#   Decrease Java heap size (-Xmx/-Xms)
#   Decrease number of Java threads
#   Decrease Java thread stack sizes (-Xss)
#   Set larger code cache with -XX:ReservedCodeCacheSize=
# This output file may be truncated or incomplete.
#
#  Out of Memory Error (allocation.cpp:390), pid=16668, tid=0x00000000000022d8
#
# JRE version: Java(TM) SE Runtime Environment (8.0_92-b14) (build 1.8.0_92-b14)
# Java VM: Java HotSpot(TM) 64-Bit Server VM (25.92-b14 mixed mode windows-amd64 compressed oops)
# Failed to write core dump. Minidumps are not enabled by default on client versions of Windows
#

---------------  T H R E A D  ---------------

Current thread (0x0000000016376800):  JavaThread "C2 CompilerThread1" daemon [_thread_in_native, id=8920, stack(0x0000000016720000,0x0000000016820000)]

Stack: [0x0000000016720000,0x0000000016820000]
[error occurred during error reporting (printing stack bounds), id 0xc0000005]

Native frames: (J=compiled Java code, j=interpreted, Vv=VM code, C=native code)


Current CompileTask:
C2:   7551 1265       4       com.android.dx.ssa.SCCP::simulateStmt (481 bytes)


---------------  P R O C E S S  ---------------

Java Threads: ( => current thread )
  0x00000000165a2000 JavaThread "pool-1-thread-4" [_thread_blocked, id=16644, stack(0x0000000016f20000,0x0000000017020000)]
  0x00000000165a0800 JavaThread "pool-1-thread-3" [_thread_blocked, id=13332, stack(0x0000000016e20000,0x0000000016f20000)]
  0x000000001659f000 JavaThread "pool-1-thread-2" [_thread_blocked, id=4776, stack(0x0000000016d20000,0x0000000016e20000)]
  0x000000001659e800 JavaThread "pool-2-thread-1" [_thread_blocked, id=12324, stack(0x0000000016c20000,0x0000000016d20000)]
  0x000000001658f800 JavaThread "pool-1-thread-1" [_thread_blocked, id=9640, stack(0x0000000016b20000,0x0000000016c20000)]
  0x000000001637a800 JavaThread "Service Thread" daemon [_thread_blocked, id=13048, stack(0x0000000016920000,0x0000000016a20000)]
  0x0000000016379000 JavaThread "C1 CompilerThread2" daemon [_thread_blocked, id=14988, stack(0x0000000016820000,0x0000000016920000)]
=>0x0000000016376800 JavaThread "C2 CompilerThread1" daemon [_thread_in_native, id=8920, stack(0x0000000016720000,0x0000000016820000)]
  0x0000000014cab000 JavaThread "C2 CompilerThread0" daemon [_thread_in_native, id=15240, stack(0x0000000016220000,0x0000000016320000)]
  0x0000000014c5d000 JavaThread "Attach Listener" daemon [_thread_blocked, id=18472, stack(0x0000000016120000,0x0000000016220000)]
  0x0000000014ca9800 JavaThread "Signal Dispatcher" daemon [_thread_blocked, id=11160, stack(0x0000000016020000,0x0000000016120000)]
  0x0000000014c3a800 JavaThread "Finalizer" daemon [_thread_blocked, id=10036, stack(0x0000000015ec0000,0x0000000015fc0000)]
  0x000000000256f000 JavaThread "Reference Handler" daemon [_thread_blocked, id=9128, stack(0x0000000015dc0000,0x0000000015ec0000)]
  0x0000000002480800 JavaThread "main" [_thread_blocked, id=9400, stack(0x0000000001eb0000,0x0000000001fb0000)]

Other Threads:
  0x0000000014c18000 VMThread [stack: 0x0000000015cc0000,0x0000000015dc0000] [id=15908]
  0x0000000016390000 WatcherThread [stack: 0x0000000016a20000,0x0000000016b20000] [id=7616]

VM state:at safepoint (normal execution)

VM Mutex/Monitor currently owned by a thread:  ([mutex/lock_event])
[0x000000000201c040] Threads_lock - owner thread: 0x0000000014c18000
[0x000000000201c840] Heap_lock - owner thread: 0x000000001659f000

Heap:
 PSYoungGen      total 18944K, used 18935K [0x00000000eab00000, 0x00000000ed000000, 0x0000000100000000)
  eden space 16384K, 100% used [0x00000000eab00000,0x00000000ebb00000,0x00000000ebb00000)
  from space 2560K, 99% used [0x00000000ebb00000,0x00000000ebd7dca8,0x00000000ebd80000)
  to   space 2560K, 2% used [0x00000000ecd80000,0x00000000ecd90000,0x00000000ed000000)
 ParOldGen       total 44032K, used 1664K [0x00000000c0000000, 0x00000000c2b00000, 0x00000000eab00000)
  object space 44032K, 3% used [0x00000000c0000000,0x00000000c01a02b0,0x00000000c2b00000)
 Metaspace       used 6091K, capacity 6966K, committed 7040K, reserved 1056768K
  class space    used 604K, capacity 622K, committed 640K, reserved 1048576K

Card table byte_map: [0x0000000011940000,0x0000000011b50000] byte_map_base: 0x0000000011340000

Marking Bits: (ParMarkBitMap*) 0x000000006f4b64f0
 Begin Bits: [0x00000000120b0000, 0x00000000130b0000)
 End Bits:   [0x00000000130b0000, 0x00000000140b0000)

Polling page: 0x0000000000560000

CodeCache: size=245760Kb used=5309Kb max_used=5313Kb free=240450Kb
 bounds [0x0000000002580000, 0x0000000002ac0000, 0x0000000011580000]
 total_blobs=1546 nmethods=1275 adapters=184
 compilation: enabled

Compilation events (10 events):
Event: 6.384 Thread 0x0000000016379000 nmethod 1273 0x0000000002aaf490 code [0x0000000002aaf600, 0x0000000002aaf7a8]
Event: 6.384 Thread 0x0000000016379000 1274       3       com.android.dx.ssa.MoveParamCombiner$1::visitPhiInsn (1 bytes)
Event: 6.385 Thread 0x0000000016379000 nmethod 1274 0x0000000002ab4bd0 code [0x0000000002ab4d20, 0x0000000002ab4e70]
Event: 6.385 Thread 0x0000000014cab000 1275       4       com.android.dx.ssa.SCCP::simulateBranch (666 bytes)
Event: 7.537 Thread 0x0000000016379000 1277       3       java.util.ArrayList::add (54 bytes)
Event: 7.538 Thread 0x0000000016379000 nmethod 1277 0x0000000002ab3e50 code [0x0000000002ab4020, 0x0000000002ab47f8]
Event: 7.545 Thread 0x0000000016379000 1278       3       com.android.dx.rop.cst.TypedConstant::getFrameType (2 bytes)
Event: 7.545 Thread 0x0000000016379000 nmethod 1278 0x0000000002ab3b10 code [0x0000000002ab3c60, 0x0000000002ab3db0]
Event: 7.546 Thread 0x0000000016379000 1279       3       com.android.dx.util.LabeledList::removeLabel (10 bytes)
Event: 7.547 Thread 0x0000000016379000 nmethod 1279 0x0000000002ab3690 code [0x0000000002ab3800, 0x0000000002ab3a28]

GC Heap History (2 events):
Event: 4.038 GC heap before
{Heap before GC invocations=1 (full 0):
 PSYoungGen      total 18944K, used 16384K [0x00000000eab00000, 0x00000000ec000000, 0x0000000100000000)
  eden space 16384K, 100% used [0x00000000eab00000,0x00000000ebb00000,0x00000000ebb00000)
  from space 2560K, 0% used [0x00000000ebd80000,0x00000000ebd80000,0x00000000ec000000)
  to   space 2560K, 0% used [0x00000000ebb00000,0x00000000ebb00000,0x00000000ebd80000)
 ParOldGen       total 44032K, used 0K [0x00000000c0000000, 0x00000000c2b00000, 0x00000000eab00000)
  object space 44032K, 0% used [0x00000000c0000000,0x00000000c0000000,0x00000000c2b00000)
 Metaspace       used 5804K, capacity 6710K, committed 6784K, reserved 1056768K
  class space    used 602K, capacity 622K, committed 640K, reserved 1048576K
Event: 4.130 GC heap after
Heap after GC invocations=1 (full 0):
 PSYoungGen      total 18944K, used 2551K [0x00000000eab00000, 0x00000000ed000000, 0x0000000100000000)
  eden space 16384K, 0% used [0x00000000eab00000,0x00000000eab00000,0x00000000ebb00000)
  from space 2560K, 99% used [0x00000000ebb00000,0x00000000ebd7dca8,0x00000000ebd80000)
  to   space 2560K, 0% used [0x00000000ecd80000,0x00000000ecd80000,0x00000000ed000000)
 ParOldGen       total 44032K, used 1664K [0x00000000c0000000, 0x00000000c2b00000, 0x00000000eab00000)
  object space 44032K, 3% used [0x00000000c0000000,0x00000000c01a02b0,0x00000000c2b00000)
 Metaspace       used 5804K, capacity 6710K, committed 6784K, reserved 1056768K
  class space    used 602K, capacity 622K, committed 640K, reserved 1048576K
}

Deoptimization events (10 events):
Event: 2.790 Thread 0x0000000002480800 Uncommon trap: reason=unstable_if action=reinterpret pc=0x00000000027609a8 method=java.lang.String.<init>([CII)V @ 18
Event: 2.899 Thread 0x000000001658f800 Uncommon trap: reason=unstable_if action=reinterpret pc=0x00000000027f9360 method=java.util.HashMap.getNode(ILjava/lang/Object;)Ljava/util/HashMap$Node; @ 129
Event: 2.968 Thread 0x000000001658f800 Uncommon trap: reason=unstable_if action=reinterpret pc=0x00000000027a3c70 method=java.util.BitSet.nextSetBit(I)I @ 87
Event: 4.005 Thread 0x000000001659f000 Uncommon trap: reason=class_check action=maybe_recompile pc=0x00000000028801e8 method=com.android.dx.ssa.NormalSsaInsn.accept(Lcom/android/dx/ssa/SsaInsn$Visitor;)V @ 9
Event: 4.005 Thread 0x000000001659f000 Uncommon trap: reason=class_check action=maybe_recompile pc=0x00000000027f39f0 method=com.android.dx.ssa.NormalSsaInsn.accept(Lcom/android/dx/ssa/SsaInsn$Visitor;)V @ 9
Event: 4.005 Thread 0x000000001659f000 Uncommon trap: reason=class_check action=maybe_recompile pc=0x00000000027f39f0 method=com.android.dx.ssa.NormalSsaInsn.accept(Lcom/android/dx/ssa/SsaInsn$Visitor;)V @ 9
Event: 4.005 Thread 0x000000001659f000 Uncommon trap: reason=class_check action=maybe_recompile pc=0x00000000027f39f0 method=com.android.dx.ssa.NormalSsaInsn.accept(Lcom/android/dx/ssa/SsaInsn$Visitor;)V @ 9
Event: 4.215 Thread 0x0000000002480800 Uncommon trap: reason=class_check action=maybe_recompile pc=0x00000000028801e8 method=com.android.dx.ssa.NormalSsaInsn.accept(Lcom/android/dx/ssa/SsaInsn$Visitor;)V @ 9
Event: 5.567 Thread 0x000000001659f000 Uncommon trap: reason=null_check action=make_not_entrant pc=0x00000000029766c4 method=com.android.dx.ssa.SsaRenamer.getLocalForNewReg(I)Lcom/android/dx/rop/code/LocalItem; @ 19
Event: 5.700 Thread 0x000000001658f800 Uncommon trap: reason=null_check action=make_not_entrant pc=0x0000000002890628 method=com.android.dx.rop.type.Type.equals(Ljava/lang/Object;)Z @ 8

Internal exceptions (4 events):
Event: 0.523 Thread 0x0000000002480800 Exception <a 'java/lang/NoSuchMethodError': Method sun.misc.Unsafe.defineClass(Ljava/lang/String;[BII)Ljava/lang/Class; name or signature does not match> (0x00000000eab07cc0) thrown at [D:\re\workspace\8-2-build-windows-amd64-cygwin\jdk8u92\6642\hotspot\srqÉÔæ‡?
Event: 0.523 Thread 0x0000000002480800 Exception <a 'java/lang/NoSuchMethodError': Method sun.misc.Unsafe.prefetchRead(Ljava/lang/Object;J)V name or signature does not match> (0x00000000eab07fa8) thrown at [D:\re\workspace\8-2-build-windows-amd64-cygwin\jdk8u92\6642\hotspot\src\share\vm\prims\j¨ê3ˇD@
Event: 5.567 Thread 0x000000001659f000 Implicit null exception at 0x0000000002975ba6 to 0x00000000029766a1
Event: 5.700 Thread 0x000000001658f800 Implicit null exception at 0x0000000002890522 to 0x000000000289061a

Events (10 events):
Event: 5.661 loading class com/android/dx/cf/direct/AnnotationParser done
Event: 5.662 loading class com/android/dx/cf/attrib/AttRuntimeVisibleAnnotations
Event: 5.662 loading class com/android/dx/cf/attrib/AttRuntimeVisibleAnnotations done
Event: 5.664 loading class com/android/dx/cf/attrib/BaseAnnotations
Event: 5.664 loading class com/android/dx/cf/attrib/BaseAnnotations done
Event: 5.700 Thread 0x000000001658f800 Uncommon trap: trap_request=0xfffffff4 fr.pc=0x0000000002890628
Event: 5.700 Thread 0x000000001658f800 DEOPT PACKING pc=0x0000000002890628 sp=0x0000000016c1e6a0
Event: 5.700 Thread 0x000000001658f800 DEOPT UNPACKING pc=0x00000000025c582a sp=0x0000000016c1e628 mode 2
Event: 5.748 loading class com/android/dx/cf/attrib/AttAnnotationDefault
Event: 5.748 loading class com/android/dx/cf/attrib/AttAnnotationDefault done


Dynamic libraries:
0x00007ff6eca20000 - 0x00007ff6eca57000 	D:\Program Files\Java\jdk1.8.0_92\bin\java.exe
0x00007ffdddd70000 - 0x00007ffdddf31000 	C:\windows\SYSTEM32\ntdll.dll
0x00007ffddb400000 - 0x00007ffddb4ad000 	C:\windows\system32\KERNEL32.DLL
0x00007ffddad50000 - 0x00007ffddaf38000 	C:\windows\system32\KERNELBASE.dll
0x00007ffddcc80000 - 0x00007ffddcd27000 	C:\windows\system32\ADVAPI32.dll
0x00007ffddd9a0000 - 0x00007ffddda3d000 	C:\windows\system32\msvcrt.dll
0x00007ffddb3a0000 - 0x00007ffddb3fb000 	C:\windows\system32\sechost.dll
0x00007ffddb240000 - 0x00007ffddb35c000 	C:\windows\system32\RPCRT4.dll
0x00007ffddd250000 - 0x00007ffddd3a6000 	C:\windows\system32\USER32.dll
0x00007ffddd060000 - 0x00007ffddd1e6000 	C:\windows\system32\GDI32.dll
0x00007ffdc2b80000 - 0x00007ffdc2df4000 	C:\windows\WinSxS\amd64_microsoft.windows.common-controls_6595b64144ccf1df_6.0.10586.589_none_a2ddb3caa539acce\COMCTL32.dll
0x00007ffdddaf0000 - 0x00007ffdddd6d000 	C:\windows\system32\combase.dll
0x00007ffddb040000 - 0x00007ffddb0aa000 	C:\windows\system32\bcryptPrimitives.dll
0x00007ffddb360000 - 0x00007ffddb39b000 	C:\windows\system32\IMM32.DLL
0x000000006f540000 - 0x000000006f612000 	D:\Program Files\Java\jdk1.8.0_92\jre\bin\msvcr100.dll
0x000000006eca0000 - 0x000000006f536000 	D:\Program Files\Java\jdk1.8.0_92\jre\bin\server\jvm.dll
0x00007ffddcef0000 - 0x00007ffddcef8000 	C:\windows\system32\PSAPI.DLL
0x00007ffdcb000000 - 0x00007ffdcb009000 	C:\windows\SYSTEM32\WSOCK32.dll
0x00007ffddcf60000 - 0x00007ffddcfcb000 	C:\windows\system32\WS2_32.dll
0x00007ffdd8b80000 - 0x00007ffdd8ba3000 	C:\windows\SYSTEM32\WINMM.dll
0x00007ffdcbef0000 - 0x00007ffdcbefa000 	C:\windows\SYSTEM32\VERSION.dll
0x00007ffdd8a40000 - 0x00007ffdd8a6c000 	C:\windows\SYSTEM32\WINMMBASE.dll
0x00007ffddaf40000 - 0x00007ffddaf83000 	C:\windows\system32\cfgmgr32.dll
0x00000000703a0000 - 0x00000000703af000 	D:\Program Files\Java\jdk1.8.0_92\jre\bin\verify.dll
0x0000000070370000 - 0x0000000070399000 	D:\Program Files\Java\jdk1.8.0_92\jre\bin\java.dll
0x0000000070350000 - 0x0000000070366000 	D:\Program Files\Java\jdk1.8.0_92\jre\bin\zip.dll
0x00007ffddb720000 - 0x00007ffddcc7c000 	C:\windows\system32\SHELL32.dll
0x00007ffdda420000 - 0x00007ffddaa65000 	C:\windows\system32\windows.storage.dll
0x00007ffddcf00000 - 0x00007ffddcf52000 	C:\windows\system32\shlwapi.dll
0x00007ffdda3e0000 - 0x00007ffdda3ef000 	C:\windows\system32\kernel.appcore.dll
0x00007ffddb0b0000 - 0x00007ffddb165000 	C:\windows\system32\shcore.dll
0x00007ffdda390000 - 0x00007ffdda3db000 	C:\windows\system32\powrprof.dll
0x00007ffdda400000 - 0x00007ffdda414000 	C:\windows\system32\profapi.dll

VM Arguments:
jvm_args: -Djava.awt.headless=true -Xmx1024M -Dfile.encoding=GBK -Duser.country=CN -Duser.language=zh -Duser.variant 
java_command: com.android.dx.command.Main --dex --num-threads=4 --output C:\Users\lee\OneDrive\Documents\AndroidStudioProjects\MyApplication\JimeiBarcode_Android\build\intermediates\pre-dexed\release\gson-2.7_f191acd792a7728319509a104dbd134793d194d4.jar C:\Users\lee\.gradle\caches\modules-2\files-2.1\com.google.code.gson\gson\2.7\751f548c85fa49f330cecbb1875893f971b33c4e\gson-2.7.jar
java_class_path (initial): D:\Android\Sdk\build-tools\24.0.0\lib\dx.jar
Launcher Type: SUN_STANDARD

Environment Variables:
PATH=C:\ProgramData\Oracle\Java\javapath;C:\windows\system32;C:\windows;C:\windows\System32\Wbem;C:\windows\System32\WindowsPowerShell\v1.0\;C:\Program Files (x86)\Microsoft SQL Server\90\Tools\binn\;D:\Program Files (x86)\Android\android-sdk\platform-tools;D:\Program Files (x86)\Android\android-sdk\tools;C:\Users\lee\.dnx\bin;C:\Program Files\Microsoft DNX\Dnvm\;C:\Program Files\Microsoft SQL Server\120\Tools\Binn\;C:\Program Files\Git\cmd
USERNAME=lee
OS=Windows_NT
PROCESSOR_IDENTIFIER=Intel64 Family 6 Model 69 Stepping 1, GenuineIntel



---------------  S Y S T E M  ---------------

OS: Windows 10.0 , 64 bit Build 10586 (10.0.10586.589)

CPU:total 4 (2 cores per cpu, 2 threads per core) family 6 model 69 stepping 1, cmov, cx8, fxsr, mmx, sse, sse2, sse3, ssse3, sse4.1, sse4.2, popcnt, avx, avx2, aes, clmul, erms, lzcnt, ht, tsc, tscinvbit, bmi1, bmi2

Memory: 4k page, physical 4133144k(317984k free), swap 10839956k(5416k free)

vm_info: Java HotSpot(TM) 64-Bit Server VM (25.92-b14) for windows-amd64 JRE (1.8.0_92-b14), built on Mar 31 2016 21:03:04 by "java_re" with MS VC++ 10.0 (VS2010)

time: Wed Nov 02 03:56:40 2016
elapsed time: 7 seconds (0d 0h 0m 7s)

