#
# There is insufficient memory for the Java Runtime Environment to continue.
# Native memory allocation (malloc) failed to allocate 32744 bytes for ChunkPool::allocate
# Possible reasons:
#   The system is out of physical RAM or swap space
#   In 32 bit mode, the process size limit was hit
# Possible solutions:
#   Reduce memory load on the system
#   Increase physical memory or swap space
#   Check if swap backing store is full
#   Use 64 bit Java on a 64 bit OS
#   Decrease Java heap size (-Xmx/-Xms)
#   Decrease number of Java threads
#   Decrease Java thread stack sizes (-Xss)
#   Set larger code cache with -XX:ReservedCodeCacheSize=
# This output file may be truncated or incomplete.
#
#  Out of Memory Error (allocation.cpp:273), pid=18892, tid=0x0000000000004d90
#
# JRE version: Java(TM) SE Runtime Environment (8.0_92-b14) (build 1.8.0_92-b14)
# Java VM: Java HotSpot(TM) 64-Bit Server VM (25.92-b14 mixed mode windows-amd64 compressed oops)
# Failed to write core dump. Minidumps are not enabled by default on client versions of Windows
#

---------------  T H R E A D  ---------------

Current thread (0x000000001586e800):  JavaThread "C2 CompilerThread1" daemon [_thread_in_native, id=19856, stack(0x0000000017260000,0x0000000017360000)]

Stack: [0x0000000017260000,0x0000000017360000]
[error occurred during error reporting (printing stack bounds), id 0xc0000005]

Native frames: (J=compiled Java code, j=interpreted, Vv=VM code, C=native code)


Current CompileTask:
C2:   2500 1250       4       com.android.dx.ssa.SCCP::simulateBlock (54 bytes)


---------------  P R O C E S S  ---------------

Java Threads: ( => current thread )
  0x00000000170bf000 JavaThread "pool-2-thread-4" [_thread_in_Java, id=17892, stack(0x0000000017a60000,0x0000000017b60000)]
  0x000000001715f000 JavaThread "pool-2-thread-3" [_thread_blocked, id=19564, stack(0x0000000017960000,0x0000000017a60000)]
  0x00000000170c3000 JavaThread "pool-2-thread-2" [_thread_in_Java, id=9640, stack(0x0000000017860000,0x0000000017960000)]
  0x00000000170e1000 JavaThread "pool-3-thread-1" [_thread_blocked, id=6488, stack(0x0000000017760000,0x0000000017860000)]
  0x00000000170e0800 JavaThread "pool-2-thread-1" [_thread_blocked, id=11828, stack(0x0000000017660000,0x0000000017760000)]
  0x0000000016ebe000 JavaThread "Service Thread" daemon [_thread_blocked, id=4464, stack(0x0000000017460000,0x0000000017560000)]
  0x0000000016eb9800 JavaThread "C1 CompilerThread2" daemon [_thread_blocked, id=17308, stack(0x0000000017360000,0x0000000017460000)]
=>0x000000001586e800 JavaThread "C2 CompilerThread1" daemon [_thread_in_native, id=19856, stack(0x0000000017260000,0x0000000017360000)]
  0x000000001586b000 JavaThread "C2 CompilerThread0" daemon [_thread_in_native, id=20180, stack(0x0000000016d60000,0x0000000016e60000)]
  0x000000001581c000 JavaThread "Attach Listener" daemon [_thread_blocked, id=11176, stack(0x0000000016c60000,0x0000000016d60000)]
  0x0000000015869800 JavaThread "Signal Dispatcher" daemon [_thread_blocked, id=14908, stack(0x0000000016b60000,0x0000000016c60000)]
  0x00000000157fa800 JavaThread "Finalizer" daemon [_thread_blocked, id=20008, stack(0x0000000016a60000,0x0000000016b60000)]
  0x000000000312f800 JavaThread "Reference Handler" daemon [_thread_blocked, id=5392, stack(0x0000000016960000,0x0000000016a60000)]
  0x0000000003040800 JavaThread "main" [_thread_blocked, id=9492, stack(0x0000000002f40000,0x0000000003040000)]

Other Threads:
  0x00000000157d8000 VMThread [stack: 0x0000000016860000,0x0000000016960000] [id=13484]
  0x0000000016f09000 WatcherThread [stack: 0x0000000017560000,0x0000000017660000] [id=13532]

VM state:not at safepoint (normal execution)

VM Mutex/Monitor currently owned by a thread: None

Heap:
 PSYoungGen      total 18944K, used 10440K [0x00000000eab00000, 0x00000000ed000000, 0x0000000100000000)
  eden space 16384K, 48% used [0x00000000eab00000,0x00000000eb2b7570,0x00000000ebb00000)
  from space 2560K, 99% used [0x00000000ebd80000,0x00000000ebffae40,0x00000000ec000000)
  to   space 2560K, 0% used [0x00000000ebb00000,0x00000000ebb00000,0x00000000ebd80000)
 ParOldGen       total 44032K, used 4023K [0x00000000c0000000, 0x00000000c2b00000, 0x00000000eab00000)
  object space 44032K, 9% used [0x00000000c0000000,0x00000000c03edf60,0x00000000c2b00000)
 Metaspace       used 5945K, capacity 6960K, committed 7040K, reserved 1056768K
  class space    used 591K, capacity 616K, committed 640K, reserved 1048576K

Card table byte_map: [0x0000000012500000,0x0000000012710000] byte_map_base: 0x0000000011f00000

Marking Bits: (ParMarkBitMap*) 0x000000006f4b64f0
 Begin Bits: [0x0000000012c70000, 0x0000000013c70000)
 End Bits:   [0x0000000013c70000, 0x0000000014c70000)

Polling page: 0x0000000001060000

CodeCache: size=245760Kb used=4992Kb max_used=5005Kb free=240767Kb
 bounds [0x0000000003140000, 0x0000000003630000, 0x0000000012140000]
 total_blobs=1519 nmethods=1254 adapters=178
 compilation: enabled

Compilation events (10 events):
Event: 2.459 Thread 0x0000000016eb9800 nmethod 1256 0x0000000003621910 code [0x0000000003621be0, 0x0000000003622f08]
Event: 2.459 Thread 0x000000001586b000 1257       4       java.util.Arrays::hashCode (56 bytes)
Event: 2.465 Thread 0x000000001586b000 nmethod 1257 0x000000000361c950 code [0x000000000361caa0, 0x000000000361ccf8]
Event: 2.466 Thread 0x000000001586b000 1258       4       java.util.ArrayList::removeRange (75 bytes)
Event: 2.469 Thread 0x000000001586b000 nmethod 1258 0x000000000361c590 code [0x000000000361c6e0, 0x000000000361c858]
Event: 2.469 Thread 0x000000001586b000 1259       4       java.util.ArrayList$SubList::removeRange (47 bytes)
Event: 2.473 Thread 0x000000001586b000 nmethod 1259 0x0000000003621310 code [0x0000000003621460, 0x00000000036216d8]
Event: 2.473 Thread 0x000000001586b000 1260       4       com.android.dx.util.LabeledList::set (45 bytes)
Event: 2.486 Thread 0x000000001586b000 nmethod 1260 0x00000000036203d0 code [0x0000000003620540, 0x0000000003620c58]
Event: 2.486 Thread 0x000000001586b000 1261       4       com.android.dx.cf.code.ValueAwareMachine::run (1142 bytes)

GC Heap History (4 events):
Event: 1.236 GC heap before
{Heap before GC invocations=1 (full 0):
 PSYoungGen      total 18944K, used 16384K [0x00000000eab00000, 0x00000000ec000000, 0x0000000100000000)
  eden space 16384K, 100% used [0x00000000eab00000,0x00000000ebb00000,0x00000000ebb00000)
  from space 2560K, 0% used [0x00000000ebd80000,0x00000000ebd80000,0x00000000ec000000)
  to   space 2560K, 0% used [0x00000000ebb00000,0x00000000ebb00000,0x00000000ebd80000)
 ParOldGen       total 44032K, used 0K [0x00000000c0000000, 0x00000000c2b00000, 0x00000000eab00000)
  object space 44032K, 0% used [0x00000000c0000000,0x00000000c0000000,0x00000000c2b00000)
 Metaspace       used 5564K, capacity 6640K, committed 6784K, reserved 1056768K
  class space    used 584K, capacity 616K, committed 640K, reserved 1048576K
Event: 1.246 GC heap after
Heap after GC invocations=1 (full 0):
 PSYoungGen      total 18944K, used 2530K [0x00000000eab00000, 0x00000000ec000000, 0x0000000100000000)
  eden space 16384K, 0% used [0x00000000eab00000,0x00000000eab00000,0x00000000ebb00000)
  from space 2560K, 98% used [0x00000000ebb00000,0x00000000ebd78ab8,0x00000000ebd80000)
  to   space 2560K, 0% used [0x00000000ebd80000,0x00000000ebd80000,0x00000000ec000000)
 ParOldGen       total 44032K, used 1604K [0x00000000c0000000, 0x00000000c2b00000, 0x00000000eab00000)
  object space 44032K, 3% used [0x00000000c0000000,0x00000000c01911f8,0x00000000c2b00000)
 Metaspace       used 5564K, capacity 6640K, committed 6784K, reserved 1056768K
  class space    used 584K, capacity 616K, committed 640K, reserved 1048576K
}
Event: 2.120 GC heap before
{Heap before GC invocations=2 (full 0):
 PSYoungGen      total 18944K, used 18914K [0x00000000eab00000, 0x00000000ec000000, 0x0000000100000000)
  eden space 16384K, 100% used [0x00000000eab00000,0x00000000ebb00000,0x00000000ebb00000)
  from space 2560K, 98% used [0x00000000ebb00000,0x00000000ebd78ab8,0x00000000ebd80000)
  to   space 2560K, 0% used [0x00000000ebd80000,0x00000000ebd80000,0x00000000ec000000)
 ParOldGen       total 44032K, used 1604K [0x00000000c0000000, 0x00000000c2b00000, 0x00000000eab00000)
  object space 44032K, 3% used [0x00000000c0000000,0x00000000c01911f8,0x00000000c2b00000)
 Metaspace       used 5909K, capacity 6896K, committed 7040K, reserved 1056768K
  class space    used 591K, capacity 616K, committed 640K, reserved 1048576K
Event: 2.137 GC heap after
Heap after GC invocations=2 (full 0):
 PSYoungGen      total 18944K, used 2539K [0x00000000eab00000, 0x00000000ed000000, 0x0000000100000000)
  eden space 16384K, 0% used [0x00000000eab00000,0x00000000eab00000,0x00000000ebb00000)
  from space 2560K, 99% used [0x00000000ebd80000,0x00000000ebffae40,0x00000000ec000000)
  to   space 2560K, 0% used [0x00000000ebb00000,0x00000000ebb00000,0x00000000ebd80000)
 ParOldGen       total 44032K, used 4023K [0x00000000c0000000, 0x00000000c2b00000, 0x00000000eab00000)
  object space 44032K, 9% used [0x00000000c0000000,0x00000000c03edf60,0x00000000c2b00000)
 Metaspace       used 5909K, capacity 6896K, committed 7040K, reserved 1056768K
  class space    used 591K, capacity 616K, committed 640K, reserved 1048576K
}

Deoptimization events (10 events):
Event: 1.298 Thread 0x0000000003040800 Uncommon trap: reason=unstable_if action=reinterpret pc=0x00000000033f6bb4 method=java.util.HashMap.getNode(ILjava/lang/Object;)Ljava/util/HashMap$Node; @ 129
Event: 1.299 Thread 0x00000000170c3000 Uncommon trap: reason=unstable_if action=reinterpret pc=0x000000000336c4f0 method=java.util.BitSet.nextSetBit(I)I @ 87
Event: 1.347 Thread 0x00000000170bf000 Uncommon trap: reason=unstable_if action=reinterpret pc=0x00000000033721b4 method=java.util.BitSet.ensureCapacity(I)V @ 6
Event: 1.961 Thread 0x00000000170c3000 Uncommon trap: reason=unstable_if action=reinterpret pc=0x00000000034e8994 method=com.android.dx.rop.code.RegisterSpec.equals(ILcom/android/dx/rop/type/TypeBearer;Lcom/android/dx/rop/code/LocalItem;)Z @ 16
Event: 1.961 Thread 0x00000000170c3000 Uncommon trap: reason=unstable_if action=reinterpret pc=0x00000000033fea30 method=com.android.dx.rop.code.RegisterSpec.equals(ILcom/android/dx/rop/type/TypeBearer;Lcom/android/dx/rop/code/LocalItem;)Z @ 16
Event: 1.964 Thread 0x000000001715f000 Uncommon trap: reason=unstable_if action=reinterpret pc=0x0000000003387c94 method=java.util.HashMap.getNode(ILjava/lang/Object;)Ljava/util/HashMap$Node; @ 129
Event: 1.985 Thread 0x000000001715f000 Uncommon trap: reason=unstable_if action=reinterpret pc=0x00000000033f190c method=com.android.dx.rop.code.LocalItem.hashCode()I @ 25
Event: 1.985 Thread 0x000000001715f000 Uncommon trap: reason=unstable_if action=reinterpret pc=0x000000000347180c method=com.android.dx.rop.code.LocalItem.hashCode()I @ 25
Event: 1.985 Thread 0x000000001715f000 Uncommon trap: reason=unstable_if action=reinterpret pc=0x00000000033fac0c method=com.android.dx.rop.code.LocalItem.hashCode()I @ 25
Event: 2.074 Thread 0x0000000003040800 Uncommon trap: reason=null_check action=make_not_entrant pc=0x00000000033c1bb8 method=com.android.dx.ssa.SsaRenamer.getLocalForNewReg(I)Lcom/android/dx/rop/code/LocalItem; @ 19

Internal exceptions (3 events):
Event: 0.081 Thread 0x0000000003040800 Exception <a 'java/lang/NoSuchMethodError': Method sun.misc.Unsafe.defineClass(Ljava/lang/String;[BII)Ljava/lang/Class; name or signature does not match> (0x00000000eab07cc0) thrown at [D:\re\workspace\8-2-build-windows-amd64-cygwin\jdk8u92\6642\hotspot\srù"ö2¢œ¥?
Event: 0.081 Thread 0x0000000003040800 Exception <a 'java/lang/NoSuchMethodError': Method sun.misc.Unsafe.prefetchRead(Ljava/lang/Object;J)V name or signature does not match> (0x00000000eab07fa8) thrown at [D:\re\workspace\8-2-build-windows-amd64-cygwin\jdk8u92\6642\hotspot\src\share\vm\prims\jIûE'òó
Event: 2.074 Thread 0x0000000003040800 Implicit null exception at 0x00000000033c0276 to 0x00000000033c1b6d

Events (10 events):
Event: 1.985 Thread 0x000000001715f000 DEOPT PACKING pc=0x000000000347180c sp=0x0000000017a5e250
Event: 1.985 Thread 0x000000001715f000 DEOPT UNPACKING pc=0x000000000318582a sp=0x0000000017a5e020 mode 2
Event: 1.985 Thread 0x000000001715f000 Uncommon trap: trap_request=0xffffff65 fr.pc=0x00000000033fac0c
Event: 1.985 Thread 0x000000001715f000 DEOPT PACKING pc=0x00000000033fac0c sp=0x0000000017a5db70
Event: 1.985 Thread 0x000000001715f000 DEOPT UNPACKING pc=0x000000000318582a sp=0x0000000017a5da58 mode 2
Event: 2.074 Thread 0x0000000003040800 Uncommon trap: trap_request=0xfffffff4 fr.pc=0x00000000033c1bb8
Event: 2.074 Thread 0x0000000003040800 DEOPT PACKING pc=0x00000000033c1bb8 sp=0x000000000303df40
Event: 2.074 Thread 0x0000000003040800 DEOPT UNPACKING pc=0x000000000318582a sp=0x000000000303dd98 mode 2
Event: 2.095 Executing VM operation: ParallelGCFailedAllocation
Event: 2.138 Executing VM operation: ParallelGCFailedAllocation done


Dynamic libraries:
0x00007ff72d410000 - 0x00007ff72d447000 	D:\Program Files\Java\jdk1.8.0_92\bin\java.exe
0x00007ffdddd70000 - 0x00007ffdddf31000 	C:\windows\SYSTEM32\ntdll.dll
0x00007ffddb400000 - 0x00007ffddb4ad000 	C:\windows\system32\KERNEL32.DLL
0x00007ffddad50000 - 0x00007ffddaf38000 	C:\windows\system32\KERNELBASE.dll
0x00007ffddcc80000 - 0x00007ffddcd27000 	C:\windows\system32\ADVAPI32.dll
0x00007ffddd9a0000 - 0x00007ffddda3d000 	C:\windows\system32\msvcrt.dll
0x00007ffddb3a0000 - 0x00007ffddb3fb000 	C:\windows\system32\sechost.dll
0x00007ffddb240000 - 0x00007ffddb35c000 	C:\windows\system32\RPCRT4.dll
0x00007ffddd250000 - 0x00007ffddd3a6000 	C:\windows\system32\USER32.dll
0x00007ffddd060000 - 0x00007ffddd1e6000 	C:\windows\system32\GDI32.dll
0x00007ffdc2b80000 - 0x00007ffdc2df4000 	C:\windows\WinSxS\amd64_microsoft.windows.common-controls_6595b64144ccf1df_6.0.10586.589_none_a2ddb3caa539acce\COMCTL32.dll
0x00007ffdddaf0000 - 0x00007ffdddd6d000 	C:\windows\system32\combase.dll
0x00007ffddb040000 - 0x00007ffddb0aa000 	C:\windows\system32\bcryptPrimitives.dll
0x00007ffddb360000 - 0x00007ffddb39b000 	C:\windows\system32\IMM32.DLL
0x000000006f540000 - 0x000000006f612000 	D:\Program Files\Java\jdk1.8.0_92\jre\bin\msvcr100.dll
0x000000006eca0000 - 0x000000006f536000 	D:\Program Files\Java\jdk1.8.0_92\jre\bin\server\jvm.dll
0x00007ffddcef0000 - 0x00007ffddcef8000 	C:\windows\system32\PSAPI.DLL
0x00007ffdcb000000 - 0x00007ffdcb009000 	C:\windows\SYSTEM32\WSOCK32.dll
0x00007ffddcf60000 - 0x00007ffddcfcb000 	C:\windows\system32\WS2_32.dll
0x00007ffdd8b80000 - 0x00007ffdd8ba3000 	C:\windows\SYSTEM32\WINMM.dll
0x00007ffdcbef0000 - 0x00007ffdcbefa000 	C:\windows\SYSTEM32\VERSION.dll
0x00007ffdd8a40000 - 0x00007ffdd8a6c000 	C:\windows\SYSTEM32\WINMMBASE.dll
0x00007ffddaf40000 - 0x00007ffddaf83000 	C:\windows\system32\cfgmgr32.dll
0x00000000703a0000 - 0x00000000703af000 	D:\Program Files\Java\jdk1.8.0_92\jre\bin\verify.dll
0x0000000070370000 - 0x0000000070399000 	D:\Program Files\Java\jdk1.8.0_92\jre\bin\java.dll
0x0000000070350000 - 0x0000000070366000 	D:\Program Files\Java\jdk1.8.0_92\jre\bin\zip.dll
0x00007ffddb720000 - 0x00007ffddcc7c000 	C:\windows\system32\SHELL32.dll
0x00007ffdda420000 - 0x00007ffddaa65000 	C:\windows\system32\windows.storage.dll
0x00007ffddcf00000 - 0x00007ffddcf52000 	C:\windows\system32\shlwapi.dll
0x00007ffdda3e0000 - 0x00007ffdda3ef000 	C:\windows\system32\kernel.appcore.dll
0x00007ffddb0b0000 - 0x00007ffddb165000 	C:\windows\system32\shcore.dll
0x00007ffdda390000 - 0x00007ffdda3db000 	C:\windows\system32\powrprof.dll
0x00007ffdda400000 - 0x00007ffdda414000 	C:\windows\system32\profapi.dll

VM Arguments:
jvm_args: -Djava.awt.headless=true -Xmx1024M -Dfile.encoding=GBK -Duser.country=CN -Duser.language=zh -Duser.variant 
java_command: com.android.dx.command.Main --dex --force-jumbo --num-threads=4 --multi-dex --output C:\Users\lee\OneDrive\Documents\AndroidStudioProjects\MyApplication\JimeiBarcode_Android\build\intermediates\transforms\dex\debug\folders\1000\10\com.android.support-design-24.2.1_6efde7b40c155d9a9deedcd19015bc3f7b3c3058 C:\Users\lee\OneDrive\Documents\AndroidStudioProjects\MyApplication\JimeiBarcode_Android\build\intermediates\exploded-aar\com.android.support\design\24.2.1\jars\classes.jar
java_class_path (initial): D:\Android\Sdk\build-tools\24.0.0\lib\dx.jar
Launcher Type: SUN_STANDARD

Environment Variables:
PATH=C:\ProgramData\Oracle\Java\javapath;C:\windows\system32;C:\windows;C:\windows\System32\Wbem;C:\windows\System32\WindowsPowerShell\v1.0\;C:\Program Files (x86)\Microsoft SQL Server\90\Tools\binn\;D:\Program Files (x86)\Android\android-sdk\platform-tools;D:\Program Files (x86)\Android\android-sdk\tools;C:\windows\system32\config\systemprofile\.dnx\bin;C:\Program Files\Microsoft DNX\Dnvm\;C:\Program Files\Microsoft SQL Server\120\Tools\Binn\;C:\Program Files\Git\cmd
USERNAME=lee
OS=Windows_NT
PROCESSOR_IDENTIFIER=Intel64 Family 6 Model 69 Stepping 1, GenuineIntel



---------------  S Y S T E M  ---------------

OS: Windows 10.0 , 64 bit Build 10586 (10.0.10586.589)

CPU:total 4 (2 cores per cpu, 2 threads per core) family 6 model 69 stepping 1, cmov, cx8, fxsr, mmx, sse, sse2, sse3, ssse3, sse4.1, sse4.2, popcnt, avx, avx2, aes, clmul, erms, lzcnt, ht, tsc, tscinvbit, bmi1, bmi2

Memory: 4k page, physical 4133144k(214132k free), swap 10839956k(3208k free)

vm_info: Java HotSpot(TM) 64-Bit Server VM (25.92-b14) for windows-amd64 JRE (1.8.0_92-b14), built on Mar 31 2016 21:03:04 by "java_re" with MS VC++ 10.0 (VS2010)

time: Wed Nov 02 01:05:50 2016
elapsed time: 2 seconds (0d 0h 0m 2s)

