#
# There is insufficient memory for the Java Runtime Environment to continue.
# Native memory allocation (malloc) failed to allocate 490912 bytes for Chunk::new
# Possible reasons:
#   The system is out of physical RAM or swap space
#   In 32 bit mode, the process size limit was hit
# Possible solutions:
#   Reduce memory load on the system
#   Increase physical memory or swap space
#   Check if swap backing store is full
#   Use 64 bit Java on a 64 bit OS
#   Decrease Java heap size (-Xmx/-Xms)
#   Decrease number of Java threads
#   Decrease Java thread stack sizes (-Xss)
#   Set larger code cache with -XX:ReservedCodeCacheSize=
# This output file may be truncated or incomplete.
#
#  Out of Memory Error (allocation.cpp:390), pid=17252, tid=0x0000000000002b1c
#
# JRE version: Java(TM) SE Runtime Environment (8.0_92-b14) (build 1.8.0_92-b14)
# Java VM: Java HotSpot(TM) 64-Bit Server VM (25.92-b14 mixed mode windows-amd64 compressed oops)
# Failed to write core dump. Minidumps are not enabled by default on client versions of Windows
#

---------------  T H R E A D  ---------------

Current thread (0x0000000015b0b000):  JavaThread "C2 CompilerThread0" daemon [_thread_in_native, id=11036, stack(0x0000000017010000,0x0000000017110000)]

Stack: [0x0000000017010000,0x0000000017110000]
[error occurred during error reporting (printing stack bounds), id 0xc0000005]

Native frames: (J=compiled Java code, j=interpreted, Vv=VM code, C=native code)


Current CompileTask:
C2:   2533 1260       4       com.android.dx.ssa.SCCP::simulateBranch (666 bytes)


---------------  P R O C E S S  ---------------

Java Threads: ( => current thread )
  0x0000000017376800 JavaThread "pool-2-thread-4" [_thread_in_Java, id=19444, stack(0x0000000017d10000,0x0000000017e10000)]
  0x0000000017376000 JavaThread "pool-2-thread-3" [_thread_in_Java, id=17504, stack(0x0000000017c10000,0x0000000017d10000)]
  0x0000000017373800 JavaThread "pool-2-thread-2" [_thread_in_Java, id=17568, stack(0x0000000017b10000,0x0000000017c10000)]
  0x00000000172dd000 JavaThread "pool-3-thread-1" [_thread_blocked, id=14828, stack(0x0000000017a10000,0x0000000017b10000)]
  0x00000000172dc000 JavaThread "pool-2-thread-1" [_thread_in_Java, id=19492, stack(0x0000000017910000,0x0000000017a10000)]
  0x000000001716e000 JavaThread "Service Thread" daemon [_thread_blocked, id=5048, stack(0x0000000017710000,0x0000000017810000)]
  0x0000000017169800 JavaThread "C1 CompilerThread2" daemon [_thread_blocked, id=14612, stack(0x0000000017610000,0x0000000017710000)]
  0x0000000015b0e000 JavaThread "C2 CompilerThread1" daemon [_thread_blocked, id=11080, stack(0x0000000017510000,0x0000000017610000)]
=>0x0000000015b0b000 JavaThread "C2 CompilerThread0" daemon [_thread_in_native, id=11036, stack(0x0000000017010000,0x0000000017110000)]
  0x0000000015abc000 JavaThread "Attach Listener" daemon [_thread_blocked, id=11692, stack(0x0000000016f10000,0x0000000017010000)]
  0x0000000015b09800 JavaThread "Signal Dispatcher" daemon [_thread_blocked, id=7256, stack(0x0000000016e10000,0x0000000016f10000)]
  0x0000000015a9a800 JavaThread "Finalizer" daemon [_thread_blocked, id=20104, stack(0x0000000016d10000,0x0000000016e10000)]
  0x00000000033cf800 JavaThread "Reference Handler" daemon [_thread_blocked, id=19884, stack(0x0000000016c10000,0x0000000016d10000)]
  0x00000000032e0800 JavaThread "main" [_thread_in_Java, id=18340, stack(0x00000000031e0000,0x00000000032e0000)]

Other Threads:
  0x0000000015a78000 VMThread [stack: 0x0000000016b10000,0x0000000016c10000] [id=2584]
  0x00000000171b9000 WatcherThread [stack: 0x0000000017810000,0x0000000017910000] [id=19076]

VM state:not at safepoint (normal execution)

VM Mutex/Monitor currently owned by a thread: None

Heap:
 PSYoungGen      total 35328K, used 20009K [0x00000000eab00000, 0x00000000ed000000, 0x0000000100000000)
  eden space 32768K, 53% used [0x00000000eab00000,0x00000000ebc0fe88,0x00000000ecb00000)
  from space 2560K, 99% used [0x00000000ecd80000,0x00000000ecffa6c0,0x00000000ed000000)
  to   space 2560K, 0% used [0x00000000ecb00000,0x00000000ecb00000,0x00000000ecd80000)
 ParOldGen       total 44032K, used 5073K [0x00000000c0000000, 0x00000000c2b00000, 0x00000000eab00000)
  object space 44032K, 11% used [0x00000000c0000000,0x00000000c04f4730,0x00000000c2b00000)
 Metaspace       used 6008K, capacity 7024K, committed 7296K, reserved 1056768K
  class space    used 593K, capacity 616K, committed 640K, reserved 1048576K

Card table byte_map: [0x00000000127a0000,0x00000000129b0000] byte_map_base: 0x00000000121a0000

Marking Bits: (ParMarkBitMap*) 0x000000006f4b64f0
 Begin Bits: [0x0000000012f10000, 0x0000000013f10000)
 End Bits:   [0x0000000013f10000, 0x0000000014f10000)

Polling page: 0x00000000017c0000

CodeCache: size=245760Kb used=5671Kb max_used=5686Kb free=240088Kb
 bounds [0x00000000033e0000, 0x0000000003980000, 0x00000000123e0000]
 total_blobs=1617 nmethods=1352 adapters=178
 compilation: enabled

Compilation events (10 events):
Event: 2.461 Thread 0x0000000015b0e000 1358       4       java.util.HashMap::get (23 bytes)
Event: 2.462 Thread 0x0000000015b0e000 nmethod 1358 0x0000000003966c10 code [0x0000000003966d60, 0x0000000003966e88]
Event: 2.463 Thread 0x0000000015b0e000 1291       4       com.android.dx.ssa.SsaInsn::<init> (29 bytes)
Event: 2.463 Thread 0x0000000015b0e000 nmethod 1291 0x0000000003901510 code [0x0000000003901640, 0x00000000039016d8]
Event: 2.463 Thread 0x0000000015b0e000 1279       4       com.android.dx.ssa.SCCP::addBlockToWorklist (47 bytes)
Event: 2.478 Thread 0x0000000015b0e000 nmethod 1279 0x0000000003965a50 code [0x0000000003965be0, 0x0000000003966448]
Event: 2.478 Thread 0x0000000015b0e000 1272       4       com.android.dx.rop.code.RopMethod::labelToPredecessors (54 bytes)
Event: 2.520 Thread 0x0000000015b0e000 nmethod 1272 0x000000000396fe10 code [0x0000000003970000, 0x0000000003971518]
Event: 2.520 Thread 0x0000000015b0e000 1281       4       com.android.dx.ssa.SsaMethod::forEachInsn (36 bytes)
Event: 2.525 Thread 0x0000000015b0e000 nmethod 1281 0x000000000396e290 code [0x000000000396e3e0, 0x000000000396e608]

GC Heap History (4 events):
Event: 1.270 GC heap before
{Heap before GC invocations=1 (full 0):
 PSYoungGen      total 18944K, used 16384K [0x00000000eab00000, 0x00000000ec000000, 0x0000000100000000)
  eden space 16384K, 100% used [0x00000000eab00000,0x00000000ebb00000,0x00000000ebb00000)
  from space 2560K, 0% used [0x00000000ebd80000,0x00000000ebd80000,0x00000000ec000000)
  to   space 2560K, 0% used [0x00000000ebb00000,0x00000000ebb00000,0x00000000ebd80000)
 ParOldGen       total 44032K, used 0K [0x00000000c0000000, 0x00000000c2b00000, 0x00000000eab00000)
  object space 44032K, 0% used [0x00000000c0000000,0x00000000c0000000,0x00000000c2b00000)
 Metaspace       used 5709K, capacity 6768K, committed 7040K, reserved 1056768K
  class space    used 593K, capacity 616K, committed 640K, reserved 1048576K
Event: 1.422 GC heap after
Heap after GC invocations=1 (full 0):
 PSYoungGen      total 18944K, used 2551K [0x00000000eab00000, 0x00000000ed000000, 0x0000000100000000)
  eden space 16384K, 0% used [0x00000000eab00000,0x00000000eab00000,0x00000000ebb00000)
  from space 2560K, 99% used [0x00000000ebb00000,0x00000000ebd7de48,0x00000000ebd80000)
  to   space 2560K, 0% used [0x00000000ecd80000,0x00000000ecd80000,0x00000000ed000000)
 ParOldGen       total 44032K, used 2480K [0x00000000c0000000, 0x00000000c2b00000, 0x00000000eab00000)
  object space 44032K, 5% used [0x00000000c0000000,0x00000000c026c380,0x00000000c2b00000)
 Metaspace       used 5709K, capacity 6768K, committed 7040K, reserved 1056768K
  class space    used 593K, capacity 616K, committed 640K, reserved 1048576K
}
Event: 2.137 GC heap before
{Heap before GC invocations=2 (full 0):
 PSYoungGen      total 18944K, used 18935K [0x00000000eab00000, 0x00000000ed000000, 0x0000000100000000)
  eden space 16384K, 100% used [0x00000000eab00000,0x00000000ebb00000,0x00000000ebb00000)
  from space 2560K, 99% used [0x00000000ebb00000,0x00000000ebd7de48,0x00000000ebd80000)
  to   space 2560K, 0% used [0x00000000ecd80000,0x00000000ecd80000,0x00000000ed000000)
 ParOldGen       total 44032K, used 2480K [0x00000000c0000000, 0x00000000c2b00000, 0x00000000eab00000)
  object space 44032K, 5% used [0x00000000c0000000,0x00000000c026c380,0x00000000c2b00000)
 Metaspace       used 5948K, capacity 6960K, committed 7040K, reserved 1056768K
  class space    used 593K, capacity 616K, committed 640K, reserved 1048576K
Event: 2.148 GC heap after
Heap after GC invocations=2 (full 0):
 PSYoungGen      total 35328K, used 2537K [0x00000000eab00000, 0x00000000ed000000, 0x0000000100000000)
  eden space 32768K, 0% used [0x00000000eab00000,0x00000000eab00000,0x00000000ecb00000)
  from space 2560K, 99% used [0x00000000ecd80000,0x00000000ecffa6c0,0x00000000ed000000)
  to   space 2560K, 0% used [0x00000000ecb00000,0x00000000ecb00000,0x00000000ecd80000)
 ParOldGen       total 44032K, used 5073K [0x00000000c0000000, 0x00000000c2b00000, 0x00000000eab00000)
  object space 44032K, 11% used [0x00000000c0000000,0x00000000c04f4730,0x00000000c2b00000)
 Metaspace       used 5948K, capacity 6960K, committed 7040K, reserved 1056768K
  class space    used 593K, capacity 616K, committed 640K, reserved 1048576K
}

Deoptimization events (10 events):
Event: 1.193 Thread 0x00000000032e0800 Uncommon trap: reason=class_check action=maybe_recompile pc=0x00000000036bb060 method=com.android.dx.ssa.NormalSsaInsn.accept(Lcom/android/dx/ssa/SsaInsn$Visitor;)V @ 9
Event: 1.194 Thread 0x00000000032e0800 Uncommon trap: reason=class_check action=maybe_recompile pc=0x00000000036aed60 method=com.android.dx.ssa.NormalSsaInsn.accept(Lcom/android/dx/ssa/SsaInsn$Visitor;)V @ 9
Event: 1.194 Thread 0x00000000032e0800 Uncommon trap: reason=class_check action=maybe_recompile pc=0x00000000036aed60 method=com.android.dx.ssa.NormalSsaInsn.accept(Lcom/android/dx/ssa/SsaInsn$Visitor;)V @ 9
Event: 1.194 Thread 0x00000000032e0800 Uncommon trap: reason=class_check action=maybe_recompile pc=0x00000000036aed60 method=com.android.dx.ssa.NormalSsaInsn.accept(Lcom/android/dx/ssa/SsaInsn$Visitor;)V @ 9
Event: 1.209 Thread 0x00000000032e0800 Uncommon trap: reason=class_check action=maybe_recompile pc=0x00000000036bb060 method=com.android.dx.ssa.NormalSsaInsn.accept(Lcom/android/dx/ssa/SsaInsn$Visitor;)V @ 9
Event: 1.908 Thread 0x00000000032e0800 Uncommon trap: reason=unloaded action=reinterpret pc=0x000000000365438c method=com.android.dx.cf.cst.ConstantPoolParser.parse0(ILjava/util/BitSet;)Lcom/android/dx/rop/cst/Constant; @ 176
Event: 2.184 Thread 0x00000000032e0800 Uncommon trap: reason=unstable_if action=reinterpret pc=0x00000000036d236c method=com.android.dx.rop.code.RegisterSpecSet.put(Lcom/android/dx/rop/code/RegisterSpec;)V @ 77
Event: 2.184 Thread 0x00000000032e0800 Uncommon trap: reason=unstable_if action=reinterpret pc=0x00000000036d52a0 method=com.android.dx.rop.code.RegisterSpecSet.put(Lcom/android/dx/rop/code/RegisterSpec;)V @ 77
Event: 2.319 Thread 0x00000000172dc000 Uncommon trap: reason=unstable_if action=reinterpret pc=0x000000000360726c method=java.util.HashMap.getNode(ILjava/lang/Object;)Ljava/util/HashMap$Node; @ 62
Event: 2.327 Thread 0x0000000017376000 Uncommon trap: reason=unstable_if action=reinterpret pc=0x000000000362e11c method=com.android.dx.rop.cst.Constant.compareTo(Lcom/android/dx/rop/cst/Constant;)I @ 12

Internal exceptions (2 events):
Event: 0.100 Thread 0x00000000032e0800 Exception <a 'java/lang/NoSuchMethodError': Method sun.misc.Unsafe.defineClass(Ljava/lang/String;[BII)Ljava/lang/Class; name or signature does not match> (0x00000000eab07cc0) thrown at [D:\re\workspace\8-2-build-windows-amd64-cygwin\jdk8u92\6642\hotspot\srWg±ºÑÅπ?
Event: 0.100 Thread 0x00000000032e0800 Exception <a 'java/lang/NoSuchMethodError': Method sun.misc.Unsafe.prefetchRead(Ljava/lang/Object;J)V name or signature does not match> (0x00000000eab07fa8) thrown at [D:\re\workspace\8-2-build-windows-amd64-cygwin\jdk8u92\6642\hotspot\src\share\vm\prims\j

Events (10 events):
Event: 2.319 Thread 0x00000000172dc000 Uncommon trap: trap_request=0xffffff65 fr.pc=0x000000000360726c
Event: 2.319 Thread 0x00000000172dc000 DEOPT PACKING pc=0x000000000360726c sp=0x0000000017a0e6c0
Event: 2.319 Thread 0x00000000172dc000 DEOPT UNPACKING pc=0x000000000342582a sp=0x0000000017a0e5d0 mode 2
Event: 2.319 Thread 0x00000000172dc000 DEOPT PACKING pc=0x000000000372aecd sp=0x0000000017a0e7b0
Event: 2.319 Thread 0x00000000172dc000 DEOPT UNPACKING pc=0x000000000342787f sp=0x0000000017a0e520 mode 0
Event: 2.327 Thread 0x0000000017376000 Uncommon trap: trap_request=0xffffff65 fr.pc=0x000000000362e11c
Event: 2.327 Thread 0x0000000017376000 DEOPT PACKING pc=0x000000000362e11c sp=0x0000000017d0e460
Event: 2.327 Thread 0x0000000017376000 DEOPT UNPACKING pc=0x000000000342582a sp=0x0000000017d0e400 mode 2
Event: 2.384 Thread 0x0000000017373800 DEOPT PACKING pc=0x000000000372aecd sp=0x0000000017c0e9d0
Event: 2.384 Thread 0x0000000017373800 DEOPT UNPACKING pc=0x000000000342787f sp=0x0000000017c0e740 mode 0


Dynamic libraries:
0x00007ff72d410000 - 0x00007ff72d447000 	D:\Program Files\Java\jdk1.8.0_92\bin\java.exe
0x00007ffdddd70000 - 0x00007ffdddf31000 	C:\windows\SYSTEM32\ntdll.dll
0x00007ffddb400000 - 0x00007ffddb4ad000 	C:\windows\system32\KERNEL32.DLL
0x00007ffddad50000 - 0x00007ffddaf38000 	C:\windows\system32\KERNELBASE.dll
0x00007ffddcc80000 - 0x00007ffddcd27000 	C:\windows\system32\ADVAPI32.dll
0x00007ffddd9a0000 - 0x00007ffddda3d000 	C:\windows\system32\msvcrt.dll
0x00007ffddb3a0000 - 0x00007ffddb3fb000 	C:\windows\system32\sechost.dll
0x00007ffddb240000 - 0x00007ffddb35c000 	C:\windows\system32\RPCRT4.dll
0x00007ffddd250000 - 0x00007ffddd3a6000 	C:\windows\system32\USER32.dll
0x00007ffddd060000 - 0x00007ffddd1e6000 	C:\windows\system32\GDI32.dll
0x00007ffdc2b80000 - 0x00007ffdc2df4000 	C:\windows\WinSxS\amd64_microsoft.windows.common-controls_6595b64144ccf1df_6.0.10586.589_none_a2ddb3caa539acce\COMCTL32.dll
0x00007ffdddaf0000 - 0x00007ffdddd6d000 	C:\windows\system32\combase.dll
0x00007ffddb040000 - 0x00007ffddb0aa000 	C:\windows\system32\bcryptPrimitives.dll
0x00007ffddb360000 - 0x00007ffddb39b000 	C:\windows\system32\IMM32.DLL
0x000000006f540000 - 0x000000006f612000 	D:\Program Files\Java\jdk1.8.0_92\jre\bin\msvcr100.dll
0x000000006eca0000 - 0x000000006f536000 	D:\Program Files\Java\jdk1.8.0_92\jre\bin\server\jvm.dll
0x00007ffddcef0000 - 0x00007ffddcef8000 	C:\windows\system32\PSAPI.DLL
0x00007ffdcb000000 - 0x00007ffdcb009000 	C:\windows\SYSTEM32\WSOCK32.dll
0x00007ffddcf60000 - 0x00007ffddcfcb000 	C:\windows\system32\WS2_32.dll
0x00007ffdd8b80000 - 0x00007ffdd8ba3000 	C:\windows\SYSTEM32\WINMM.dll
0x00007ffdcbef0000 - 0x00007ffdcbefa000 	C:\windows\SYSTEM32\VERSION.dll
0x00007ffdd8a40000 - 0x00007ffdd8a6c000 	C:\windows\SYSTEM32\WINMMBASE.dll
0x00007ffddaf40000 - 0x00007ffddaf83000 	C:\windows\system32\cfgmgr32.dll
0x00000000703a0000 - 0x00000000703af000 	D:\Program Files\Java\jdk1.8.0_92\jre\bin\verify.dll
0x0000000070370000 - 0x0000000070399000 	D:\Program Files\Java\jdk1.8.0_92\jre\bin\java.dll
0x0000000070350000 - 0x0000000070366000 	D:\Program Files\Java\jdk1.8.0_92\jre\bin\zip.dll
0x00007ffddb720000 - 0x00007ffddcc7c000 	C:\windows\system32\SHELL32.dll
0x00007ffdda420000 - 0x00007ffddaa65000 	C:\windows\system32\windows.storage.dll
0x00007ffddcf00000 - 0x00007ffddcf52000 	C:\windows\system32\shlwapi.dll
0x00007ffdda3e0000 - 0x00007ffdda3ef000 	C:\windows\system32\kernel.appcore.dll
0x00007ffddb0b0000 - 0x00007ffddb165000 	C:\windows\system32\shcore.dll
0x00007ffdda390000 - 0x00007ffdda3db000 	C:\windows\system32\powrprof.dll
0x00007ffdda400000 - 0x00007ffdda414000 	C:\windows\system32\profapi.dll

VM Arguments:
jvm_args: -Djava.awt.headless=true -Xmx1024M -Dfile.encoding=GBK -Duser.country=CN -Duser.language=zh -Duser.variant 
java_command: com.android.dx.command.Main --dex --force-jumbo --num-threads=4 --multi-dex --output C:\Users\lee\OneDrive\Documents\AndroidStudioProjects\MyApplication\JimeiBarcode_Android\build\intermediates\transforms\dex\debug\folders\1000\10\com.android.support-support-fragment-24.2.1_b6d1f7843ccb7adf4ff5416ff22fd3098872793c C:\Users\lee\OneDrive\Documents\AndroidStudioProjects\MyApplication\JimeiBarcode_Android\build\intermediates\exploded-aar\com.android.support\support-fragment\24.2.1\jars\classes.jar
java_class_path (initial): D:\Android\Sdk\build-tools\24.0.0\lib\dx.jar
Launcher Type: SUN_STANDARD

Environment Variables:
PATH=C:\ProgramData\Oracle\Java\javapath;C:\windows\system32;C:\windows;C:\windows\System32\Wbem;C:\windows\System32\WindowsPowerShell\v1.0\;C:\Program Files (x86)\Microsoft SQL Server\90\Tools\binn\;D:\Program Files (x86)\Android\android-sdk\platform-tools;D:\Program Files (x86)\Android\android-sdk\tools;C:\windows\system32\config\systemprofile\.dnx\bin;C:\Program Files\Microsoft DNX\Dnvm\;C:\Program Files\Microsoft SQL Server\120\Tools\Binn\;C:\Program Files\Git\cmd
USERNAME=lee
OS=Windows_NT
PROCESSOR_IDENTIFIER=Intel64 Family 6 Model 69 Stepping 1, GenuineIntel



---------------  S Y S T E M  ---------------

OS: Windows 10.0 , 64 bit Build 10586 (10.0.10586.589)

CPU:total 4 (2 cores per cpu, 2 threads per core) family 6 model 69 stepping 1, cmov, cx8, fxsr, mmx, sse, sse2, sse3, ssse3, sse4.1, sse4.2, popcnt, avx, avx2, aes, clmul, erms, lzcnt, ht, tsc, tscinvbit, bmi1, bmi2

Memory: 4k page, physical 4133144k(214296k free), swap 10839956k(5164k free)

vm_info: Java HotSpot(TM) 64-Bit Server VM (25.92-b14) for windows-amd64 JRE (1.8.0_92-b14), built on Mar 31 2016 21:03:04 by "java_re" with MS VC++ 10.0 (VS2010)

time: Wed Nov 02 01:05:50 2016
elapsed time: 2 seconds (0d 0h 0m 2s)

