#
# There is insufficient memory for the Java Runtime Environment to continue.
# Native memory allocation (malloc) failed to allocate 1048576 bytes for AllocateHeap
# Possible reasons:
#   The system is out of physical RAM or swap space
#   In 32 bit mode, the process size limit was hit
# Possible solutions:
#   Reduce memory load on the system
#   Increase physical memory or swap space
#   Check if swap backing store is full
#   Use 64 bit Java on a 64 bit OS
#   Decrease Java heap size (-Xmx/-Xms)
#   Decrease number of Java threads
#   Decrease Java thread stack sizes (-Xss)
#   Set larger code cache with -XX:ReservedCodeCacheSize=
# This output file may be truncated or incomplete.
#
#  Out of Memory Error (memory/allocation.inline.hpp:61), pid=12612, tid=0x0000000000003f98
#
# JRE version:  (8.0_92-b14) (build )
# Java VM: Java HotSpot(TM) 64-Bit Server VM (25.92-b14 mixed mode windows-amd64 compressed oops)
# Failed to write core dump. Minidumps are not enabled by default on client versions of Windows
#

---------------  T H R E A D  ---------------

Current thread (0x0000000003020800):  JavaThread "Unknown thread" [_thread_in_vm, id=16280, stack(0x0000000002b30000,0x0000000002c30000)]

Stack: [0x0000000002b30000,0x0000000002c30000]
[error occurred during error reporting (printing stack bounds), id 0xc0000005]

Native frames: (J=compiled Java code, j=interpreted, Vv=VM code, C=native code)


---------------  P R O C E S S  ---------------

Java Threads: ( => current thread )

Other Threads:

=>0x0000000003020800 (exited) JavaThread "Unknown thread" [_thread_in_vm, id=16280, stack(0x0000000002b30000,0x0000000002c30000)]

VM state:not at safepoint (normal execution)

VM Mutex/Monitor currently owned by a thread: None

Heap:
 PSYoungGen      total 18944K, used 327K [0x00000000eab00000, 0x00000000ec000000, 0x0000000100000000)
  eden space 16384K, 2% used [0x00000000eab00000,0x00000000eab51ec8,0x00000000ebb00000)
  from space 2560K, 0% used [0x00000000ebd80000,0x00000000ebd80000,0x00000000ec000000)
  to   space 2560K, 0% used [0x00000000ebb00000,0x00000000ebb00000,0x00000000ebd80000)
 ParOldGen       total 44032K, used 0K [0x00000000c0000000, 0x00000000c2b00000, 0x00000000eab00000)
  object space 44032K, 0% used [0x00000000c0000000,0x00000000c0000000,0x00000000c2b00000)
 Metaspace       used 769K, capacity 4480K, committed 4480K, reserved 1056768K
  class space    used 75K, capacity 384K, committed 384K, reserved 1048576K

Card table byte_map: [0x00000000125b0000,0x00000000127c0000] byte_map_base: 0x0000000011fb0000

Marking Bits: (ParMarkBitMap*) 0x0000000069a264f0
 Begin Bits: [0x0000000012d20000, 0x0000000013d20000)
 End Bits:   [0x0000000013d20000, 0x0000000014d20000)

Polling page: 0x0000000000fe0000

CodeCache: size=245760Kb used=328Kb max_used=328Kb free=245431Kb
 bounds [0x00000000031f0000, 0x0000000003460000, 0x00000000121f0000]
 total_blobs=58 nmethods=0 adapters=38
 compilation: enabled

Compilation events (0 events):
No events

GC Heap History (0 events):
No events

Deoptimization events (0 events):
No events

Internal exceptions (0 events):
No events

Events (10 events):
Event: 0.131 loading class java/lang/Short
Event: 0.131 loading class java/lang/Short done
Event: 0.131 loading class java/lang/Integer
Event: 0.131 loading class java/lang/Integer done
Event: 0.131 loading class java/lang/Long
Event: 0.132 loading class java/lang/Long done
Event: 0.133 loading class java/lang/NullPointerException
Event: 0.133 loading class java/lang/NullPointerException done
Event: 0.133 loading class java/lang/ArithmeticException
Event: 0.133 loading class java/lang/ArithmeticException done


Dynamic libraries:
0x00007ff78ef40000 - 0x00007ff78ef77000 	D:\Program Files\Java\jdk1.8.0_92\bin\java.exe
0x00007ffefe300000 - 0x00007ffefe4c1000 	C:\WINDOWS\SYSTEM32\ntdll.dll
0x00007ffefb9d0000 - 0x00007ffefba7d000 	C:\WINDOWS\system32\KERNEL32.DLL
0x00007ffefadc0000 - 0x00007ffefafa8000 	C:\WINDOWS\system32\KERNELBASE.dll
0x00007ffefcaf0000 - 0x00007ffefcb97000 	C:\WINDOWS\system32\ADVAPI32.dll
0x00007ffefc420000 - 0x00007ffefc4bd000 	C:\WINDOWS\system32\msvcrt.dll
0x00007ffefc8f0000 - 0x00007ffefc94b000 	C:\WINDOWS\system32\sechost.dll
0x00007ffefb700000 - 0x00007ffefb81c000 	C:\WINDOWS\system32\RPCRT4.dll
0x00007ffefba80000 - 0x00007ffefbbd6000 	C:\WINDOWS\system32\USER32.dll
0x00007ffefb820000 - 0x00007ffefb9a6000 	C:\WINDOWS\system32\GDI32.dll
0x00007ffeecd60000 - 0x00007ffeecfd4000 	C:\WINDOWS\WinSxS\amd64_microsoft.windows.common-controls_6595b64144ccf1df_6.0.10586.494_none_a2d8b04ea53e3145\COMCTL32.dll
0x00007ffefc1a0000 - 0x00007ffefc41d000 	C:\WINDOWS\system32\combase.dll
0x00007ffefafb0000 - 0x00007ffefb01a000 	C:\WINDOWS\system32\bcryptPrimitives.dll
0x00007ffefc000000 - 0x00007ffefc03b000 	C:\WINDOWS\system32\IMM32.DLL
0x0000000068da0000 - 0x0000000068e72000 	D:\Program Files\Java\jdk1.8.0_92\jre\bin\msvcr100.dll
0x0000000069210000 - 0x0000000069aa6000 	D:\Program Files\Java\jdk1.8.0_92\jre\bin\server\jvm.dll
0x00007ffefcd30000 - 0x00007ffefcd38000 	C:\WINDOWS\system32\PSAPI.DLL
0x00007ffeeb460000 - 0x00007ffeeb469000 	C:\WINDOWS\SYSTEM32\WSOCK32.dll
0x00007ffefcba0000 - 0x00007ffefcc0b000 	C:\WINDOWS\system32\WS2_32.dll
0x00007ffef8ba0000 - 0x00007ffef8bc3000 	C:\WINDOWS\SYSTEM32\WINMM.dll
0x00007ffeec2a0000 - 0x00007ffeec2aa000 	C:\WINDOWS\SYSTEM32\VERSION.dll
0x00007ffef8b40000 - 0x00007ffef8b6c000 	C:\WINDOWS\SYSTEM32\WINMMBASE.dll
0x00007ffefacb0000 - 0x00007ffefacf3000 	C:\WINDOWS\system32\cfgmgr32.dll
0x0000000069b10000 - 0x0000000069b1f000 	D:\Program Files\Java\jdk1.8.0_92\jre\bin\verify.dll
0x00000000691e0000 - 0x0000000069209000 	D:\Program Files\Java\jdk1.8.0_92\jre\bin\java.dll
0x00000000691c0000 - 0x00000000691d6000 	D:\Program Files\Java\jdk1.8.0_92\jre\bin\zip.dll

VM Arguments:
jvm_args: -Djava.awt.headless=true -Xmx1024M -Dfile.encoding=GBK -Duser.country=CN -Duser.language=zh -Duser.variant 
java_command: com.android.dx.command.Main --dex --force-jumbo --num-threads=4 --multi-dex --output C:\Users\lee\AndroidStudioProjects\MyApplication\app\build\intermediates\transforms\dex\debug\folders\1000\5\slice_3 C:\Users\lee\AndroidStudioProjects\MyApplication\app\build\intermediates\transforms\instantRunSlicer\debug\folders\1\5\slice_3
java_class_path (initial): C:\Users\lee\AppData\Local\Android\Sdk\build-tools\24.0.0\lib\dx.jar
Launcher Type: SUN_STANDARD

Environment Variables:
PATH=C:\ProgramData\Oracle\Java\javapath;C:\WINDOWS\system32;C:\WINDOWS;C:\WINDOWS\System32\Wbem;C:\WINDOWS\System32\WindowsPowerShell\v1.0\;C:\Program Files (x86)\Microsoft SQL Server\90\Tools\binn\;D:\Program Files (x86)\Android\android-sdk\platform-tools;D:\Program Files (x86)\Android\android-sdk\tools
USERNAME=lee
OS=Windows_NT
PROCESSOR_IDENTIFIER=Intel64 Family 6 Model 69 Stepping 1, GenuineIntel



---------------  S Y S T E M  ---------------

OS: Windows 10.0 , 64 bit Build 10586 (10.0.10586.0)

CPU:total 4 (2 cores per cpu, 2 threads per core) family 6 model 69 stepping 1, cmov, cx8, fxsr, mmx, sse, sse2, sse3, ssse3, sse4.1, sse4.2, popcnt, avx, avx2, aes, clmul, erms, lzcnt, ht, tsc, tscinvbit, bmi1, bmi2

Memory: 4k page, physical 4133144k(426644k free), swap 9439836k(6080k free)

vm_info: Java HotSpot(TM) 64-Bit Server VM (25.92-b14) for windows-amd64 JRE (1.8.0_92-b14), built on Mar 31 2016 21:03:04 by "java_re" with MS VC++ 10.0 (VS2010)

time: Fri Sep 09 15:16:30 2016
elapsed time: 0 seconds (0d 0h 0m 0s)

