#
# There is insufficient memory for the Java Runtime Environment to continue.
# Native memory allocation (malloc) failed to allocate 32744 bytes for ChunkPool::allocate
# Possible reasons:
#   The system is out of physical RAM or swap space
#   In 32 bit mode, the process size limit was hit
# Possible solutions:
#   Reduce memory load on the system
#   Increase physical memory or swap space
#   Check if swap backing store is full
#   Use 64 bit Java on a 64 bit OS
#   Decrease Java heap size (-Xmx/-Xms)
#   Decrease number of Java threads
#   Decrease Java thread stack sizes (-Xss)
#   Set larger code cache with -XX:ReservedCodeCacheSize=
# This output file may be truncated or incomplete.
#
#  Out of Memory Error (allocation.cpp:273), pid=8872, tid=0x000000000000365c
#
# JRE version: Java(TM) SE Runtime Environment (8.0_92-b14) (build 1.8.0_92-b14)
# Java VM: Java HotSpot(TM) 64-Bit Server VM (25.92-b14 mixed mode windows-amd64 compressed oops)
# Failed to write core dump. Minidumps are not enabled by default on client versions of Windows
#

---------------  T H R E A D  ---------------

Current thread (0x0000000016ad9000):  JavaThread "C2 CompilerThread1" daemon [_thread_in_native, id=13916, stack(0x0000000016e80000,0x0000000016f80000)]

Stack: [0x0000000016e80000,0x0000000016f80000]
[error occurred during error reporting (printing stack bounds), id 0xc0000005]

Native frames: (J=compiled Java code, j=interpreted, Vv=VM code, C=native code)


Current CompileTask:
C2:   7384 1569   !   4       com.android.dx.cf.code.BytecodeArray::parseInstruction (2764 bytes)


---------------  P R O C E S S  ---------------

Java Threads: ( => current thread )
  0x0000000016d3f000 JavaThread "pool-1-thread-4" [_thread_in_Java, id=18924, stack(0x0000000017680000,0x0000000017780000)]
  0x0000000016d3e000 JavaThread "pool-1-thread-3" [_thread_in_Java, id=16700, stack(0x0000000017580000,0x0000000017680000)]
  0x0000000016d3c800 JavaThread "pool-1-thread-2" [_thread_blocked, id=6880, stack(0x0000000017480000,0x0000000017580000)]
  0x0000000016d34000 JavaThread "pool-2-thread-1" [_thread_blocked, id=11912, stack(0x0000000017380000,0x0000000017480000)]
  0x0000000016d33800 JavaThread "pool-1-thread-1" [_thread_in_Java, id=17756, stack(0x0000000017280000,0x0000000017380000)]
  0x0000000016ae1000 JavaThread "Service Thread" daemon [_thread_blocked, id=19864, stack(0x0000000017080000,0x0000000017180000)]
  0x0000000016adb800 JavaThread "C1 CompilerThread2" daemon [_thread_blocked, id=14060, stack(0x0000000016f80000,0x0000000017080000)]
=>0x0000000016ad9000 JavaThread "C2 CompilerThread1" daemon [_thread_in_native, id=13916, stack(0x0000000016e80000,0x0000000016f80000)]
  0x000000001542b000 JavaThread "C2 CompilerThread0" daemon [_thread_blocked, id=3312, stack(0x0000000016980000,0x0000000016a80000)]
  0x00000000153dd000 JavaThread "Attach Listener" daemon [_thread_blocked, id=10252, stack(0x0000000016880000,0x0000000016980000)]
  0x0000000015429800 JavaThread "Signal Dispatcher" daemon [_thread_blocked, id=10668, stack(0x0000000016780000,0x0000000016880000)]
  0x00000000153ba800 JavaThread "Finalizer" daemon [_thread_blocked, id=14380, stack(0x0000000016620000,0x0000000016720000)]
  0x0000000002cef800 JavaThread "Reference Handler" daemon [_thread_blocked, id=10124, stack(0x0000000016520000,0x0000000016620000)]
  0x0000000002c00800 JavaThread "main" [_thread_in_vm, id=1564, stack(0x0000000002a00000,0x0000000002b00000)]

Other Threads:
  0x0000000015398000 VMThread [stack: 0x0000000016420000,0x0000000016520000] [id=18748]
  0x0000000016b5b800 WatcherThread [stack: 0x0000000017180000,0x0000000017280000] [id=17628]

VM state:synchronizing (normal execution)

VM Mutex/Monitor currently owned by a thread:  ([mutex/lock_event])
[0x0000000000f3c140] Safepoint_lock - owner thread: 0x0000000015398000
[0x0000000000f3c3c0] Threads_lock - owner thread: 0x0000000015398000
[0x0000000000f3c7c0] Heap_lock - owner thread: 0x0000000002c00800

Heap:
 PSYoungGen      total 35328K, used 35304K [0x00000000eab00000, 0x00000000ed000000, 0x0000000100000000)
  eden space 32768K, 100% used [0x00000000eab00000,0x00000000ecb00000,0x00000000ecb00000)
  from space 2560K, 99% used [0x00000000ecd80000,0x00000000ecffa038,0x00000000ed000000)
  to   space 2560K, 0% used [0x00000000ecb00000,0x00000000ecb00000,0x00000000ecd80000)
 ParOldGen       total 44032K, used 2592K [0x00000000c0000000, 0x00000000c2b00000, 0x00000000eab00000)
  object space 44032K, 5% used [0x00000000c0000000,0x00000000c0288010,0x00000000c2b00000)
 Metaspace       used 6171K, capacity 7088K, committed 7296K, reserved 1056768K
  class space    used 595K, capacity 616K, committed 640K, reserved 1048576K

Card table byte_map: [0x00000000120c0000,0x00000000122d0000] byte_map_base: 0x0000000011ac0000

Marking Bits: (ParMarkBitMap*) 0x000000006f4b64f0
 Begin Bits: [0x0000000012830000, 0x0000000013830000)
 End Bits:   [0x0000000013830000, 0x0000000014830000)

Polling page: 0x0000000000eb0000

CodeCache: size=245760Kb used=7241Kb max_used=7241Kb free=238518Kb
 bounds [0x0000000002d00000, 0x0000000003420000, 0x0000000011d00000]
 total_blobs=1890 nmethods=1625 adapters=178
 compilation: enabled

Compilation events (10 events):
Event: 7.273 Thread 0x0000000016adb800 1626       1       com.android.dx.cf.attrib.AttSourceFile::byteLength (3 bytes)
Event: 7.273 Thread 0x0000000016adb800 nmethod 1626 0x0000000003410750 code [0x00000000034108a0, 0x00000000034109b0]
Event: 7.273 Thread 0x0000000016adb800 1627       3       com.android.dx.cf.direct.DirectClassFile::getMagic0 (9 bytes)
Event: 7.273 Thread 0x0000000016adb800 nmethod 1627 0x0000000003410a10 code [0x0000000003410b80, 0x0000000003410da8]
Event: 7.274 Thread 0x0000000016adb800 1628       3       com.android.dx.dex.cf.CfTranslator::translate0 (259 bytes)
Event: 7.278 Thread 0x0000000016adb800 nmethod 1628 0x0000000003410e50 code [0x00000000034112e0, 0x00000000034141d8]
Event: 7.278 Thread 0x0000000016adb800 1629       3       java.util.concurrent.AbstractExecutorService::submit (25 bytes)
Event: 7.279 Thread 0x0000000016adb800 nmethod 1629 0x0000000003416010 code [0x00000000034161c0, 0x00000000034167c8]
Event: 7.279 Thread 0x0000000016adb800 1630       3       java.util.concurrent.ThreadPoolExecutor::execute (132 bytes)
Event: 7.280 Thread 0x0000000016adb800 nmethod 1630 0x0000000003416a50 code [0x0000000003416ca0, 0x0000000003417c28]

GC Heap History (4 events):
Event: 1.856 GC heap before
{Heap before GC invocations=1 (full 0):
 PSYoungGen      total 18944K, used 16384K [0x00000000eab00000, 0x00000000ec000000, 0x0000000100000000)
  eden space 16384K, 100% used [0x00000000eab00000,0x00000000ebb00000,0x00000000ebb00000)
  from space 2560K, 0% used [0x00000000ebd80000,0x00000000ebd80000,0x00000000ec000000)
  to   space 2560K, 0% used [0x00000000ebb00000,0x00000000ebb00000,0x00000000ebd80000)
 ParOldGen       total 44032K, used 0K [0x00000000c0000000, 0x00000000c2b00000, 0x00000000eab00000)
  object space 44032K, 0% used [0x00000000c0000000,0x00000000c0000000,0x00000000c2b00000)
 Metaspace       used 5351K, capacity 6384K, committed 6528K, reserved 1056768K
  class space    used 584K, capacity 616K, committed 640K, reserved 1048576K
Event: 1.889 GC heap after
Heap after GC invocations=1 (full 0):
 PSYoungGen      total 18944K, used 2528K [0x00000000eab00000, 0x00000000ed000000, 0x0000000100000000)
  eden space 16384K, 0% used [0x00000000eab00000,0x00000000eab00000,0x00000000ebb00000)
  from space 2560K, 98% used [0x00000000ebb00000,0x00000000ebd780a8,0x00000000ebd80000)
  to   space 2560K, 0% used [0x00000000ecd80000,0x00000000ecd80000,0x00000000ed000000)
 ParOldGen       total 44032K, used 821K [0x00000000c0000000, 0x00000000c2b00000, 0x00000000eab00000)
  object space 44032K, 1% used [0x00000000c0000000,0x00000000c00cd438,0x00000000c2b00000)
 Metaspace       used 5351K, capacity 6384K, committed 6528K, reserved 1056768K
  class space    used 584K, capacity 616K, committed 640K, reserved 1048576K
}
Event: 3.941 GC heap before
{Heap before GC invocations=2 (full 0):
 PSYoungGen      total 18944K, used 18912K [0x00000000eab00000, 0x00000000ed000000, 0x0000000100000000)
  eden space 16384K, 100% used [0x00000000eab00000,0x00000000ebb00000,0x00000000ebb00000)
  from space 2560K, 98% used [0x00000000ebb00000,0x00000000ebd780a8,0x00000000ebd80000)
  to   space 2560K, 0% used [0x00000000ecd80000,0x00000000ecd80000,0x00000000ed000000)
 ParOldGen       total 44032K, used 821K [0x00000000c0000000, 0x00000000c2b00000, 0x00000000eab00000)
  object space 44032K, 1% used [0x00000000c0000000,0x00000000c00cd438,0x00000000c2b00000)
 Metaspace       used 6066K, capacity 7024K, committed 7296K, reserved 1056768K
  class space    used 594K, capacity 616K, committed 640K, reserved 1048576K
Event: 4.225 GC heap after
Heap after GC invocations=2 (full 0):
 PSYoungGen      total 35328K, used 2536K [0x00000000eab00000, 0x00000000ed000000, 0x0000000100000000)
  eden space 32768K, 0% used [0x00000000eab00000,0x00000000eab00000,0x00000000ecb00000)
  from space 2560K, 99% used [0x00000000ecd80000,0x00000000ecffa038,0x00000000ed000000)
  to   space 2560K, 0% used [0x00000000ecb00000,0x00000000ecb00000,0x00000000ecd80000)
 ParOldGen       total 44032K, used 2592K [0x00000000c0000000, 0x00000000c2b00000, 0x00000000eab00000)
  object space 44032K, 5% used [0x00000000c0000000,0x00000000c0288010,0x00000000c2b00000)
 Metaspace       used 6066K, capacity 7024K, committed 7296K, reserved 1056768K
  class space    used 594K, capacity 616K, committed 640K, reserved 1048576K
}

Deoptimization events (10 events):
Event: 3.537 Thread 0x0000000016d3c800 Uncommon trap: reason=unstable_if action=reinterpret pc=0x0000000003150b6c method=com.android.dx.rop.code.RegisterSpecSet.put(Lcom/android/dx/rop/code/RegisterSpec;)V @ 77
Event: 4.515 Thread 0x0000000016d3f000 Uncommon trap: reason=unstable_if action=reinterpret pc=0x00000000032b5d60 method=com.android.dx.cf.code.BytecodeArray.parseInstruction(ILcom/android/dx/cf/code/BytecodeArray$Visitor;)I @ 1198
Event: 4.785 Thread 0x0000000016d33800 Uncommon trap: reason=null_check action=make_not_entrant pc=0x0000000002fd6c50 method=com.android.dx.ssa.SsaRenamer.getLocalForNewReg(I)Lcom/android/dx/rop/code/LocalItem; @ 19
Event: 7.121 Thread 0x0000000016d3e000 Uncommon trap: reason=unstable_if action=reinterpret pc=0x0000000003351f04 method=com.android.dx.ssa.SsaRenamer$BlockRenamer.process()V @ 90
Event: 7.135 Thread 0x0000000016d3e000 Uncommon trap: reason=unstable_if action=reinterpret pc=0x00000000033244d8 method=com.android.dx.rop.code.RegisterSpecSet.localItemToSpec(Lcom/android/dx/rop/code/LocalItem;)Lcom/android/dx/rop/code/RegisterSpec; @ 35
Event: 7.148 Thread 0x0000000016d3e000 Uncommon trap: reason=unstable_if action=reinterpret pc=0x0000000003099f1c method=com.android.dx.rop.cst.Constant.compareTo(Lcom/android/dx/rop/cst/Constant;)I @ 12
Event: 7.153 Thread 0x0000000016d3e000 Uncommon trap: reason=null_check action=make_not_entrant pc=0x000000000312eda8 method=com.android.dx.rop.type.Type.equals(Ljava/lang/Object;)Z @ 8
Event: 7.187 Thread 0x0000000016d3f000 Uncommon trap: reason=bimorphic action=maybe_recompile pc=0x000000000337d258 method=com.android.dx.ssa.LiteralOpUpgrader.tryReplacingWithConstant(Lcom/android/dx/ssa/NormalSsaInsn;)Z @ 52
Event: 7.189 Thread 0x0000000016d3f000 Uncommon trap: reason=unstable_if action=reinterpret pc=0x000000000335d880 method=com.android.dx.dex.code.RopToDop.dopFor(Lcom/android/dx/rop/code/Insn;)Lcom/android/dx/dex/code/Dop; @ 747
Event: 7.236 Thread 0x0000000016d3f000 Uncommon trap: reason=bimorphic action=maybe_recompile pc=0x000000000337d258 method=com.android.dx.ssa.LiteralOpUpgrader.tryReplacingWithConstant(Lcom/android/dx/ssa/NormalSsaInsn;)Z @ 52

Internal exceptions (4 events):
Event: 0.363 Thread 0x0000000002c00800 Exception <a 'java/lang/NoSuchMethodError': Method sun.misc.Unsafe.defineClass(Ljava/lang/String;[BII)Ljava/lang/Class; name or signature does not match> (0x00000000eab07cc0) thrown at [D:\re\workspace\8-2-build-windows-amd64-cygwin\jdk8u92\6642\hotspot\sr5´]fÈ4◊?
Event: 0.363 Thread 0x0000000002c00800 Exception <a 'java/lang/NoSuchMethodError': Method sun.misc.Unsafe.prefetchRead(Ljava/lang/Object;J)V name or signature does not match> (0x00000000eab07fa8) thrown at [D:\re\workspace\8-2-build-windows-amd64-cygwin\jdk8u92\6642\hotspot\src\share\vm\prims\jπï¿†ê#@
Event: 4.785 Thread 0x0000000016d33800 Implicit null exception at 0x0000000002fd5327 to 0x0000000002fd6c29
Event: 7.153 Thread 0x0000000016d3e000 Implicit null exception at 0x000000000312eca2 to 0x000000000312ed9a

Events (10 events):
Event: 7.187 Thread 0x0000000016d3f000 Uncommon trap: trap_request=0xffffffc6 fr.pc=0x000000000337d258
Event: 7.187 Thread 0x0000000016d3f000 DEOPT PACKING pc=0x000000000337d258 sp=0x000000001777eab0
Event: 7.187 Thread 0x0000000016d3f000 DEOPT UNPACKING pc=0x0000000002d4582a sp=0x000000001777ea80 mode 2
Event: 7.189 Thread 0x0000000016d3f000 Uncommon trap: trap_request=0xffffff65 fr.pc=0x000000000335d880
Event: 7.189 Thread 0x0000000016d3f000 DEOPT PACKING pc=0x000000000335d880 sp=0x000000001777ea00
Event: 7.189 Thread 0x0000000016d3f000 DEOPT UNPACKING pc=0x0000000002d4582a sp=0x000000001777e9f0 mode 2
Event: 7.236 Thread 0x0000000016d3f000 Uncommon trap: trap_request=0xffffffc6 fr.pc=0x000000000337d258
Event: 7.236 Thread 0x0000000016d3f000 DEOPT PACKING pc=0x000000000337d258 sp=0x000000001777eab0
Event: 7.236 Thread 0x0000000016d3f000 DEOPT UNPACKING pc=0x0000000002d4582a sp=0x000000001777ea80 mode 2
Event: 7.284 Executing VM operation: ParallelGCFailedAllocation


Dynamic libraries:
0x00007ff6eca20000 - 0x00007ff6eca57000 	D:\Program Files\Java\jdk1.8.0_92\bin\java.exe
0x00007ffdddd70000 - 0x00007ffdddf31000 	C:\windows\SYSTEM32\ntdll.dll
0x00007ffddb400000 - 0x00007ffddb4ad000 	C:\windows\system32\KERNEL32.DLL
0x00007ffddad50000 - 0x00007ffddaf38000 	C:\windows\system32\KERNELBASE.dll
0x00007ffddcc80000 - 0x00007ffddcd27000 	C:\windows\system32\ADVAPI32.dll
0x00007ffddd9a0000 - 0x00007ffddda3d000 	C:\windows\system32\msvcrt.dll
0x00007ffddb3a0000 - 0x00007ffddb3fb000 	C:\windows\system32\sechost.dll
0x00007ffddb240000 - 0x00007ffddb35c000 	C:\windows\system32\RPCRT4.dll
0x00007ffddd250000 - 0x00007ffddd3a6000 	C:\windows\system32\USER32.dll
0x00007ffddd060000 - 0x00007ffddd1e6000 	C:\windows\system32\GDI32.dll
0x00007ffdc2b80000 - 0x00007ffdc2df4000 	C:\windows\WinSxS\amd64_microsoft.windows.common-controls_6595b64144ccf1df_6.0.10586.589_none_a2ddb3caa539acce\COMCTL32.dll
0x00007ffdddaf0000 - 0x00007ffdddd6d000 	C:\windows\system32\combase.dll
0x00007ffddb040000 - 0x00007ffddb0aa000 	C:\windows\system32\bcryptPrimitives.dll
0x00007ffddb360000 - 0x00007ffddb39b000 	C:\windows\system32\IMM32.DLL
0x000000006f540000 - 0x000000006f612000 	D:\Program Files\Java\jdk1.8.0_92\jre\bin\msvcr100.dll
0x000000006eca0000 - 0x000000006f536000 	D:\Program Files\Java\jdk1.8.0_92\jre\bin\server\jvm.dll
0x00007ffddcef0000 - 0x00007ffddcef8000 	C:\windows\system32\PSAPI.DLL
0x00007ffdcb000000 - 0x00007ffdcb009000 	C:\windows\SYSTEM32\WSOCK32.dll
0x00007ffddcf60000 - 0x00007ffddcfcb000 	C:\windows\system32\WS2_32.dll
0x00007ffdd8b80000 - 0x00007ffdd8ba3000 	C:\windows\SYSTEM32\WINMM.dll
0x00007ffdcbef0000 - 0x00007ffdcbefa000 	C:\windows\SYSTEM32\VERSION.dll
0x00007ffdd8a40000 - 0x00007ffdd8a6c000 	C:\windows\SYSTEM32\WINMMBASE.dll
0x00007ffddaf40000 - 0x00007ffddaf83000 	C:\windows\system32\cfgmgr32.dll
0x00000000703a0000 - 0x00000000703af000 	D:\Program Files\Java\jdk1.8.0_92\jre\bin\verify.dll
0x0000000070370000 - 0x0000000070399000 	D:\Program Files\Java\jdk1.8.0_92\jre\bin\java.dll
0x0000000070350000 - 0x0000000070366000 	D:\Program Files\Java\jdk1.8.0_92\jre\bin\zip.dll
0x00007ffddb720000 - 0x00007ffddcc7c000 	C:\windows\system32\SHELL32.dll
0x00007ffdda420000 - 0x00007ffddaa65000 	C:\windows\system32\windows.storage.dll
0x00007ffddcf00000 - 0x00007ffddcf52000 	C:\windows\system32\shlwapi.dll
0x00007ffdda3e0000 - 0x00007ffdda3ef000 	C:\windows\system32\kernel.appcore.dll
0x00007ffddb0b0000 - 0x00007ffddb165000 	C:\windows\system32\shcore.dll
0x00007ffdda390000 - 0x00007ffdda3db000 	C:\windows\system32\powrprof.dll
0x00007ffdda400000 - 0x00007ffdda414000 	C:\windows\system32\profapi.dll

VM Arguments:
jvm_args: -Djava.awt.headless=true -Xmx1024M -Dfile.encoding=GBK -Duser.country=CN -Duser.language=zh -Duser.variant 
java_command: com.android.dx.command.Main --dex --num-threads=4 --output C:\Users\lee\OneDrive\Documents\AndroidStudioProjects\MyApplication\JimeiBarcode_Android\build\intermediates\pre-dexed\release\com.android.support-support-compat-24.2.1_a3c0660969fc71dc6e44ab06c9f203748d057951.jar C:\Users\lee\OneDrive\Documents\AndroidStudioProjects\MyApplication\JimeiBarcode_Android\build\intermediates\exploded-aar\com.android.support\support-compat\24.2.1\jars\classes.jar
java_class_path (initial): D:\Android\Sdk\build-tools\24.0.0\lib\dx.jar
Launcher Type: SUN_STANDARD

Environment Variables:
PATH=C:\ProgramData\Oracle\Java\javapath;C:\windows\system32;C:\windows;C:\windows\System32\Wbem;C:\windows\System32\WindowsPowerShell\v1.0\;C:\Program Files (x86)\Microsoft SQL Server\90\Tools\binn\;D:\Program Files (x86)\Android\android-sdk\platform-tools;D:\Program Files (x86)\Android\android-sdk\tools;C:\Users\lee\.dnx\bin;C:\Program Files\Microsoft DNX\Dnvm\;C:\Program Files\Microsoft SQL Server\120\Tools\Binn\;C:\Program Files\Git\cmd
USERNAME=lee
OS=Windows_NT
PROCESSOR_IDENTIFIER=Intel64 Family 6 Model 69 Stepping 1, GenuineIntel



---------------  S Y S T E M  ---------------

OS: Windows 10.0 , 64 bit Build 10586 (10.0.10586.589)

CPU:total 4 (2 cores per cpu, 2 threads per core) family 6 model 69 stepping 1, cmov, cx8, fxsr, mmx, sse, sse2, sse3, ssse3, sse4.1, sse4.2, popcnt, avx, avx2, aes, clmul, erms, lzcnt, ht, tsc, tscinvbit, bmi1, bmi2

Memory: 4k page, physical 4133144k(317520k free), swap 10839956k(4212k free)

vm_info: Java HotSpot(TM) 64-Bit Server VM (25.92-b14) for windows-amd64 JRE (1.8.0_92-b14), built on Mar 31 2016 21:03:04 by "java_re" with MS VC++ 10.0 (VS2010)

time: Wed Nov 02 03:56:40 2016
elapsed time: 7 seconds (0d 0h 0m 7s)

