#
# There is insufficient memory for the Java Runtime Environment to continue.
# Native memory allocation (malloc) failed to allocate 1606544 bytes for Chunk::new
# Possible reasons:
#   The system is out of physical RAM or swap space
#   In 32 bit mode, the process size limit was hit
# Possible solutions:
#   Reduce memory load on the system
#   Increase physical memory or swap space
#   Check if swap backing store is full
#   Use 64 bit Java on a 64 bit OS
#   Decrease Java heap size (-Xmx/-Xms)
#   Decrease number of Java threads
#   Decrease Java thread stack sizes (-Xss)
#   Set larger code cache with -XX:ReservedCodeCacheSize=
# This output file may be truncated or incomplete.
#
#  Out of Memory Error (allocation.cpp:390), pid=16060, tid=0x0000000000003e28
#
# JRE version: Java(TM) SE Runtime Environment (8.0_92-b14) (build 1.8.0_92-b14)
# Java VM: Java HotSpot(TM) 64-Bit Server VM (25.92-b14 mixed mode windows-amd64 compressed oops)
# Failed to write core dump. Minidumps are not enabled by default on client versions of Windows
#

---------------  T H R E A D  ---------------

Current thread (0x00000000153aa000):  JavaThread "C2 CompilerThread0" daemon [_thread_in_native, id=15912, stack(0x00000000168a0000,0x00000000169a0000)]

Stack: [0x00000000168a0000,0x00000000169a0000]
[error occurred during error reporting (printing stack bounds), id 0xc0000005]

Native frames: (J=compiled Java code, j=interpreted, Vv=VM code, C=native code)


Current CompileTask:
C2:   2820 1351   !   4       com.android.dx.cf.cst.ConstantPoolParser::parse0 (731 bytes)


---------------  P R O C E S S  ---------------

Java Threads: ( => current thread )
  0x0000000016c5d800 JavaThread "pool-2-thread-4" [_thread_in_Java, id=15736, stack(0x00000000175a0000,0x00000000176a0000)]
  0x0000000016c1f000 JavaThread "pool-2-thread-3" [_thread_blocked, id=15604, stack(0x00000000174a0000,0x00000000175a0000)]
  0x0000000016c1e000 JavaThread "pool-2-thread-2" [_thread_blocked, id=15512, stack(0x00000000173a0000,0x00000000174a0000)]
  0x0000000016c1a800 JavaThread "pool-3-thread-1" [_thread_blocked, id=15952, stack(0x00000000172a0000,0x00000000173a0000)]
  0x0000000016c1a000 JavaThread "pool-2-thread-1" [_thread_blocked, id=16284, stack(0x00000000171a0000,0x00000000172a0000)]
  0x0000000016a1b000 JavaThread "Service Thread" daemon [_thread_blocked, id=15764, stack(0x0000000016fa0000,0x00000000170a0000)]
  0x00000000169a1000 JavaThread "C1 CompilerThread2" daemon [_thread_blocked, id=16236, stack(0x0000000016ea0000,0x0000000016fa0000)]
  0x00000000153ac800 JavaThread "C2 CompilerThread1" daemon [_thread_in_native, id=16112, stack(0x0000000016da0000,0x0000000016ea0000)]
=>0x00000000153aa000 JavaThread "C2 CompilerThread0" daemon [_thread_in_native, id=15912, stack(0x00000000168a0000,0x00000000169a0000)]
  0x000000001535c000 JavaThread "Attach Listener" daemon [_thread_blocked, id=15904, stack(0x00000000167a0000,0x00000000168a0000)]
  0x00000000153a9800 JavaThread "Signal Dispatcher" daemon [_thread_blocked, id=15860, stack(0x00000000166a0000,0x00000000167a0000)]
  0x000000001533a800 JavaThread "Finalizer" daemon [_thread_blocked, id=15720, stack(0x00000000165a0000,0x00000000166a0000)]
  0x0000000002c6f000 JavaThread "Reference Handler" daemon [_thread_blocked, id=15740, stack(0x00000000164a0000,0x00000000165a0000)]
  0x0000000002b80800 JavaThread "main" [_thread_in_Java, id=16140, stack(0x0000000002920000,0x0000000002a20000)]

Other Threads:
  0x0000000015318000 VMThread [stack: 0x00000000163a0000,0x00000000164a0000] [id=15540]
  0x0000000016a56800 WatcherThread [stack: 0x00000000170a0000,0x00000000171a0000] [id=15564]

VM state:not at safepoint (normal execution)

VM Mutex/Monitor currently owned by a thread: None

Heap:
 PSYoungGen      total 35328K, used 23055K [0x00000000eab00000, 0x00000000ed000000, 0x0000000100000000)
  eden space 32768K, 62% used [0x00000000eab00000,0x00000000ebf06920,0x00000000ecb00000)
  from space 2560K, 99% used [0x00000000ecd80000,0x00000000ecffd408,0x00000000ed000000)
  to   space 2560K, 0% used [0x00000000ecb00000,0x00000000ecb00000,0x00000000ecd80000)
 ParOldGen       total 44032K, used 8156K [0x00000000c0000000, 0x00000000c2b00000, 0x00000000eab00000)
  object space 44032K, 18% used [0x00000000c0000000,0x00000000c07f7368,0x00000000c2b00000)
 Metaspace       used 6237K, capacity 7094K, committed 7296K, reserved 1056768K
  class space    used 608K, capacity 622K, committed 640K, reserved 1048576K

Card table byte_map: [0x0000000012040000,0x0000000012250000] byte_map_base: 0x0000000011a40000

Marking Bits: (ParMarkBitMap*) 0x0000000069a264f0
 Begin Bits: [0x00000000127b0000, 0x00000000137b0000)
 End Bits:   [0x00000000137b0000, 0x00000000147b0000)

Polling page: 0x0000000000b40000

CodeCache: size=245760Kb used=6118Kb max_used=6118Kb free=239641Kb
 bounds [0x0000000002c80000, 0x0000000003290000, 0x0000000011c80000]
 total_blobs=1777 nmethods=1506 adapters=184
 compilation: enabled

Compilation events (10 events):
Event: 2.722 Thread 0x00000000169a1000 1520       2       com.android.dx.ssa.back.FirstFitLocalCombiningAllocator$1::visitPhiInsn (6 bytes)
Event: 2.722 Thread 0x00000000169a1000 nmethod 1520 0x000000000327ded0 code [0x000000000327e040, 0x000000000327e1a8]
Event: 2.722 Thread 0x00000000169a1000 1521       2       com.android.dx.ssa.back.FirstFitLocalCombiningAllocator::processPhiInsn (255 bytes)
Event: 2.724 Thread 0x00000000169a1000 nmethod 1521 0x000000000327e250 code [0x000000000327e500, 0x000000000327f098]
Event: 2.724 Thread 0x00000000169a1000 1523       2       com.android.dx.ssa.back.SsaToRop$PhiVisitor::visitPhiInsn (67 bytes)
Event: 2.725 Thread 0x00000000169a1000 nmethod 1523 0x000000000327cdd0 code [0x000000000327cfc0, 0x000000000327d568]
Event: 2.725 Thread 0x00000000169a1000 1522       2       java.util.Collections$UnmodifiableList::get (11 bytes)
Event: 2.726 Thread 0x00000000169a1000 nmethod 1522 0x000000000327ca50 code [0x000000000327cbc0, 0x000000000327cd48]
Event: 2.726 Thread 0x00000000169a1000 1524       2       com.android.dx.util.ByteArray::getByte (14 bytes)
Event: 2.726 Thread 0x00000000169a1000 nmethod 1524 0x000000000327c5d0 code [0x000000000327c740, 0x000000000327c908]

GC Heap History (8 events):
Event: 0.704 GC heap before
{Heap before GC invocations=1 (full 0):
 PSYoungGen      total 18944K, used 16384K [0x00000000eab00000, 0x00000000ec000000, 0x0000000100000000)
  eden space 16384K, 100% used [0x00000000eab00000,0x00000000ebb00000,0x00000000ebb00000)
  from space 2560K, 0% used [0x00000000ebd80000,0x00000000ebd80000,0x00000000ec000000)
  to   space 2560K, 0% used [0x00000000ebb00000,0x00000000ebb00000,0x00000000ebd80000)
 ParOldGen       total 44032K, used 0K [0x00000000c0000000, 0x00000000c2b00000, 0x00000000eab00000)
  object space 44032K, 0% used [0x00000000c0000000,0x00000000c0000000,0x00000000c2b00000)
 Metaspace       used 3461K, capacity 4720K, committed 4864K, reserved 1056768K
  class space    used 375K, capacity 424K, committed 512K, reserved 1048576K
Event: 0.707 GC heap after
Heap after GC invocations=1 (full 0):
 PSYoungGen      total 18944K, used 1157K [0x00000000eab00000, 0x00000000ec000000, 0x0000000100000000)
  eden space 16384K, 0% used [0x00000000eab00000,0x00000000eab00000,0x00000000ebb00000)
  from space 2560K, 45% used [0x00000000ebb00000,0x00000000ebc215f0,0x00000000ebd80000)
  to   space 2560K, 0% used [0x00000000ebd80000,0x00000000ebd80000,0x00000000ec000000)
 ParOldGen       total 44032K, used 8K [0x00000000c0000000, 0x00000000c2b00000, 0x00000000eab00000)
  object space 44032K, 0% used [0x00000000c0000000,0x00000000c0002000,0x00000000c2b00000)
 Metaspace       used 3461K, capacity 4720K, committed 4864K, reserved 1056768K
  class space    used 375K, capacity 424K, committed 512K, reserved 1048576K
}
Event: 1.634 GC heap before
{Heap before GC invocations=2 (full 0):
 PSYoungGen      total 18944K, used 17541K [0x00000000eab00000, 0x00000000ec000000, 0x0000000100000000)
  eden space 16384K, 100% used [0x00000000eab00000,0x00000000ebb00000,0x00000000ebb00000)
  from space 2560K, 45% used [0x00000000ebb00000,0x00000000ebc215f0,0x00000000ebd80000)
  to   space 2560K, 0% used [0x00000000ebd80000,0x00000000ebd80000,0x00000000ec000000)
 ParOldGen       total 44032K, used 8K [0x00000000c0000000, 0x00000000c2b00000, 0x00000000eab00000)
  object space 44032K, 0% used [0x00000000c0000000,0x00000000c0002000,0x00000000c2b00000)
 Metaspace       used 5967K, capacity 6836K, committed 7040K, reserved 1056768K
  class space    used 605K, capacity 620K, committed 640K, reserved 1048576K
Event: 1.649 GC heap after
Heap after GC invocations=2 (full 0):
 PSYoungGen      total 18944K, used 2550K [0x00000000eab00000, 0x00000000ec000000, 0x0000000100000000)
  eden space 16384K, 0% used [0x00000000eab00000,0x00000000eab00000,0x00000000ebb00000)
  from space 2560K, 99% used [0x00000000ebd80000,0x00000000ebffd860,0x00000000ec000000)
  to   space 2560K, 0% used [0x00000000ebb00000,0x00000000ebb00000,0x00000000ebd80000)
 ParOldGen       total 44032K, used 2487K [0x00000000c0000000, 0x00000000c2b00000, 0x00000000eab00000)
  object space 44032K, 5% used [0x00000000c0000000,0x00000000c026dff8,0x00000000c2b00000)
 Metaspace       used 5967K, capacity 6836K, committed 7040K, reserved 1056768K
  class space    used 605K, capacity 620K, committed 640K, reserved 1048576K
}
Event: 2.161 GC heap before
{Heap before GC invocations=3 (full 0):
 PSYoungGen      total 18944K, used 18934K [0x00000000eab00000, 0x00000000ec000000, 0x0000000100000000)
  eden space 16384K, 100% used [0x00000000eab00000,0x00000000ebb00000,0x00000000ebb00000)
  from space 2560K, 99% used [0x00000000ebd80000,0x00000000ebffd860,0x00000000ec000000)
  to   space 2560K, 0% used [0x00000000ebb00000,0x00000000ebb00000,0x00000000ebd80000)
 ParOldGen       total 44032K, used 2487K [0x00000000c0000000, 0x00000000c2b00000, 0x00000000eab00000)
  object space 44032K, 5% used [0x00000000c0000000,0x00000000c026dff8,0x00000000c2b00000)
 Metaspace       used 6153K, capacity 7030K, committed 7296K, reserved 1056768K
  class space    used 608K, capacity 622K, committed 640K, reserved 1048576K
Event: 2.194 GC heap after
Heap after GC invocations=3 (full 0):
 PSYoungGen      total 18944K, used 2529K [0x00000000eab00000, 0x00000000ed000000, 0x0000000100000000)
  eden space 16384K, 0% used [0x00000000eab00000,0x00000000eab00000,0x00000000ebb00000)
  from space 2560K, 98% used [0x00000000ebb00000,0x00000000ebd78648,0x00000000ebd80000)
  to   space 2560K, 0% used [0x00000000ecd80000,0x00000000ecd80000,0x00000000ed000000)
 ParOldGen       total 44032K, used 5520K [0x00000000c0000000, 0x00000000c2b00000, 0x00000000eab00000)
  object space 44032K, 12% used [0x00000000c0000000,0x00000000c05641a0,0x00000000c2b00000)
 Metaspace       used 6153K, capacity 7030K, committed 7296K, reserved 1056768K
  class space    used 608K, capacity 622K, committed 640K, reserved 1048576K
}
Event: 2.459 GC heap before
{Heap before GC invocations=4 (full 0):
 PSYoungGen      total 18944K, used 18913K [0x00000000eab00000, 0x00000000ed000000, 0x0000000100000000)
  eden space 16384K, 100% used [0x00000000eab00000,0x00000000ebb00000,0x00000000ebb00000)
  from space 2560K, 98% used [0x00000000ebb00000,0x00000000ebd78648,0x00000000ebd80000)
  to   space 2560K, 0% used [0x00000000ecd80000,0x00000000ecd80000,0x00000000ed000000)
 ParOldGen       total 44032K, used 5520K [0x00000000c0000000, 0x00000000c2b00000, 0x00000000eab00000)
  object space 44032K, 12% used [0x00000000c0000000,0x00000000c05641a0,0x00000000c2b00000)
 Metaspace       used 6182K, capacity 7030K, committed 7296K, reserved 1056768K
  class space    used 608K, capacity 622K, committed 640K, reserved 1048576K
Event: 2.488 GC heap after
Heap after GC invocations=4 (full 0):
 PSYoungGen      total 35328K, used 2549K [0x00000000eab00000, 0x00000000ed000000, 0x0000000100000000)
  eden space 32768K, 0% used [0x00000000eab00000,0x00000000eab00000,0x00000000ecb00000)
  from space 2560K, 99% used [0x00000000ecd80000,0x00000000ecffd408,0x00000000ed000000)
  to   space 2560K, 0% used [0x00000000ecb00000,0x00000000ecb00000,0x00000000ecd80000)
 ParOldGen       total 44032K, used 8156K [0x00000000c0000000, 0x00000000c2b00000, 0x00000000eab00000)
  object space 44032K, 18% used [0x00000000c0000000,0x00000000c07f7368,0x00000000c2b00000)
 Metaspace       used 6182K, capacity 7030K, committed 7296K, reserved 1056768K
  class space    used 608K, capacity 622K, committed 640K, reserved 1048576K
}

Deoptimization events (10 events):
Event: 1.669 Thread 0x0000000016c1f000 Uncommon trap: reason=null_check action=make_not_entrant pc=0x0000000002fa38b8 method=com.android.dx.rop.type.Type.equals(Ljava/lang/Object;)Z @ 8
Event: 1.879 Thread 0x0000000016c5d800 Uncommon trap: reason=unstable_if action=reinterpret pc=0x00000000030d0878 method=com.android.dx.cf.code.Ropper.labelToResultIndex(I)I @ 34
Event: 1.879 Thread 0x0000000016c5d800 Uncommon trap: reason=class_check action=maybe_recompile pc=0x0000000002fe1568 method=com.android.dx.rop.type.Type.equals(Ljava/lang/Object;)Z @ 8
Event: 1.879 Thread 0x0000000016c5d800 Uncommon trap: reason=class_check action=maybe_recompile pc=0x0000000002fe1568 method=com.android.dx.rop.type.Type.equals(Ljava/lang/Object;)Z @ 8
Event: 1.880 Thread 0x0000000016c5d800 Uncommon trap: reason=class_check action=maybe_recompile pc=0x0000000002fe1568 method=com.android.dx.rop.type.Type.equals(Ljava/lang/Object;)Z @ 8
Event: 1.891 Thread 0x0000000016c5d800 Uncommon trap: reason=class_check action=maybe_recompile pc=0x0000000003094b10 method=com.android.dx.rop.type.Type.equals(Ljava/lang/Object;)Z @ 8
Event: 2.209 Thread 0x0000000002b80800 Uncommon trap: reason=unstable_if action=reinterpret pc=0x0000000002f8e59c method=com.android.dx.rop.cst.Constant.compareTo(Lcom/android/dx/rop/cst/Constant;)I @ 12
Event: 2.326 Thread 0x0000000016c1e000 Uncommon trap: reason=class_check action=maybe_recompile pc=0x0000000002fa2860 method=com.android.dx.rop.type.Type.equals(Ljava/lang/Object;)Z @ 8
Event: 2.442 Thread 0x0000000016c1e000 Uncommon trap: reason=unstable_if action=reinterpret pc=0x00000000031dee44 method=com.android.dx.ssa.SCCP.simulateStmt(Lcom/android/dx/ssa/SsaInsn;)V @ 59
Event: 2.543 Thread 0x0000000016c1a000 Uncommon trap: reason=null_check action=make_not_entrant pc=0x0000000002fd6b00 method=com.android.dx.ssa.SsaRenamer.getLocalForNewReg(I)Lcom/android/dx/rop/code/LocalItem; @ 19

Internal exceptions (4 events):
Event: 0.159 Thread 0x0000000002b80800 Exception <a 'java/lang/NoSuchMethodError': Method sun.misc.Unsafe.defineClass(Ljava/lang/String;[BII)Ljava/lang/Class; name or signature does not match> (0x00000000eab07cc0) thrown at [D:\re\workspace\8-2-build-windows-amd64-cygwin\jdk8u92\6642\hotspot\srÅ*O§'ZÄ?
Event: 0.159 Thread 0x0000000002b80800 Exception <a 'java/lang/NoSuchMethodError': Method sun.misc.Unsafe.prefetchRead(Ljava/lang/Object;J)V name or signature does not match> (0x00000000eab07fa8) thrown at [D:\re\workspace\8-2-build-windows-amd64-cygwin\jdk8u92\6642\hotspot\src\share\vm\prims\jýÅsŸ¶ú?
Event: 1.669 Thread 0x0000000016c1f000 Implicit null exception at 0x0000000002fa37a2 to 0x0000000002fa38a9
Event: 2.543 Thread 0x0000000016c1a000 Implicit null exception at 0x0000000002fd4942 to 0x0000000002fd6abd

Events (10 events):
Event: 2.326 Thread 0x0000000016c1e000 DEOPT PACKING pc=0x0000000002fa2860 sp=0x000000001749e360
Event: 2.326 Thread 0x0000000016c1e000 DEOPT UNPACKING pc=0x0000000002cc582a sp=0x000000001749e140 mode 2
Event: 2.442 Thread 0x0000000016c1e000 Uncommon trap: trap_request=0xffffff65 fr.pc=0x00000000031dee44
Event: 2.442 Thread 0x0000000016c1e000 DEOPT PACKING pc=0x00000000031dee44 sp=0x000000001749e680
Event: 2.442 Thread 0x0000000016c1e000 DEOPT UNPACKING pc=0x0000000002cc582a sp=0x000000001749e668 mode 2
Event: 2.444 Executing VM operation: ParallelGCFailedAllocation
Event: 2.489 Executing VM operation: ParallelGCFailedAllocation done
Event: 2.543 Thread 0x0000000016c1a000 Uncommon trap: trap_request=0xfffffff4 fr.pc=0x0000000002fd6b00
Event: 2.543 Thread 0x0000000016c1a000 DEOPT PACKING pc=0x0000000002fd6b00 sp=0x000000001729ec90
Event: 2.543 Thread 0x0000000016c1a000 DEOPT UNPACKING pc=0x0000000002cc582a sp=0x000000001729eae8 mode 2


Dynamic libraries:
0x00007ff78ef40000 - 0x00007ff78ef77000 	D:\Program Files\Java\jdk1.8.0_92\bin\java.exe
0x00007ffefe300000 - 0x00007ffefe4c1000 	C:\WINDOWS\SYSTEM32\ntdll.dll
0x00007ffefb9d0000 - 0x00007ffefba7d000 	C:\WINDOWS\system32\KERNEL32.DLL
0x00007ffefadc0000 - 0x00007ffefafa8000 	C:\WINDOWS\system32\KERNELBASE.dll
0x00007ffefcaf0000 - 0x00007ffefcb97000 	C:\WINDOWS\system32\ADVAPI32.dll
0x00007ffefc420000 - 0x00007ffefc4bd000 	C:\WINDOWS\system32\msvcrt.dll
0x00007ffefc8f0000 - 0x00007ffefc94b000 	C:\WINDOWS\system32\sechost.dll
0x00007ffefb700000 - 0x00007ffefb81c000 	C:\WINDOWS\system32\RPCRT4.dll
0x00007ffefba80000 - 0x00007ffefbbd6000 	C:\WINDOWS\system32\USER32.dll
0x00007ffefb820000 - 0x00007ffefb9a6000 	C:\WINDOWS\system32\GDI32.dll
0x00007ffeecd60000 - 0x00007ffeecfd4000 	C:\WINDOWS\WinSxS\amd64_microsoft.windows.common-controls_6595b64144ccf1df_6.0.10586.494_none_a2d8b04ea53e3145\COMCTL32.dll
0x00007ffefc1a0000 - 0x00007ffefc41d000 	C:\WINDOWS\system32\combase.dll
0x00007ffefafb0000 - 0x00007ffefb01a000 	C:\WINDOWS\system32\bcryptPrimitives.dll
0x00007ffefc000000 - 0x00007ffefc03b000 	C:\WINDOWS\system32\IMM32.DLL
0x0000000068da0000 - 0x0000000068e72000 	D:\Program Files\Java\jdk1.8.0_92\jre\bin\msvcr100.dll
0x0000000069210000 - 0x0000000069aa6000 	D:\Program Files\Java\jdk1.8.0_92\jre\bin\server\jvm.dll
0x00007ffefcd30000 - 0x00007ffefcd38000 	C:\WINDOWS\system32\PSAPI.DLL
0x00007ffeeb460000 - 0x00007ffeeb469000 	C:\WINDOWS\SYSTEM32\WSOCK32.dll
0x00007ffefcba0000 - 0x00007ffefcc0b000 	C:\WINDOWS\system32\WS2_32.dll
0x00007ffef8ba0000 - 0x00007ffef8bc3000 	C:\WINDOWS\SYSTEM32\WINMM.dll
0x00007ffeec2a0000 - 0x00007ffeec2aa000 	C:\WINDOWS\SYSTEM32\VERSION.dll
0x00007ffef8b40000 - 0x00007ffef8b6c000 	C:\WINDOWS\SYSTEM32\WINMMBASE.dll
0x00007ffefacb0000 - 0x00007ffefacf3000 	C:\WINDOWS\system32\cfgmgr32.dll
0x0000000069b10000 - 0x0000000069b1f000 	D:\Program Files\Java\jdk1.8.0_92\jre\bin\verify.dll
0x00000000691e0000 - 0x0000000069209000 	D:\Program Files\Java\jdk1.8.0_92\jre\bin\java.dll
0x00000000691c0000 - 0x00000000691d6000 	D:\Program Files\Java\jdk1.8.0_92\jre\bin\zip.dll
0x00007ffefcd40000 - 0x00007ffefe29c000 	C:\WINDOWS\system32\SHELL32.dll
0x00007ffefb020000 - 0x00007ffefb665000 	C:\WINDOWS\system32\windows.storage.dll
0x00007ffefc950000 - 0x00007ffefc9a2000 	C:\WINDOWS\system32\shlwapi.dll
0x00007ffefa970000 - 0x00007ffefa97f000 	C:\WINDOWS\system32\kernel.appcore.dll
0x00007ffefad00000 - 0x00007ffefadb5000 	C:\WINDOWS\system32\shcore.dll
0x00007ffefa920000 - 0x00007ffefa96b000 	C:\WINDOWS\system32\powrprof.dll
0x00007ffefa980000 - 0x00007ffefa994000 	C:\WINDOWS\system32\profapi.dll

VM Arguments:
jvm_args: -Djava.awt.headless=true -Xmx1024M -Dfile.encoding=GBK -Duser.country=CN -Duser.language=zh -Duser.variant 
java_command: com.android.dx.command.Main --dex --force-jumbo --num-threads=4 --multi-dex --output C:\Users\lee\AndroidStudioProjects\MyApplication\app\build\intermediates\transforms\dex\debug\folders\1000\10\com.android.support-support-v4-24.1.1_2b95fcab8047dab42dbdf54092e29a186a6d270d C:\Users\lee\AndroidStudioProjects\MyApplication\app\build\intermediates\exploded-aar\com.android.support\support-v4\24.1.1\jars\classes.jar
java_class_path (initial): C:\Users\lee\AppData\Local\Android\Sdk\build-tools\24.0.0\lib\dx.jar
Launcher Type: SUN_STANDARD

Environment Variables:
PATH=C:\ProgramData\Oracle\Java\javapath;C:\WINDOWS\system32;C:\WINDOWS;C:\WINDOWS\System32\Wbem;C:\WINDOWS\System32\WindowsPowerShell\v1.0\;C:\Program Files (x86)\Microsoft SQL Server\90\Tools\binn\;D:\Program Files (x86)\Android\android-sdk\platform-tools;D:\Program Files (x86)\Android\android-sdk\tools
USERNAME=lee
OS=Windows_NT
PROCESSOR_IDENTIFIER=Intel64 Family 6 Model 69 Stepping 1, GenuineIntel



---------------  S Y S T E M  ---------------

OS: Windows 10.0 , 64 bit Build 10586 (10.0.10586.0)

CPU:total 4 (2 cores per cpu, 2 threads per core) family 6 model 69 stepping 1, cmov, cx8, fxsr, mmx, sse, sse2, sse3, ssse3, sse4.1, sse4.2, popcnt, avx, avx2, aes, clmul, erms, lzcnt, ht, tsc, tscinvbit, bmi1, bmi2

Memory: 4k page, physical 4133144k(408940k free), swap 9439292k(5152k free)

vm_info: Java HotSpot(TM) 64-Bit Server VM (25.92-b14) for windows-amd64 JRE (1.8.0_92-b14), built on Mar 31 2016 21:03:04 by "java_re" with MS VC++ 10.0 (VS2010)

time: Fri Sep 09 15:15:41 2016
elapsed time: 2 seconds (0d 0h 0m 2s)

