#
# There is insufficient memory for the Java Runtime Environment to continue.
# Native memory allocation (malloc) failed to allocate 32744 bytes for ChunkPool::allocate
# Possible reasons:
#   The system is out of physical RAM or swap space
#   In 32 bit mode, the process size limit was hit
# Possible solutions:
#   Reduce memory load on the system
#   Increase physical memory or swap space
#   Check if swap backing store is full
#   Use 64 bit Java on a 64 bit OS
#   Decrease Java heap size (-Xmx/-Xms)
#   Decrease number of Java threads
#   Decrease Java thread stack sizes (-Xss)
#   Set larger code cache with -XX:ReservedCodeCacheSize=
# This output file may be truncated or incomplete.
#
#  Out of Memory Error (allocation.cpp:273), pid=15424, tid=0x0000000000003cd0
#
# JRE version: Java(TM) SE Runtime Environment (8.0_92-b14) (build 1.8.0_92-b14)
# Java VM: Java HotSpot(TM) 64-Bit Server VM (25.92-b14 mixed mode windows-amd64 compressed oops)
# Failed to write core dump. Minidumps are not enabled by default on client versions of Windows
#

---------------  T H R E A D  ---------------

Current thread (0x0000000014dad800):  JavaThread "C2 CompilerThread1" daemon [_thread_in_native, id=15568, stack(0x00000000167a0000,0x00000000168a0000)]

Stack: [0x00000000167a0000,0x00000000168a0000]
[error occurred during error reporting (printing stack bounds), id 0xc0000005]

Native frames: (J=compiled Java code, j=interpreted, Vv=VM code, C=native code)


Current CompileTask:
C2:   3542 1338       4       com.android.dx.ssa.LocalVariableExtractor::processBlock (383 bytes)


---------------  P R O C E S S  ---------------

Java Threads: ( => current thread )
  0x000000001655d800 JavaThread "pool-2-thread-3" [_thread_in_Java, id=16104, stack(0x0000000016ea0000,0x0000000016fa0000)]
  0x000000001655a000 JavaThread "pool-3-thread-1" [_thread_blocked, id=13980, stack(0x0000000016ca0000,0x0000000016da0000)]
  0x0000000016401000 JavaThread "Service Thread" daemon [_thread_blocked, id=12764, stack(0x00000000169a0000,0x0000000016aa0000)]
  0x00000000163f7800 JavaThread "C1 CompilerThread2" daemon [_thread_blocked, id=12064, stack(0x00000000168a0000,0x00000000169a0000)]
=>0x0000000014dad800 JavaThread "C2 CompilerThread1" daemon [_thread_in_native, id=15568, stack(0x00000000167a0000,0x00000000168a0000)]
  0x0000000014dab000 JavaThread "C2 CompilerThread0" daemon [_thread_in_native, id=16368, stack(0x00000000162a0000,0x00000000163a0000)]
  0x0000000014da9000 JavaThread "Attach Listener" daemon [_thread_blocked, id=7652, stack(0x00000000161a0000,0x00000000162a0000)]
  0x0000000014d5e000 JavaThread "Signal Dispatcher" daemon [_thread_blocked, id=13476, stack(0x00000000160a0000,0x00000000161a0000)]
  0x0000000014d3a800 JavaThread "Finalizer" daemon [_thread_blocked, id=15852, stack(0x0000000015fa0000,0x00000000160a0000)]
  0x000000000266f000 JavaThread "Reference Handler" daemon [_thread_blocked, id=15496, stack(0x0000000015ea0000,0x0000000015fa0000)]
  0x0000000002580800 JavaThread "main" [_thread_blocked, id=16320, stack(0x0000000002480000,0x0000000002580000)]

Other Threads:
  0x0000000014d18000 VMThread [stack: 0x0000000015da0000,0x0000000015ea0000] [id=15864]
  0x000000001644b000 WatcherThread [stack: 0x0000000016aa0000,0x0000000016ba0000] [id=16380]

VM state:not at safepoint (normal execution)

VM Mutex/Monitor currently owned by a thread: None

Heap:
 PSYoungGen      total 18944K, used 9873K [0x00000000eab00000, 0x00000000ed000000, 0x0000000100000000)
  eden space 16384K, 44% used [0x00000000eab00000,0x00000000eb229ba0,0x00000000ebb00000)
  from space 2560K, 99% used [0x00000000ebb00000,0x00000000ebd7a9a0,0x00000000ebd80000)
  to   space 2560K, 0% used [0x00000000ecd80000,0x00000000ecd80000,0x00000000ed000000)
 ParOldGen       total 44032K, used 8203K [0x00000000c0000000, 0x00000000c2b00000, 0x00000000eab00000)
  object space 44032K, 18% used [0x00000000c0000000,0x00000000c0802fa0,0x00000000c2b00000)
 Metaspace       used 6111K, capacity 6968K, committed 7040K, reserved 1056768K
  class space    used 605K, capacity 624K, committed 640K, reserved 1048576K

Card table byte_map: [0x0000000011a40000,0x0000000011c50000] byte_map_base: 0x0000000011440000

Marking Bits: (ParMarkBitMap*) 0x0000000069a264f0
 Begin Bits: [0x00000000121b0000, 0x00000000131b0000)
 End Bits:   [0x00000000131b0000, 0x00000000141b0000)

Polling page: 0x0000000000870000

CodeCache: size=245760Kb used=5370Kb max_used=5370Kb free=240389Kb
 bounds [0x0000000002680000, 0x0000000002bd0000, 0x0000000011680000]
 total_blobs=1602 nmethods=1331 adapters=184
 compilation: enabled

Compilation events (10 events):
Event: 3.418 Thread 0x00000000163f7800 1344       2       com.android.dx.rop.cst.CstBaseMethodRef::isClassInit (8 bytes)
Event: 3.418 Thread 0x00000000163f7800 nmethod 1344 0x0000000002bb6a10 code [0x0000000002bb6b80, 0x0000000002bb6d28]
Event: 3.419 Thread 0x00000000163f7800 1345       2       com.android.dx.rop.code.Rops::pickIf (154 bytes)
Event: 3.420 Thread 0x00000000163f7800 nmethod 1345 0x0000000002bbdbd0 code [0x0000000002bbdde0, 0x0000000002bbe418]
Event: 3.422 Thread 0x00000000163f7800 1346       2       com.android.dx.ssa.SsaMethod::onInsnsChanged (16 bytes)
Event: 3.423 Thread 0x00000000163f7800 nmethod 1346 0x0000000002bb6690 code [0x0000000002bb67e0, 0x0000000002bb6970]
Event: 3.425 Thread 0x00000000163f7800 1347       2       com.android.dx.rop.cst.CstLong::getType (4 bytes)
Event: 3.425 Thread 0x00000000163f7800 nmethod 1347 0x0000000002bbd890 code [0x0000000002bbd9e0, 0x0000000002bbdb30]
Event: 3.432 Thread 0x00000000163f7800 1348       1       com.android.dx.rop.code.LocalItem::getName (5 bytes)
Event: 3.432 Thread 0x00000000163f7800 nmethod 1348 0x0000000002bbd5d0 code [0x0000000002bbd720, 0x0000000002bbd830]

GC Heap History (6 events):
Event: 2.264 GC heap before
{Heap before GC invocations=1 (full 0):
 PSYoungGen      total 18944K, used 16384K [0x00000000eab00000, 0x00000000ec000000, 0x0000000100000000)
  eden space 16384K, 100% used [0x00000000eab00000,0x00000000ebb00000,0x00000000ebb00000)
  from space 2560K, 0% used [0x00000000ebd80000,0x00000000ebd80000,0x00000000ec000000)
  to   space 2560K, 0% used [0x00000000ebb00000,0x00000000ebb00000,0x00000000ebd80000)
 ParOldGen       total 44032K, used 0K [0x00000000c0000000, 0x00000000c2b00000, 0x00000000eab00000)
  object space 44032K, 0% used [0x00000000c0000000,0x00000000c0000000,0x00000000c2b00000)
 Metaspace       used 5822K, capacity 6710K, committed 6784K, reserved 1056768K
  class space    used 601K, capacity 622K, committed 640K, reserved 1048576K
Event: 2.273 GC heap after
Heap after GC invocations=1 (full 0):
 PSYoungGen      total 18944K, used 2546K [0x00000000eab00000, 0x00000000ec000000, 0x0000000100000000)
  eden space 16384K, 0% used [0x00000000eab00000,0x00000000eab00000,0x00000000ebb00000)
  from space 2560K, 99% used [0x00000000ebb00000,0x00000000ebd7cab0,0x00000000ebd80000)
  to   space 2560K, 0% used [0x00000000ebd80000,0x00000000ebd80000,0x00000000ec000000)
 ParOldGen       total 44032K, used 2058K [0x00000000c0000000, 0x00000000c2b00000, 0x00000000eab00000)
  object space 44032K, 4% used [0x00000000c0000000,0x00000000c0202870,0x00000000c2b00000)
 Metaspace       used 5822K, capacity 6710K, committed 6784K, reserved 1056768K
  class space    used 601K, capacity 622K, committed 640K, reserved 1048576K
}
Event: 2.833 GC heap before
{Heap before GC invocations=2 (full 0):
 PSYoungGen      total 18944K, used 18930K [0x00000000eab00000, 0x00000000ec000000, 0x0000000100000000)
  eden space 16384K, 100% used [0x00000000eab00000,0x00000000ebb00000,0x00000000ebb00000)
  from space 2560K, 99% used [0x00000000ebb00000,0x00000000ebd7cab0,0x00000000ebd80000)
  to   space 2560K, 0% used [0x00000000ebd80000,0x00000000ebd80000,0x00000000ec000000)
 ParOldGen       total 44032K, used 2058K [0x00000000c0000000, 0x00000000c2b00000, 0x00000000eab00000)
  object space 44032K, 4% used [0x00000000c0000000,0x00000000c0202870,0x00000000c2b00000)
 Metaspace       used 6066K, capacity 6904K, committed 7040K, reserved 1056768K
  class space    used 605K, capacity 624K, committed 640K, reserved 1048576K
Event: 2.889 GC heap after
Heap after GC invocations=2 (full 0):
 PSYoungGen      total 18944K, used 2554K [0x00000000eab00000, 0x00000000ed000000, 0x0000000100000000)
  eden space 16384K, 0% used [0x00000000eab00000,0x00000000eab00000,0x00000000ebb00000)
  from space 2560K, 99% used [0x00000000ebd80000,0x00000000ebffe9c0,0x00000000ec000000)
  to   space 2560K, 0% used [0x00000000ebb00000,0x00000000ebb00000,0x00000000ebd80000)
 ParOldGen       total 44032K, used 4707K [0x00000000c0000000, 0x00000000c2b00000, 0x00000000eab00000)
  object space 44032K, 10% used [0x00000000c0000000,0x00000000c0498cd0,0x00000000c2b00000)
 Metaspace       used 6066K, capacity 6904K, committed 7040K, reserved 1056768K
  class space    used 605K, capacity 624K, committed 640K, reserved 1048576K
}
Event: 3.188 GC heap before
{Heap before GC invocations=3 (full 0):
 PSYoungGen      total 18944K, used 18938K [0x00000000eab00000, 0x00000000ed000000, 0x0000000100000000)
  eden space 16384K, 100% used [0x00000000eab00000,0x00000000ebb00000,0x00000000ebb00000)
  from space 2560K, 99% used [0x00000000ebd80000,0x00000000ebffe9c0,0x00000000ec000000)
  to   space 2560K, 0% used [0x00000000ebb00000,0x00000000ebb00000,0x00000000ebd80000)
 ParOldGen       total 44032K, used 4707K [0x00000000c0000000, 0x00000000c2b00000, 0x00000000eab00000)
  object space 44032K, 10% used [0x00000000c0000000,0x00000000c0498cd0,0x00000000c2b00000)
 Metaspace       used 6102K, capacity 6968K, committed 7040K, reserved 1056768K
  class space    used 605K, capacity 624K, committed 640K, reserved 1048576K
Event: 3.231 GC heap after
Heap after GC invocations=3 (full 0):
 PSYoungGen      total 18944K, used 2538K [0x00000000eab00000, 0x00000000ed000000, 0x0000000100000000)
  eden space 16384K, 0% used [0x00000000eab00000,0x00000000eab00000,0x00000000ebb00000)
  from space 2560K, 99% used [0x00000000ebb00000,0x00000000ebd7a9a0,0x00000000ebd80000)
  to   space 2560K, 0% used [0x00000000ecd80000,0x00000000ecd80000,0x00000000ed000000)
 ParOldGen       total 44032K, used 8203K [0x00000000c0000000, 0x00000000c2b00000, 0x00000000eab00000)
  object space 44032K, 18% used [0x00000000c0000000,0x00000000c0802fa0,0x00000000c2b00000)
 Metaspace       used 6102K, capacity 6968K, committed 7040K, reserved 1056768K
  class space    used 605K, capacity 624K, committed 640K, reserved 1048576K
}

Deoptimization events (8 events):
Event: 2.340 Thread 0x000000001655d800 Uncommon trap: reason=unstable_if action=reinterpret pc=0x00000000029844cc method=com.android.dx.ssa.SsaRenamer$BlockRenamer.addMapping(ILcom/android/dx/rop/code/RegisterSpec;)V @ 120
Event: 2.603 Thread 0x000000001655d800 Uncommon trap: reason=class_check action=maybe_recompile pc=0x0000000002ac79bc method=com.android.dx.ssa.SCCP.setLatticeValueTo(IILcom/android/dx/rop/cst/Constant;)Z @ 43
Event: 2.603 Thread 0x000000001655d800 Uncommon trap: reason=class_check action=maybe_recompile pc=0x0000000002ac79bc method=com.android.dx.ssa.SCCP.setLatticeValueTo(IILcom/android/dx/rop/cst/Constant;)Z @ 43
Event: 2.608 Thread 0x000000001655d800 Uncommon trap: reason=bimorphic action=maybe_recompile pc=0x0000000002899164 method=java.util.HashMap.getNode(ILjava/lang/Object;)Ljava/util/HashMap$Node; @ 126
Event: 2.608 Thread 0x000000001655d800 Uncommon trap: reason=class_check action=maybe_recompile pc=0x0000000002a474fc method=java.util.HashMap.putVal(ILjava/lang/Object;Ljava/lang/Object;ZZ)Ljava/lang/Object; @ 203
Event: 2.627 Thread 0x000000001655d800 Uncommon trap: reason=class_check action=maybe_recompile pc=0x0000000002ac79bc method=com.android.dx.ssa.SCCP.setLatticeValueTo(IILcom/android/dx/rop/cst/Constant;)Z @ 43
Event: 2.633 Thread 0x000000001655d800 Uncommon trap: reason=class_check action=maybe_recompile pc=0x0000000002ac79bc method=com.android.dx.ssa.SCCP.setLatticeValueTo(IILcom/android/dx/rop/cst/Constant;)Z @ 43
Event: 2.889 Thread 0x0000000016552800 Uncommon trap: reason=unstable_if action=reinterpret pc=0x000000000296b2c0 method=com.android.dx.rop.code.RegisterSpec.equals(ILcom/android/dx/rop/type/TypeBearer;Lcom/android/dx/rop/code/LocalItem;)Z @ 42

Internal exceptions (2 events):
Event: 0.235 Thread 0x0000000002580800 Exception <a 'java/lang/NoSuchMethodError': Method sun.misc.Unsafe.defineClass(Ljava/lang/String;[BII)Ljava/lang/Class; name or signature does not match> (0x00000000eab07cc0) thrown at [D:\re\workspace\8-2-build-windows-amd64-cygwin\jdk8u92\6642\hotspot\sr4yòÎ?
Event: 0.235 Thread 0x0000000002580800 Exception <a 'java/lang/NoSuchMethodError': Method sun.misc.Unsafe.prefetchRead(Ljava/lang/Object;J)V name or signature does not match> (0x00000000eab07fa8) thrown at [D:\re\workspace\8-2-build-windows-amd64-cygwin\jdk8u92\6642\hotspot\src\share\vm\prims\j

Events (10 events):
Event: 2.998 Thread 0x0000000016552800 DEOPT UNPACKING pc=0x00000000026c787f sp=0x0000000016c9e330 mode 0
Event: 3.023 loading class com/android/dx/cf/code/SwitchList
Event: 3.023 loading class com/android/dx/cf/code/SwitchList done
Event: 3.143 Thread 0x000000001655c800 DEOPT PACKING pc=0x0000000002972854 sp=0x0000000016e9ec40
Event: 3.143 Thread 0x000000001655c800 DEOPT UNPACKING pc=0x00000000026c787f sp=0x0000000016e9ea08 mode 0
Event: 3.169 Thread 0x000000001655c800 Thread exited: 0x000000001655c800
Event: 3.188 Executing VM operation: ParallelGCFailedAllocation
Event: 3.231 Executing VM operation: ParallelGCFailedAllocation done
Event: 3.309 Thread 0x0000000016552800 Thread exited: 0x0000000016552800
Event: 3.365 Thread 0x0000000016560000 Thread exited: 0x0000000016560000


Dynamic libraries:
0x00007ff78ef40000 - 0x00007ff78ef77000 	D:\Program Files\Java\jdk1.8.0_92\bin\java.exe
0x00007ffefe300000 - 0x00007ffefe4c1000 	C:\WINDOWS\SYSTEM32\ntdll.dll
0x00007ffefb9d0000 - 0x00007ffefba7d000 	C:\WINDOWS\system32\KERNEL32.DLL
0x00007ffefadc0000 - 0x00007ffefafa8000 	C:\WINDOWS\system32\KERNELBASE.dll
0x00007ffefcaf0000 - 0x00007ffefcb97000 	C:\WINDOWS\system32\ADVAPI32.dll
0x00007ffefc420000 - 0x00007ffefc4bd000 	C:\WINDOWS\system32\msvcrt.dll
0x00007ffefc8f0000 - 0x00007ffefc94b000 	C:\WINDOWS\system32\sechost.dll
0x00007ffefb700000 - 0x00007ffefb81c000 	C:\WINDOWS\system32\RPCRT4.dll
0x00007ffefba80000 - 0x00007ffefbbd6000 	C:\WINDOWS\system32\USER32.dll
0x00007ffefb820000 - 0x00007ffefb9a6000 	C:\WINDOWS\system32\GDI32.dll
0x00007ffeecd60000 - 0x00007ffeecfd4000 	C:\WINDOWS\WinSxS\amd64_microsoft.windows.common-controls_6595b64144ccf1df_6.0.10586.494_none_a2d8b04ea53e3145\COMCTL32.dll
0x00007ffefc1a0000 - 0x00007ffefc41d000 	C:\WINDOWS\system32\combase.dll
0x00007ffefafb0000 - 0x00007ffefb01a000 	C:\WINDOWS\system32\bcryptPrimitives.dll
0x00007ffefc000000 - 0x00007ffefc03b000 	C:\WINDOWS\system32\IMM32.DLL
0x0000000068da0000 - 0x0000000068e72000 	D:\Program Files\Java\jdk1.8.0_92\jre\bin\msvcr100.dll
0x0000000069210000 - 0x0000000069aa6000 	D:\Program Files\Java\jdk1.8.0_92\jre\bin\server\jvm.dll
0x00007ffefcd30000 - 0x00007ffefcd38000 	C:\WINDOWS\system32\PSAPI.DLL
0x00007ffeeb460000 - 0x00007ffeeb469000 	C:\WINDOWS\SYSTEM32\WSOCK32.dll
0x00007ffefcba0000 - 0x00007ffefcc0b000 	C:\WINDOWS\system32\WS2_32.dll
0x00007ffef8ba0000 - 0x00007ffef8bc3000 	C:\WINDOWS\SYSTEM32\WINMM.dll
0x00007ffeec2a0000 - 0x00007ffeec2aa000 	C:\WINDOWS\SYSTEM32\VERSION.dll
0x00007ffef8b40000 - 0x00007ffef8b6c000 	C:\WINDOWS\SYSTEM32\WINMMBASE.dll
0x00007ffefacb0000 - 0x00007ffefacf3000 	C:\WINDOWS\system32\cfgmgr32.dll
0x0000000069b10000 - 0x0000000069b1f000 	D:\Program Files\Java\jdk1.8.0_92\jre\bin\verify.dll
0x00000000691e0000 - 0x0000000069209000 	D:\Program Files\Java\jdk1.8.0_92\jre\bin\java.dll
0x00000000691c0000 - 0x00000000691d6000 	D:\Program Files\Java\jdk1.8.0_92\jre\bin\zip.dll
0x00007ffefcd40000 - 0x00007ffefe29c000 	C:\WINDOWS\system32\SHELL32.dll
0x00007ffefb020000 - 0x00007ffefb665000 	C:\WINDOWS\system32\windows.storage.dll
0x00007ffefc950000 - 0x00007ffefc9a2000 	C:\WINDOWS\system32\shlwapi.dll
0x00007ffefa970000 - 0x00007ffefa97f000 	C:\WINDOWS\system32\kernel.appcore.dll
0x00007ffefad00000 - 0x00007ffefadb5000 	C:\WINDOWS\system32\shcore.dll
0x00007ffefa920000 - 0x00007ffefa96b000 	C:\WINDOWS\system32\powrprof.dll
0x00007ffefa980000 - 0x00007ffefa994000 	C:\WINDOWS\system32\profapi.dll

VM Arguments:
jvm_args: -Djava.awt.headless=true -Xmx1024M -Dfile.encoding=GBK -Duser.country=CN -Duser.language=zh -Duser.variant 
java_command: com.android.dx.command.Main --dex --force-jumbo --num-threads=4 --multi-dex --output C:\Users\lee\AndroidStudioProjects\MyApplication\app\build\intermediates\transforms\dex\debug\folders\1000\10\instant-run_d9df482d542c40dc9416d1d1164e61c2fed4ea18 C:\Users\lee\AndroidStudioProjects\MyApplication\app\build\intermediates\incremental-runtime-classes\debug\instant-run.jar
java_class_path (initial): C:\Users\lee\AppData\Local\Android\Sdk\build-tools\24.0.0\lib\dx.jar
Launcher Type: SUN_STANDARD

Environment Variables:
PATH=C:\ProgramData\Oracle\Java\javapath;C:\WINDOWS\system32;C:\WINDOWS;C:\WINDOWS\System32\Wbem;C:\WINDOWS\System32\WindowsPowerShell\v1.0\;C:\Program Files (x86)\Microsoft SQL Server\90\Tools\binn\;D:\Program Files (x86)\Android\android-sdk\platform-tools;D:\Program Files (x86)\Android\android-sdk\tools
USERNAME=lee
OS=Windows_NT
PROCESSOR_IDENTIFIER=Intel64 Family 6 Model 69 Stepping 1, GenuineIntel



---------------  S Y S T E M  ---------------

OS: Windows 10.0 , 64 bit Build 10586 (10.0.10586.0)

CPU:total 4 (2 cores per cpu, 2 threads per core) family 6 model 69 stepping 1, cmov, cx8, fxsr, mmx, sse, sse2, sse3, ssse3, sse4.1, sse4.2, popcnt, avx, avx2, aes, clmul, erms, lzcnt, ht, tsc, tscinvbit, bmi1, bmi2

Memory: 4k page, physical 4133144k(439468k free), swap 9439836k(7636k free)

vm_info: Java HotSpot(TM) 64-Bit Server VM (25.92-b14) for windows-amd64 JRE (1.8.0_92-b14), built on Mar 31 2016 21:03:04 by "java_re" with MS VC++ 10.0 (VS2010)

time: Fri Sep 09 15:16:34 2016
elapsed time: 3 seconds (0d 0h 0m 3s)

